#
# There is insufficient memory for the Java Runtime Environment to continue.
# Native memory allocation (mmap) failed to map 266338304 bytes for G1 virtual space
# Possible reasons:
#   The system is out of physical RAM or swap space
#   The process is running with CompressedOops enabled, and the Java Heap may be blocking the growth of the native heap
# Possible solutions:
#   Reduce memory load on the system
#   Increase physical memory or swap space
#   Check if swap backing store is full
#   Decrease Java heap size (-Xmx/-Xms)
#   Decrease number of Java threads
#   Decrease Java thread stack sizes (-Xss)
#   Set larger code cache with -XX:ReservedCodeCacheSize=
#   JVM is running with Zero Based Compressed Oops mode in which the Java heap is
#     placed in the first 32GB address space. The Java Heap base address is the
#     maximum limit for the native heap growth. Please use -XX:HeapBaseMinAddress
#     to set the Java Heap base and to place the Java Heap above 32GB virtual address.
# This output file may be truncated or incomplete.
#
#  Out of Memory Error (os_windows.cpp:3613), pid=16512, tid=5832
#
# JRE version:  (17.0.10+7) (build )
# Java VM: OpenJDK 64-Bit Server VM (17.0.10+7-LTS, mixed mode, emulated-client, sharing, tiered, compressed oops, compressed class ptrs, g1 gc, windows-amd64)
# No core dump will be written. Minidumps are not enabled by default on client versions of Windows
#

---------------  S U M M A R Y ------------

Command Line: -XX:TieredStopAtLevel=1 -Dspring.output.ansi.enabled=always -Dcom.sun.management.jmxremote -Dspring.jmx.enabled=true -Dspring.liveBeansView.mbeanDomain -Dspring.application.admin.enabled=true -Dmanagement.endpoints.jmx.exposure.include=* -javaagent:C:\Program Files\JetBrains\IntelliJ IDEA 2024.1.6\lib\idea_rt.jar=64953:C:\Program Files\JetBrains\IntelliJ IDEA 2024.1.6\bin -Dfile.encoding=UTF-8 ru.t1.java.demo.T1JavaDemoApplication

Host: 11th Gen Intel(R) Core(TM) i7-11800H @ 2.30GHz, 16 cores, 15G,  Windows 10 , 64 bit Build 19041 (10.0.19041.1741)
Time: Thu Oct  3 15:58:49 2024 RTZ 2 (s 10 , 64 bit Build 19041 (10.0.19041.1741) elapsed time: 0.006552 seconds (0d 0h 0m 0s)

---------------  T H R E A D  ---------------

Current thread (0x000001f290a11970):  JavaThread "Unknown thread" [_thread_in_vm, id=5832, stack(0x0000000dad200000,0x0000000dad300000)]

Stack: [0x0000000dad200000,0x0000000dad300000]
Native frames: (J=compiled Java code, j=interpreted, Vv=VM code, C=native code)
V  [jvm.dll+0x67d2c9]
V  [jvm.dll+0x834b1a]
V  [jvm.dll+0x8365de]
V  [jvm.dll+0x836c43]
V  [jvm.dll+0x2477ff]
V  [jvm.dll+0x67a109]
V  [jvm.dll+0x66eb7a]
V  [jvm.dll+0x30764b]
V  [jvm.dll+0x30eaf6]
V  [jvm.dll+0x35e83e]
V  [jvm.dll+0x35ea6f]
V  [jvm.dll+0x2de248]
V  [jvm.dll+0x2df1b4]
V  [jvm.dll+0x806381]
V  [jvm.dll+0x36c6f1]
V  [jvm.dll+0x7e4e26]
V  [jvm.dll+0x3eff3f]
V  [jvm.dll+0x3f1b71]
C  [jli.dll+0x528f]
C  [ucrtbase.dll+0x21bb2]
C  [KERNEL32.DLL+0x17034]
C  [ntdll.dll+0x52651]


---------------  P R O C E S S  ---------------

Threads class SMR info:
_java_thread_list=0x00007ff94732ee98, length=0, elements={
}

Java Threads: ( => current thread )

Other Threads:
  0x000001f290a7d2d0 GCTaskThread "GC Thread#0" [stack: 0x0000000dad300000,0x0000000dad400000] [id=6164]
  0x000001f290a8ef00 ConcurrentGCThread "G1 Main Marker" [stack: 0x0000000dad400000,0x0000000dad500000] [id=11544]
  0x000001f290a8f830 ConcurrentGCThread "G1 Conc#0" [stack: 0x0000000dad500000,0x0000000dad600000] [id=17252]

[error occurred during error reporting (printing all threads), id 0xc0000005, EXCEPTION_ACCESS_VIOLATION (0xc0000005) at pc=0x00007ff946aeec87]

VM state: not at safepoint (not fully initialized)

VM Mutex/Monitor currently owned by a thread:  ([mutex/lock_event])
[0x000001f290a0cba0] Heap_lock - owner thread: 0x000001f290a11970

Heap address: 0x0000000702400000, size: 4060 MB, Compressed Oops mode: Zero based, Oop shift amount: 3

CDS archive(s) mapped at: [0x0000000000000000-0x0000000000000000-0x0000000000000000), size 0, SharedBaseAddress: 0x0000000800000000, ArchiveRelocationMode: 1.
Narrow klass base: 0x0000000000000000, Narrow klass shift: 0, Narrow klass range: 0x0

GC Precious Log:
<Empty>

Heap:
 garbage-first heap   total 0K, used 0K [0x0000000702400000, 0x0000000800000000)
  region size 2048K, 0 young (0K), 0 survivors (0K)

[error occurred during error reporting (printing heap information), id 0xc0000005, EXCEPTION_ACCESS_VIOLATION (0xc0000005) at pc=0x00007ff946ed6fb9]

GC Heap History (0 events):
No events

Dll operation events (1 events):
Event: 0.004 Loaded shared library C:\Users\Константин\.jdks\corretto-17.0.10\bin\java.dll

Deoptimization events (0 events):
No events

Classes unloaded (0 events):
No events

Classes redefined (0 events):
No events

Internal exceptions (0 events):
No events

VM Operations (0 events):
No events

Events (0 events):
No events


Dynamic libraries:
0x00007ff60d160000 - 0x00007ff60d16e000 	C:\Users\Константин\.jdks\corretto-17.0.10\bin\java.exe
0x00007ff99e170000 - 0x00007ff99e367000 	C:\Windows\SYSTEM32\ntdll.dll
0x00007ff99d1f0000 - 0x00007ff99d2ad000 	C:\Windows\System32\KERNEL32.DLL
0x00007ff99bca0000 - 0x00007ff99bf6d000 	C:\Windows\System32\KERNELBASE.dll
0x00007ff99bf70000 - 0x00007ff99c070000 	C:\Windows\System32\ucrtbase.dll
0x00007ff994470000 - 0x00007ff994487000 	C:\Users\Константин\.jdks\corretto-17.0.10\bin\jli.dll
0x00007ff998010000 - 0x00007ff99802b000 	C:\Users\Константин\.jdks\corretto-17.0.10\bin\VCRUNTIME140.dll
0x00007ff99d360000 - 0x00007ff99d500000 	C:\Windows\System32\USER32.dll
0x00007ff99b9e0000 - 0x00007ff99ba02000 	C:\Windows\System32\win32u.dll
0x00007ff9837b0000 - 0x00007ff983a4a000 	C:\Windows\WinSxS\amd64_microsoft.windows.common-controls_6595b64144ccf1df_6.0.19041.1110_none_60b5254171f9507e\COMCTL32.dll
0x00007ff99d140000 - 0x00007ff99d16a000 	C:\Windows\System32\GDI32.dll
0x00007ff99cdb0000 - 0x00007ff99ce4e000 	C:\Windows\System32\msvcrt.dll
0x00007ff99bb90000 - 0x00007ff99bc9b000 	C:\Windows\System32\gdi32full.dll
0x00007ff99b940000 - 0x00007ff99b9dd000 	C:\Windows\System32\msvcp_win.dll
0x00007ff99ce50000 - 0x00007ff99ce80000 	C:\Windows\System32\IMM32.DLL
0x00007ff998000000 - 0x00007ff99800c000 	C:\Users\Константин\.jdks\corretto-17.0.10\bin\vcruntime140_1.dll
0x00007ff9943e0000 - 0x00007ff99446d000 	C:\Users\Константин\.jdks\corretto-17.0.10\bin\msvcp140.dll
0x00007ff946800000 - 0x00007ff947462000 	C:\Users\Константин\.jdks\corretto-17.0.10\bin\server\jvm.dll
0x00007ff99d870000 - 0x00007ff99d91e000 	C:\Windows\System32\ADVAPI32.dll
0x00007ff99c380000 - 0x00007ff99c41c000 	C:\Windows\System32\sechost.dll
0x00007ff99d5f0000 - 0x00007ff99d715000 	C:\Windows\System32\RPCRT4.dll
0x00007ff99ad70000 - 0x00007ff99adbb000 	C:\Windows\SYSTEM32\POWRPROF.dll
0x00007ff97e810000 - 0x00007ff97e819000 	C:\Windows\SYSTEM32\WSOCK32.dll
0x00007ff99d180000 - 0x00007ff99d1eb000 	C:\Windows\System32\WS2_32.dll
0x00007ff98cb10000 - 0x00007ff98cb37000 	C:\Windows\SYSTEM32\WINMM.dll
0x00007ff9931d0000 - 0x00007ff9931da000 	C:\Windows\SYSTEM32\VERSION.dll
0x00007ff99ac30000 - 0x00007ff99ac42000 	C:\Windows\SYSTEM32\UMPDC.dll
0x00007ff999270000 - 0x00007ff999282000 	C:\Windows\SYSTEM32\kernel.appcore.dll
0x00007ff995180000 - 0x00007ff99518a000 	C:\Users\Константин\.jdks\corretto-17.0.10\bin\jimage.dll
0x00007ff98aa50000 - 0x00007ff98ac34000 	C:\Windows\SYSTEM32\DBGHELP.DLL
0x00007ff973c90000 - 0x00007ff973cbc000 	C:\Windows\SYSTEM32\dbgcore.DLL
0x00007ff99ba80000 - 0x00007ff99bb02000 	C:\Windows\System32\bcryptPrimitives.dll
0x00007ff994680000 - 0x00007ff99468e000 	C:\Users\Константин\.jdks\corretto-17.0.10\bin\instrument.dll
0x00007ff9932b0000 - 0x00007ff9932d5000 	C:\Users\Константин\.jdks\corretto-17.0.10\bin\java.dll

dbghelp: loaded successfully - version: 4.0.5 - missing functions: none
symbol engine: initialized successfully - sym options: 0x614 - pdb path: .;C:\Users\Константин\.jdks\corretto-17.0.10\bin;C:\Windows\SYSTEM32;C:\Windows\WinSxS\amd64_microsoft.windows.common-controls_6595b64144ccf1df_6.0.19041.1110_none_60b5254171f9507e;C:\Users\Константин\.jdks\corretto-17.0.10\bin\server

VM Arguments:
jvm_args: -XX:TieredStopAtLevel=1 -Dspring.output.ansi.enabled=always -Dcom.sun.management.jmxremote -Dspring.jmx.enabled=true -Dspring.liveBeansView.mbeanDomain -Dspring.application.admin.enabled=true -Dmanagement.endpoints.jmx.exposure.include=* -javaagent:C:\Program Files\JetBrains\IntelliJ IDEA 2024.1.6\lib\idea_rt.jar=64953:C:\Program Files\JetBrains\IntelliJ IDEA 2024.1.6\bin -Dfile.encoding=UTF-8 
java_command: ru.t1.java.demo.T1JavaDemoApplication
java_class_path (initial): C:\Users\Константин\dev\test\t1_java_\target\classes;C:\Users\Константин\.m2\repository\org\springframework\boot\spring-boot-starter-actuator\3.3.3\spring-boot-starter-actuator-3.3.3.jar;C:\Users\Константин\.m2\repository\org\springframework\boot\spring-boot-starter\3.3.3\spring-boot-starter-3.3.3.jar;C:\Users\Константин\.m2\repository\org\springframework\boot\spring-boot-starter-logging\3.3.3\spring-boot-starter-logging-3.3.3.jar;C:\Users\Константин\.m2\repository\org\apache\logging\log4j\log4j-to-slf4j\2.23.1\log4j-to-slf4j-2.23.1.jar;C:\Users\Константин\.m2\repository\org\apache\logging\log4j\log4j-api\2.23.1\log4j-api-2.23.1.jar;C:\Users\Константин\.m2\repository\org\slf4j\jul-to-slf4j\2.0.16\jul-to-slf4j-2.0.16.jar;C:\Users\Константин\.m2\repository\jakarta\annotation\jakarta.annotation-api\2.1.1\jakarta.annotation-api-2.1.1.jar;C:\Users\Константин\.m2\repository\org\springframework\boot\spring-boot-actuator-autoconfigure\3.3.3\spring-boot-actuator-autoconfigure-3.3.3.jar;C:\Users\Константин\.m2\repository\org\springframework\boot\spring-boot-actuator\3.3.3\spring-boot-actuator-3.3.3.jar;C:\Users\Константин\.m2\repository\com\fasterxml\jackson\datatype\jackson-datatype-jsr310\2.17.2\jackson-datatype-jsr310-2.17.2.jar;C:\Users\Константин\.m2\repository\io\micrometer\micrometer-observation\1.13.3\micrometer-observation-1.13.3.jar;C:\Users\Константин\.m2\repository\io\micrometer\micrometer-commons\1.13.3\micrometer-commons-1.13.3.jar;C:\Users\Константин\.m2\repository\io\micrometer\micrometer-jakarta9\1.13.3\micrometer-jakarta9-1.13.3.jar;C:\Users\Константин\.m2\repository\io\micrometer\micrometer-core\1.13.3\micrometer-core-1.13.3.jar;C:\Users\Константин\.m2\repository\org\hdrhistogram\HdrHistogram\2.2.2\HdrHistogram-2.2.2.jar;C:\Users\Константин\.m2\repository\org\latencyutils\LatencyUtils\2.0.3\LatencyUtils-2.0.3.jar;C:\Users\Константин\.m2\repository\org\springframework\boot\spring-boot-starter-batch\3.3.3\spring-boot-starter-batch
Launcher Type: SUN_STANDARD

[Global flags]
     intx CICompilerCount                          = 12                                        {product} {ergonomic}
     uint ConcGCThreads                            = 3                                         {product} {ergonomic}
     uint G1ConcRefinementThreads                  = 13                                        {product} {ergonomic}
   size_t G1HeapRegionSize                         = 2097152                                   {product} {ergonomic}
    uintx GCDrainStackTargetSize                   = 64                                        {product} {ergonomic}
   size_t InitialHeapSize                          = 266338304                                 {product} {ergonomic}
     bool ManagementServer                         = true                                      {product} {command line}
   size_t MarkStackSize                            = 4194304                                   {product} {ergonomic}
   size_t MaxHeapSize                              = 4257218560                                {product} {ergonomic}
   size_t MinHeapDeltaBytes                        = 2097152                                   {product} {ergonomic}
   size_t MinHeapSize                              = 8388608                                   {product} {ergonomic}
    uintx NonProfiledCodeHeapSize                  = 0                                      {pd product} {ergonomic}
     bool ProfileInterpreter                       = false                                  {pd product} {command line}
    uintx ProfiledCodeHeapSize                     = 0                                      {pd product} {ergonomic}
   size_t SoftMaxHeapSize                          = 4257218560                             {manageable} {ergonomic}
     intx TieredStopAtLevel                        = 1                                         {product} {command line}
     bool UseCompressedClassPointers               = true                           {product lp64_product} {ergonomic}
     bool UseCompressedOops                        = true                           {product lp64_product} {ergonomic}
     bool UseG1GC                                  = true                                      {product} {ergonomic}
     bool UseLargePagesIndividualAllocation        = false                                  {pd product} {ergonomic}

Logging:
Log output configuration:
 #0: stdout all=warning uptime,level,tags
 #1: stderr all=off uptime,level,tags

Environment Variables:
JAVA_HOME=C:\Program Files\Amazon Corretto\jdk11.0.14_9
PATH=C:\Program Files\Amazon Corretto\jdk11.0.14_9\bin;C:\Program Files\Microsoft MPI\Bin\;C:\Program Files (x86)\Common Files\Oracle\Java\javapath;C:\Windows\system32;C:\Windows;C:\Windows\System32\Wbem;C:\Windows\System32\WindowsPowerShell\v1.0\;c:\Program Files (x86)\Microsoft SQL Server\90\Tools\binn\;C:\Program Files\Microsoft SQL Server\90\DTS\Binn\;C:\Program Files (x86)\Microsoft SQL Server\90\DTS\Binn\;C:\Program Files (x86)\BMC Software\BMC AppSight\AppSight for Windows\Bin;C:\Program Files\PuTTY\;C:\Program Files\Git\cmd;C:\Program Files\apache-maven-3.8.4\bin;C:\Program Files (x86)\NVIDIA Corporation\PhysX\Common;C:\Program Files\Docker\Docker\resources\bin;C:\Program Files\Microsoft VS Code\bin;C:\Program Files\nodejs\;C:\ProgramData\chocolatey\bin;C:\kafka_2.13-3.8.0\bin\windows;C:\Users\Константин\AppData\Local\Microsoft\WindowsApps;C:\msys64\ucrt64\bin;C:\Users\Константин\AppData\Roaming\npm;C:\Program Files\nodejs\;C:\Program Files (x86)\GnuWin32\bin;
USERNAME=Константин
OS=Windows_NT
PROCESSOR_IDENTIFIER=Intel64 Family 6 Model 141 Stepping 1, GenuineIntel
TMP=C:\Temp
TEMP=C:\Temp



Periodic native trim disabled


---------------  S Y S T E M  ---------------

OS:
 Windows 10 , 64 bit Build 19041 (10.0.19041.1741)
OS uptime: 0 days 8:01 hours
Hyper-V role detected

CPU: total 16 (initial active 16) (8 cores per cpu, 2 threads per core) family 6 model 141 stepping 1 microcode 0x3c, cx8, cmov, fxsr, ht, mmx, 3dnowpref, sse, sse2, sse3, ssse3, sse4.1, sse4.2, popcnt, lzcnt, tsc, tscinvbit, avx, avx2, aes, erms, clmul, bmi1, bmi2, adx, avx512f, avx512dq, avx512cd, avx512bw, avx512vl, sha, fma, vzeroupper, avx512_vpopcntdq, avx512_vpclmulqdq, avx512_vaes, avx512_vnni, clflush, clflushopt, clwb, avx512_vbmi2, avx512_vbmi, hv
Processor Information for all 16 processors :
  Max Mhz: 2304, Current Mhz: 2304, Mhz Limit: 2304

Memory: 4k page, system-wide physical 16235M (2195M free)
TotalPageFile size 16235M (AvailPageFile size 35M)
current process WorkingSet (physical memory assigned to process): 10M, peak: 10M
current process commit charge ("private bytes"): 66M, peak: 320M

vm_info: OpenJDK 64-Bit Server VM (17.0.10+7-LTS) for windows-amd64 JRE (17.0.10+7-LTS), built on Jan 10 2024 22:11:07 by "Administrator" with MS VC++ 16.10 / 16.11 (VS2019)

END.
