#
# There is insufficient memory for the Java Runtime Environment to continue.
# Native memory allocation (mmap) failed to map 31457280 bytes for G1 virtual space
# Possible reasons:
#   The system is out of physical RAM or swap space
#   The process is running with CompressedOops enabled, and the Java Heap may be blocking the growth of the native heap
# Possible solutions:
#   Reduce memory load on the system
#   Increase physical memory or swap space
#   Check if swap backing store is full
#   Decrease Java heap size (-Xmx/-Xms)
#   Decrease number of Java threads
#   Decrease Java thread stack sizes (-Xss)
#   Set larger code cache with -XX:ReservedCodeCacheSize=
#   JVM is running with Zero Based Compressed Oops mode in which the Java heap is
#     placed in the first 32GB address space. The Java Heap base address is the
#     maximum limit for the native heap growth. Please use -XX:HeapBaseMinAddress
#     to set the Java Heap base and to place the Java Heap above 32GB virtual address.
# This output file may be truncated or incomplete.
#
#  Out of Memory Error (os_windows.cpp:3613), pid=12392, tid=2692
#
# JRE version: OpenJDK Runtime Environment Corretto-17.0.10.7.1 (17.0.10+7) (build 17.0.10+7-LTS)
# Java VM: OpenJDK 64-Bit Server VM Corretto-17.0.10.7.1 (17.0.10+7-LTS, mixed mode, emulated-client, sharing, tiered, compressed oops, compressed class ptrs, g1 gc, windows-amd64)
# No core dump will be written. Minidumps are not enabled by default on client versions of Windows
#

---------------  S U M M A R Y ------------

Command Line: -XX:TieredStopAtLevel=1 -Dspring.output.ansi.enabled=always -Dcom.sun.management.jmxremote -Dspring.jmx.enabled=true -Dspring.liveBeansView.mbeanDomain -Dspring.application.admin.enabled=true -Dmanagement.endpoints.jmx.exposure.include=* -javaagent:C:\Program Files\JetBrains\IntelliJ IDEA 2024.1.6\lib\idea_rt.jar=65069:C:\Program Files\JetBrains\IntelliJ IDEA 2024.1.6\bin -Dfile.encoding=UTF-8 ru.t1.java.demo.T1JavaDemoApplication

Host: 11th Gen Intel(R) Core(TM) i7-11800H @ 2.30GHz, 16 cores, 15G,  Windows 10 , 64 bit Build 19041 (10.0.19041.1741)
Time: Thu Oct  3 16:01:17 2024 RTZ 2 (s 10 , 64 bit Build 19041 (10.0.19041.1741) elapsed time: 3.499174 seconds (0d 0h 0m 3s)

---------------  T H R E A D  ---------------

Current thread (0x00000168f60ee100):  VMThread "VM Thread" [stack: 0x0000005d19700000,0x0000005d19800000] [id=2692]

Stack: [0x0000005d19700000,0x0000005d19800000]
Native frames: (J=compiled Java code, j=interpreted, Vv=VM code, C=native code)
V  [jvm.dll+0x67d2c9]
V  [jvm.dll+0x834b1a]
V  [jvm.dll+0x8365de]
V  [jvm.dll+0x836c43]
V  [jvm.dll+0x2477ff]
V  [jvm.dll+0x67a109]
V  [jvm.dll+0x66eb7a]
V  [jvm.dll+0x30764b]
V  [jvm.dll+0x30eaf6]
V  [jvm.dll+0x35e83e]
V  [jvm.dll+0x35ea6f]
V  [jvm.dll+0x2de248]
V  [jvm.dll+0x2dc424]
V  [jvm.dll+0x2dba2c]
V  [jvm.dll+0x31faeb]
V  [jvm.dll+0x83b13b]
V  [jvm.dll+0x83be81]
V  [jvm.dll+0x83c39d]
V  [jvm.dll+0x83c774]
V  [jvm.dll+0x83c840]
V  [jvm.dll+0x7e3fda]
V  [jvm.dll+0x67c1b5]
C  [ucrtbase.dll+0x21bb2]
C  [KERNEL32.DLL+0x17034]
C  [ntdll.dll+0x52651]

VM_Operation (0x0000005d1b0fbdd0): G1CollectForAllocation, mode: safepoint, requested by thread 0x00000168fbfba060


---------------  P R O C E S S  ---------------

Threads class SMR info:
_java_thread_list=0x00000168fd0abfe0, length=25, elements={
0x00000168df335030, 0x00000168f60f0ba0, 0x00000168f60f1760, 0x00000168f610a180,
0x00000168f610cc50, 0x00000168f610d610, 0x00000168f61105f0, 0x00000168f61115d0,
0x00000168f611dd00, 0x00000168f60da090, 0x00000168f6d3d1f0, 0x00000168f6d40730,
0x00000168f6d42c60, 0x00000168f6d44190, 0x00000168f6d60870, 0x00000168f6ffd840,
0x00000168f6ffdd20, 0x00000168fb57d1d0, 0x00000168fbfb92f0, 0x00000168fbfba060,
0x00000168fc85bb80, 0x00000168fc858df0, 0x00000168fc859810, 0x00000168fc859300,
0x00000168fc85b160
}

Java Threads: ( => current thread )
  0x00000168df335030 JavaThread "main" [_thread_blocked, id=7776, stack(0x0000005d19100000,0x0000005d19200000)]
  0x00000168f60f0ba0 JavaThread "Reference Handler" daemon [_thread_blocked, id=3336, stack(0x0000005d19800000,0x0000005d19900000)]
  0x00000168f60f1760 JavaThread "Finalizer" daemon [_thread_blocked, id=2764, stack(0x0000005d19900000,0x0000005d19a00000)]
  0x00000168f610a180 JavaThread "Signal Dispatcher" daemon [_thread_blocked, id=9776, stack(0x0000005d19a00000,0x0000005d19b00000)]
  0x00000168f610cc50 JavaThread "Attach Listener" daemon [_thread_blocked, id=7704, stack(0x0000005d19b00000,0x0000005d19c00000)]
  0x00000168f610d610 JavaThread "Service Thread" daemon [_thread_blocked, id=7160, stack(0x0000005d19c00000,0x0000005d19d00000)]
  0x00000168f61105f0 JavaThread "Monitor Deflation Thread" daemon [_thread_blocked, id=15396, stack(0x0000005d19d00000,0x0000005d19e00000)]
  0x00000168f61115d0 JavaThread "C1 CompilerThread0" daemon [_thread_blocked, id=8680, stack(0x0000005d19e00000,0x0000005d19f00000)]
  0x00000168f611dd00 JavaThread "Sweeper thread" daemon [_thread_blocked, id=2888, stack(0x0000005d19f00000,0x0000005d1a000000)]
  0x00000168f60da090 JavaThread "Common-Cleaner" daemon [_thread_blocked, id=2360, stack(0x0000005d1a000000,0x0000005d1a100000)]
  0x00000168f6d3d1f0 JavaThread "C1 CompilerThread1" daemon [_thread_blocked, id=8952, stack(0x0000005d1a100000,0x0000005d1a200000)]
  0x00000168f6d40730 JavaThread "C1 CompilerThread2" daemon [_thread_blocked, id=2128, stack(0x0000005d1a200000,0x0000005d1a300000)]
  0x00000168f6d42c60 JavaThread "C1 CompilerThread3" daemon [_thread_blocked, id=7412, stack(0x0000005d1a300000,0x0000005d1a400000)]
  0x00000168f6d44190 JavaThread "C1 CompilerThread4" daemon [_thread_blocked, id=7616, stack(0x0000005d1a400000,0x0000005d1a500000)]
  0x00000168f6d60870 JavaThread "C1 CompilerThread5" daemon [_thread_blocked, id=8536, stack(0x0000005d1a500000,0x0000005d1a600000)]
  0x00000168f6ffd840 JavaThread "Monitor Ctrl-Break" daemon [_thread_in_native, id=16756, stack(0x0000005d1a600000,0x0000005d1a700000)]
  0x00000168f6ffdd20 JavaThread "Notification Thread" daemon [_thread_blocked, id=11592, stack(0x0000005d1a700000,0x0000005d1a800000)]
  0x00000168fb57d1d0 JavaThread "RMI TCP Accept-0" daemon [_thread_in_native, id=16148, stack(0x0000005d1a800000,0x0000005d1a900000)]
  0x00000168fbfb92f0 JavaThread "Thread-0" [_thread_blocked, id=8880, stack(0x0000005d1af00000,0x0000005d1b000000)]
  0x00000168fbfba060 JavaThread "restartedMain" [_thread_blocked, id=5164, stack(0x0000005d1b000000,0x0000005d1b100000)]
  0x00000168fc85bb80 JavaThread "RMI TCP Connection(1)-172.26.64.1" daemon [_thread_in_native, id=7048, stack(0x0000005d1b200000,0x0000005d1b300000)]
  0x00000168fc858df0 JavaThread "RMI Scheduler(0)" daemon [_thread_blocked, id=13304, stack(0x0000005d1bb00000,0x0000005d1bc00000)]
  0x00000168fc859810 JavaThread "PostgreSQL-JDBC-Cleaner" daemon [_thread_blocked, id=16900, stack(0x0000005d1bd00000,0x0000005d1be00000)]
  0x00000168fc859300 JavaThread "HikariPool-1 housekeeper" daemon [_thread_blocked, id=14012, stack(0x0000005d1be00000,0x0000005d1bf00000)]
  0x00000168fc85b160 JavaThread "HikariPool-1 connection adder" daemon [_thread_blocked, id=16908, stack(0x0000005d1bf00000,0x0000005d1c000000)]

Other Threads:
=>0x00000168f60ee100 VMThread "VM Thread" [stack: 0x0000005d19700000,0x0000005d19800000] [id=2692]
  0x00000168df335ff0 WatcherThread [stack: 0x0000005d1a900000,0x0000005d1aa00000] [id=16076]
  0x00000168df3a1a70 GCTaskThread "GC Thread#0" [stack: 0x0000005d19200000,0x0000005d19300000] [id=8888]
  0x00000168fb8881d0 GCTaskThread "GC Thread#1" [stack: 0x0000005d1aa00000,0x0000005d1ab00000] [id=3744]
  0x00000168fb888490 GCTaskThread "GC Thread#2" [stack: 0x0000005d1ab00000,0x0000005d1ac00000] [id=9380]
  0x00000168fb888750 GCTaskThread "GC Thread#3" [stack: 0x0000005d1ac00000,0x0000005d1ad00000] [id=10608]
  0x00000168fb888a10 GCTaskThread "GC Thread#4" [stack: 0x0000005d1ad00000,0x0000005d1ae00000] [id=16996]
  0x00000168fb888cd0 GCTaskThread "GC Thread#5" [stack: 0x0000005d1ae00000,0x0000005d1af00000] [id=6828]
  0x00000168fc06c1b0 GCTaskThread "GC Thread#6" [stack: 0x0000005d1b100000,0x0000005d1b200000] [id=2988]
  0x00000168fc4cc510 GCTaskThread "GC Thread#7" [stack: 0x0000005d1b300000,0x0000005d1b400000] [id=5540]
  0x00000168fc58d510 GCTaskThread "GC Thread#8" [stack: 0x0000005d1b400000,0x0000005d1b500000] [id=10700]
  0x00000168fc58d7d0 GCTaskThread "GC Thread#9" [stack: 0x0000005d1b500000,0x0000005d1b600000] [id=9408]
  0x00000168fc58e2a0 GCTaskThread "GC Thread#10" [stack: 0x0000005d1b600000,0x0000005d1b700000] [id=16456]
  0x00000168fc58e560 GCTaskThread "GC Thread#11" [stack: 0x0000005d1b700000,0x0000005d1b800000] [id=15960]
  0x00000168fc58e820 GCTaskThread "GC Thread#12" [stack: 0x0000005d1b800000,0x0000005d1b900000] [id=5296]
  0x00000168df3ae800 ConcurrentGCThread "G1 Main Marker" [stack: 0x0000005d19300000,0x0000005d19400000] [id=14656]
  0x00000168dd1ae910 ConcurrentGCThread "G1 Conc#0" [stack: 0x0000005d19400000,0x0000005d19500000] [id=2712]
  0x00000168fc698150 ConcurrentGCThread "G1 Conc#1" [stack: 0x0000005d1b900000,0x0000005d1ba00000] [id=2204]
  0x00000168fc698410 ConcurrentGCThread "G1 Conc#2" [stack: 0x0000005d1ba00000,0x0000005d1bb00000] [id=9468]
  0x00000168f60278e0 ConcurrentGCThread "G1 Refine#0" [stack: 0x0000005d19500000,0x0000005d19600000] [id=8532]
  0x00000168f6028310 ConcurrentGCThread "G1 Service" [stack: 0x0000005d19600000,0x0000005d19700000] [id=12036]

Threads with active compile tasks:

VM state: at safepoint (normal execution)

VM Mutex/Monitor currently owned by a thread:  ([mutex/lock_event])
[0x00000168df331540] Threads_lock - owner thread: 0x00000168f60ee100
[0x00000168df331c90] Heap_lock - owner thread: 0x00000168fbfba060

Heap address: 0x0000000702400000, size: 4060 MB, Compressed Oops mode: Zero based, Oop shift amount: 3

CDS archive(s) mapped at: [0x0000016880000000-0x0000016880bb0000-0x0000016880bb0000), size 12255232, SharedBaseAddress: 0x0000016880000000, ArchiveRelocationMode: 1.
Compressed class space mapped at: 0x0000016881000000-0x00000168c1000000, reserved size: 1073741824
Narrow klass base: 0x0000016880000000, Narrow klass shift: 0, Narrow klass range: 0x100000000

GC Precious Log:
 CPUs: 16 total, 16 available
 Memory: 16235M
 Large Page Support: Disabled
 NUMA Support: Disabled
 Compressed Oops: Enabled (Zero based)
 Heap Region Size: 2M
 Heap Min Capacity: 8M
 Heap Initial Capacity: 254M
 Heap Max Capacity: 4060M
 Pre-touch: Disabled
 Parallel Workers: 13
 Concurrent Workers: 3
 Concurrent Refinement Workers: 13
 Periodic GC: Disabled

Heap:
 garbage-first heap   total 135168K, used 33912K [0x0000000702400000, 0x0000000800000000)
  region size 2048K, 2 young (4096K), 2 survivors (4096K)
 Metaspace       used 66644K, committed 67200K, reserved 1114112K
  class space    used 9663K, committed 9920K, reserved 1048576K

Heap Regions: E=young(eden), S=young(survivor), O=old, HS=humongous(starts), HC=humongous(continues), CS=collection set, F=free, OA=open archive, CA=closed archive, TAMS=top-at-mark-start (previous, next)
|   0|0x0000000702400000, 0x0000000702600000, 0x0000000702600000|100%| O|  |TAMS 0x0000000702600000, 0x0000000702400000| Untracked 
|   1|0x0000000702600000, 0x0000000702800000, 0x0000000702800000|100%| O|  |TAMS 0x0000000702800000, 0x0000000702600000| Untracked 
|   2|0x0000000702800000, 0x0000000702a00000, 0x0000000702a00000|100%| O|  |TAMS 0x0000000702a00000, 0x0000000702800000| Untracked 
|   3|0x0000000702a00000, 0x0000000702c00000, 0x0000000702c00000|100%| O|  |TAMS 0x0000000702c00000, 0x0000000702a00000| Untracked 
|   4|0x0000000702c00000, 0x0000000702e00000, 0x0000000702e00000|100%| O|  |TAMS 0x0000000702e00000, 0x0000000702c00000| Untracked 
|   5|0x0000000702e00000, 0x0000000703000000, 0x0000000703000000|100%| O|  |TAMS 0x0000000703000000, 0x0000000702e00000| Untracked 
|   6|0x0000000703000000, 0x0000000703200000, 0x0000000703200000|100%| O|  |TAMS 0x0000000703200000, 0x0000000703000000| Untracked 
|   7|0x0000000703200000, 0x0000000703400000, 0x0000000703400000|100%| O|  |TAMS 0x0000000703400000, 0x0000000703200000| Untracked 
|   8|0x0000000703400000, 0x0000000703600000, 0x0000000703600000|100%| O|  |TAMS 0x0000000703600000, 0x0000000703400000| Untracked 
|   9|0x0000000703600000, 0x0000000703800000, 0x0000000703800000|100%| O|  |TAMS 0x0000000703800000, 0x0000000703600000| Untracked 
|  10|0x0000000703800000, 0x0000000703a00000, 0x0000000703a00000|100%| O|  |TAMS 0x0000000703a00000, 0x0000000703800000| Untracked 
|  11|0x0000000703a00000, 0x0000000703c00000, 0x0000000703c00000|100%| O|  |TAMS 0x0000000703a64a00, 0x0000000703a00000| Untracked 
|  12|0x0000000703c00000, 0x0000000703e00000, 0x0000000703e00000|100%| O|  |TAMS 0x0000000703e00000, 0x0000000703c00000| Untracked 
|  13|0x0000000703e00000, 0x0000000704000000, 0x0000000704000000|100%| O|  |TAMS 0x0000000704000000, 0x0000000703e00000| Untracked 
|  14|0x0000000704000000, 0x0000000704128000, 0x0000000704200000| 57%| O|  |TAMS 0x0000000704128000, 0x0000000704000000| Untracked 
|  15|0x0000000704200000, 0x000000070426c400, 0x0000000704400000| 21%| O|  |TAMS 0x0000000704200000, 0x0000000704200000| Untracked 
|  16|0x0000000704400000, 0x0000000704400000, 0x0000000704600000|  0%| F|  |TAMS 0x0000000704400000, 0x0000000704400000| Untracked 
|  17|0x0000000704600000, 0x0000000704600000, 0x0000000704800000|  0%| F|  |TAMS 0x0000000704600000, 0x0000000704600000| Untracked 
|  18|0x0000000704800000, 0x0000000704800000, 0x0000000704a00000|  0%| F|  |TAMS 0x0000000704800000, 0x0000000704800000| Untracked 
|  19|0x0000000704a00000, 0x0000000704a00000, 0x0000000704c00000|  0%| F|  |TAMS 0x0000000704a00000, 0x0000000704a00000| Untracked 
|  20|0x0000000704c00000, 0x0000000704c00000, 0x0000000704e00000|  0%| F|  |TAMS 0x0000000704c00000, 0x0000000704c00000| Untracked 
|  21|0x0000000704e00000, 0x0000000704e00000, 0x0000000705000000|  0%| F|  |TAMS 0x0000000704e00000, 0x0000000704e00000| Untracked 
|  22|0x0000000705000000, 0x0000000705000000, 0x0000000705200000|  0%| F|  |TAMS 0x0000000705000000, 0x0000000705000000| Untracked 
|  23|0x0000000705200000, 0x0000000705200000, 0x0000000705400000|  0%| F|  |TAMS 0x0000000705200000, 0x0000000705200000| Untracked 
|  24|0x0000000705400000, 0x0000000705589da0, 0x0000000705600000| 76%| S|CS|TAMS 0x0000000705400000, 0x0000000705400000| Complete 
|  25|0x0000000705600000, 0x0000000705800000, 0x0000000705800000|100%| S|CS|TAMS 0x0000000705600000, 0x0000000705600000| Complete 
|  26|0x0000000705800000, 0x0000000705800000, 0x0000000705a00000|  0%| F|  |TAMS 0x0000000705800000, 0x0000000705800000| Untracked 
|  27|0x0000000705a00000, 0x0000000705a00000, 0x0000000705c00000|  0%| F|  |TAMS 0x0000000705a00000, 0x0000000705a00000| Untracked 
|  28|0x0000000705c00000, 0x0000000705c00000, 0x0000000705e00000|  0%| F|  |TAMS 0x0000000705c00000, 0x0000000705c00000| Untracked 
|  29|0x0000000705e00000, 0x0000000705e00000, 0x0000000706000000|  0%| F|  |TAMS 0x0000000705e00000, 0x0000000705e00000| Untracked 
|  30|0x0000000706000000, 0x0000000706000000, 0x0000000706200000|  0%| F|  |TAMS 0x0000000706000000, 0x0000000706000000| Untracked 
|  31|0x0000000706200000, 0x0000000706200000, 0x0000000706400000|  0%| F|  |TAMS 0x0000000706200000, 0x0000000706200000| Untracked 
|  32|0x0000000706400000, 0x0000000706400000, 0x0000000706600000|  0%| F|  |TAMS 0x0000000706400000, 0x0000000706400000| Untracked 
|  33|0x0000000706600000, 0x0000000706600000, 0x0000000706800000|  0%| F|  |TAMS 0x0000000706600000, 0x0000000706600000| Untracked 
|  34|0x0000000706800000, 0x0000000706800000, 0x0000000706a00000|  0%| F|  |TAMS 0x0000000706800000, 0x0000000706800000| Untracked 
|  35|0x0000000706a00000, 0x0000000706a00000, 0x0000000706c00000|  0%| F|  |TAMS 0x0000000706a00000, 0x0000000706a00000| Untracked 
|  36|0x0000000706c00000, 0x0000000706c00000, 0x0000000706e00000|  0%| F|  |TAMS 0x0000000706c00000, 0x0000000706c00000| Untracked 
|  37|0x0000000706e00000, 0x0000000706e00000, 0x0000000707000000|  0%| F|  |TAMS 0x0000000706e00000, 0x0000000706e00000| Untracked 
|  38|0x0000000707000000, 0x0000000707000000, 0x0000000707200000|  0%| F|  |TAMS 0x0000000707000000, 0x0000000707000000| Untracked 
|  39|0x0000000707200000, 0x0000000707200000, 0x0000000707400000|  0%| F|  |TAMS 0x0000000707200000, 0x0000000707200000| Untracked 
|  40|0x0000000707400000, 0x0000000707400000, 0x0000000707600000|  0%| F|  |TAMS 0x0000000707400000, 0x0000000707400000| Untracked 
|  41|0x0000000707600000, 0x0000000707600000, 0x0000000707800000|  0%| F|  |TAMS 0x0000000707600000, 0x0000000707600000| Untracked 
|  42|0x0000000707800000, 0x0000000707800000, 0x0000000707a00000|  0%| F|  |TAMS 0x0000000707800000, 0x0000000707800000| Untracked 
|  43|0x0000000707a00000, 0x0000000707a00000, 0x0000000707c00000|  0%| F|  |TAMS 0x0000000707a00000, 0x0000000707a00000| Untracked 
|  44|0x0000000707c00000, 0x0000000707c00000, 0x0000000707e00000|  0%| F|  |TAMS 0x0000000707c00000, 0x0000000707c00000| Untracked 
|  45|0x0000000707e00000, 0x0000000707e00000, 0x0000000708000000|  0%| F|  |TAMS 0x0000000707e00000, 0x0000000707e00000| Untracked 
|  46|0x0000000708000000, 0x0000000708000000, 0x0000000708200000|  0%| F|  |TAMS 0x0000000708000000, 0x0000000708000000| Untracked 
|  47|0x0000000708200000, 0x0000000708200000, 0x0000000708400000|  0%| F|  |TAMS 0x0000000708200000, 0x0000000708200000| Untracked 
|  48|0x0000000708400000, 0x0000000708400000, 0x0000000708600000|  0%| F|  |TAMS 0x0000000708400000, 0x0000000708400000| Untracked 
|  49|0x0000000708600000, 0x0000000708600000, 0x0000000708800000|  0%| F|  |TAMS 0x0000000708600000, 0x0000000708600000| Untracked 
|  50|0x0000000708800000, 0x0000000708800000, 0x0000000708a00000|  0%| F|  |TAMS 0x0000000708800000, 0x0000000708800000| Untracked 
|  51|0x0000000708a00000, 0x0000000708a00000, 0x0000000708c00000|  0%| F|  |TAMS 0x0000000708a00000, 0x0000000708a00000| Untracked 
|  52|0x0000000708c00000, 0x0000000708c00000, 0x0000000708e00000|  0%| F|  |TAMS 0x0000000708c00000, 0x0000000708c00000| Untracked 
|  53|0x0000000708e00000, 0x0000000708e00000, 0x0000000709000000|  0%| F|  |TAMS 0x0000000708e00000, 0x0000000708e00000| Untracked 
|  54|0x0000000709000000, 0x0000000709000000, 0x0000000709200000|  0%| F|  |TAMS 0x0000000709000000, 0x0000000709000000| Untracked 
|  55|0x0000000709200000, 0x0000000709200000, 0x0000000709400000|  0%| F|  |TAMS 0x0000000709200000, 0x0000000709200000| Untracked 
|  56|0x0000000709400000, 0x0000000709400000, 0x0000000709600000|  0%| F|  |TAMS 0x0000000709400000, 0x0000000709400000| Untracked 
|  57|0x0000000709600000, 0x0000000709600000, 0x0000000709800000|  0%| F|  |TAMS 0x0000000709600000, 0x0000000709600000| Untracked 
|  58|0x0000000709800000, 0x0000000709800000, 0x0000000709a00000|  0%| F|  |TAMS 0x0000000709800000, 0x0000000709800000| Untracked 
|  59|0x0000000709a00000, 0x0000000709a00000, 0x0000000709c00000|  0%| F|  |TAMS 0x0000000709a00000, 0x0000000709a00000| Untracked 
|  60|0x0000000709c00000, 0x0000000709c00000, 0x0000000709e00000|  0%| F|  |TAMS 0x0000000709c00000, 0x0000000709c00000| Untracked 
|  61|0x0000000709e00000, 0x0000000709e00000, 0x000000070a000000|  0%| F|  |TAMS 0x0000000709e00000, 0x0000000709e00000| Untracked 
|  62|0x000000070a000000, 0x000000070a000000, 0x000000070a200000|  0%| F|  |TAMS 0x000000070a000000, 0x000000070a000000| Untracked 
|  63|0x000000070a200000, 0x000000070a200000, 0x000000070a400000|  0%| F|  |TAMS 0x000000070a200000, 0x000000070a200000| Untracked 
|  64|0x000000070a400000, 0x000000070a400000, 0x000000070a600000|  0%| F|  |TAMS 0x000000070a400000, 0x000000070a400000| Untracked 
| 126|0x0000000712000000, 0x0000000712000000, 0x0000000712200000|  0%| F|  |TAMS 0x0000000712000000, 0x0000000712000000| Untracked 

Card table byte_map: [0x00000168eac90000,0x00000168eb480000] _byte_map_base: 0x00000168e747e000

Marking Bits (Prev, Next): (CMBitMap*) 0x00000168df3a20d0, (CMBitMap*) 0x00000168df3a2090
 Prev Bits: [0x00000168efbe0000, 0x00000168f3b50000)
 Next Bits: [0x00000168ebc70000, 0x00000168efbe0000)

Polling page: 0x00000168dd300000

Metaspace:

Usage:
  Non-class:     55.65 MB used.
      Class:      9.44 MB used.
       Both:     65.08 MB used.

Virtual space:
  Non-class space:       64.00 MB reserved,      55.94 MB ( 87%) committed,  1 nodes.
      Class space:        1.00 GB reserved,       9.69 MB ( <1%) committed,  1 nodes.
             Both:        1.06 GB reserved,      65.62 MB (  6%) committed. 

Chunk freelists:
   Non-Class:  7.34 MB
       Class:  6.36 MB
        Both:  13.70 MB

MaxMetaspaceSize: unlimited
CompressedClassSpaceSize: 1.00 GB
Initial GC threshold: 21.00 MB
Current GC threshold: 99.38 MB
CDS: on
MetaspaceReclaimPolicy: balanced
 - commit_granule_bytes: 65536.
 - commit_granule_words: 8192.
 - virtual_space_node_default_size: 8388608.
 - enlarge_chunks_in_place: 1.
 - new_chunks_are_fully_committed: 0.
 - uncommit_free_chunks: 1.
 - use_allocation_guard: 0.
 - handle_deallocations: 1.


Internal statistics:

num_allocs_failed_limit: 11.
num_arena_births: 704.
num_arena_deaths: 0.
num_vsnodes_births: 2.
num_vsnodes_deaths: 0.
num_space_committed: 1050.
num_space_uncommitted: 0.
num_chunks_returned_to_freelist: 11.
num_chunks_taken_from_freelist: 3051.
num_chunk_merges: 11.
num_chunk_splits: 2240.
num_chunks_enlarged: 1761.
num_inconsistent_stats: 0.

CodeCache: size=49152Kb used=14305Kb max_used=14305Kb free=34846Kb
 bounds [0x00000168e6e40000, 0x00000168e7c40000, 0x00000168e9e40000]
 total_blobs=6844 nmethods=6175 adapters=591
 compilation: enabled
              stopped_count=0, restarted_count=0
 full_count=0

Compilation events (20 events):
Event: 3.474 Thread 0x00000168f6d42c60 6168       1       org.aspectj.weaver.ReferenceType::<init> (115 bytes)
Event: 3.474 Thread 0x00000168f6d3d1f0 6169       1       org.aspectj.weaver.ReferenceType::setGenericType (149 bytes)
Event: 3.474 Thread 0x00000168f6d60870 nmethod 6161 0x00000168e7c31f10 code [0x00000168e7c32140, 0x00000168e7c32668]
Event: 3.474 Thread 0x00000168f6d60870 6170  s!   1       org.aspectj.weaver.ReferenceType::addDependentType (36 bytes)
Event: 3.474 Thread 0x00000168f61115d0 nmethod 6162 0x00000168e7c32890 code [0x00000168e7c32a60, 0x00000168e7c32d68]
Event: 3.474 Thread 0x00000168f6d40730 nmethod 6167 0x00000168e7c32f10 code [0x00000168e7c330c0, 0x00000168e7c33348]
Event: 3.475 Thread 0x00000168f6d60870 nmethod 6170 0x00000168e7c33410 code [0x00000168e7c335c0, 0x00000168e7c339a8]
Event: 3.475 Thread 0x00000168f6d42c60 nmethod 6168 0x00000168e7c33b10 code [0x00000168e7c33d20, 0x00000168e7c346f8]
Event: 3.475 Thread 0x00000168f6d44190 nmethod 6163 0x00000168e7c34810 code [0x00000168e7c34a80, 0x00000168e7c35618]
Event: 3.475 Thread 0x00000168f6d3d1f0 nmethod 6169 0x00000168e7c35b90 code [0x00000168e7c35e60, 0x00000168e7c368b8]
Event: 3.487 Thread 0x00000168f6d44190 6171       1       java.nio.charset.CharsetEncoder::maxBytesPerChar (5 bytes)
Event: 3.487 Thread 0x00000168f6d44190 nmethod 6171 0x00000168e7c36d10 code [0x00000168e7c36ea0, 0x00000168e7c36f78]
Event: 3.487 Thread 0x00000168f6d44190 6172       1       sun.nio.cs.SingleByte$Encoder::isASCIICompatible (5 bytes)
Event: 3.487 Thread 0x00000168f6d44190 nmethod 6172 0x00000168e7c37010 code [0x00000168e7c371a0, 0x00000168e7c37278]
Event: 3.487 Thread 0x00000168f6d42c60 6173       1       java.nio.charset.Charset::lookup (44 bytes)
Event: 3.488 Thread 0x00000168f61115d0 6174       1       jdk.internal.loader.ClassLoaderHelper::mapAlternativeName (2 bytes)
Event: 3.488 Thread 0x00000168f61115d0 nmethod 6174 0x00000168e7c37310 code [0x00000168e7c374a0, 0x00000168e7c37558]
Event: 3.488 Thread 0x00000168f6d42c60 nmethod 6173 0x00000168e7c37610 code [0x00000168e7c377e0, 0x00000168e7c37a68]
Event: 3.488 Thread 0x00000168f6d44190 6175       1       java.io.File::<init> (111 bytes)
Event: 3.488 Thread 0x00000168f6d44190 nmethod 6175 0x00000168e7c37c10 code [0x00000168e7c37e60, 0x00000168e7c383d8]

GC Heap History (20 events):
Event: 0.778 GC heap after
{Heap after GC invocations=3 (full 0):
 garbage-first heap   total 260096K, used 14189K [0x0000000702400000, 0x0000000800000000)
  region size 2048K, 3 young (6144K), 3 survivors (6144K)
 Metaspace       used 18008K, committed 18368K, reserved 1114112K
  class space    used 2514K, committed 2688K, reserved 1048576K
}
Event: 0.840 GC heap before
{Heap before GC invocations=3 (full 0):
 garbage-first heap   total 260096K, used 30573K [0x0000000702400000, 0x0000000800000000)
  region size 2048K, 13 young (26624K), 3 survivors (6144K)
 Metaspace       used 21240K, committed 21504K, reserved 1114112K
  class space    used 2867K, committed 3008K, reserved 1048576K
}
Event: 0.842 GC heap after
{Heap after GC invocations=4 (full 0):
 garbage-first heap   total 260096K, used 15095K [0x0000000702400000, 0x0000000800000000)
  region size 2048K, 3 young (6144K), 3 survivors (6144K)
 Metaspace       used 21240K, committed 21504K, reserved 1114112K
  class space    used 2867K, committed 3008K, reserved 1048576K
}
Event: 1.016 GC heap before
{Heap before GC invocations=5 (full 0):
 garbage-first heap   total 61440K, used 43767K [0x0000000702400000, 0x0000000800000000)
  region size 2048K, 18 young (36864K), 3 survivors (6144K)
 Metaspace       used 23210K, committed 23488K, reserved 1114112K
  class space    used 3190K, committed 3328K, reserved 1048576K
}
Event: 1.019 GC heap after
{Heap after GC invocations=6 (full 0):
 garbage-first heap   total 61440K, used 18154K [0x0000000702400000, 0x0000000800000000)
  region size 2048K, 5 young (10240K), 5 survivors (10240K)
 Metaspace       used 23210K, committed 23488K, reserved 1114112K
  class space    used 3190K, committed 3328K, reserved 1048576K
}
Event: 1.031 GC heap before
{Heap before GC invocations=6 (full 0):
 garbage-first heap   total 61440K, used 20202K [0x0000000702400000, 0x0000000800000000)
  region size 2048K, 6 young (12288K), 5 survivors (10240K)
 Metaspace       used 23304K, committed 23616K, reserved 1114112K
  class space    used 3199K, committed 3328K, reserved 1048576K
}
Event: 1.034 GC heap after
{Heap after GC invocations=7 (full 0):
 garbage-first heap   total 161792K, used 19022K [0x0000000702400000, 0x0000000800000000)
  region size 2048K, 1 young (2048K), 1 survivors (2048K)
 Metaspace       used 23304K, committed 23616K, reserved 1114112K
  class space    used 3199K, committed 3328K, reserved 1048576K
}
Event: 1.750 GC heap before
{Heap before GC invocations=7 (full 0):
 garbage-first heap   total 161792K, used 109134K [0x0000000702400000, 0x0000000800000000)
  region size 2048K, 45 young (92160K), 1 survivors (2048K)
 Metaspace       used 33790K, committed 34240K, reserved 1114112K
  class space    used 4826K, committed 5056K, reserved 1048576K
}
Event: 1.753 GC heap after
{Heap after GC invocations=8 (full 0):
 garbage-first heap   total 161792K, used 23256K [0x0000000702400000, 0x0000000800000000)
  region size 2048K, 3 young (6144K), 3 survivors (6144K)
 Metaspace       used 33790K, committed 34240K, reserved 1114112K
  class space    used 4826K, committed 5056K, reserved 1048576K
}
Event: 1.952 GC heap before
{Heap before GC invocations=8 (full 0):
 garbage-first heap   total 161792K, used 49880K [0x0000000702400000, 0x0000000800000000)
  region size 2048K, 17 young (34816K), 3 survivors (6144K)
 Metaspace       used 35756K, committed 36160K, reserved 1114112K
  class space    used 5110K, committed 5312K, reserved 1048576K
}
Event: 1.956 GC heap after
{Heap after GC invocations=9 (full 0):
 garbage-first heap   total 161792K, used 24931K [0x0000000702400000, 0x0000000800000000)
  region size 2048K, 4 young (8192K), 4 survivors (8192K)
 Metaspace       used 35756K, committed 36160K, reserved 1114112K
  class space    used 5110K, committed 5312K, reserved 1048576K
}
Event: 2.348 GC heap before
{Heap before GC invocations=10 (full 0):
 garbage-first heap   total 96256K, used 74083K [0x0000000702400000, 0x0000000800000000)
  region size 2048K, 28 young (57344K), 4 survivors (8192K)
 Metaspace       used 43362K, committed 43776K, reserved 1114112K
  class space    used 5997K, committed 6208K, reserved 1048576K
}
Event: 2.352 GC heap after
{Heap after GC invocations=11 (full 0):
 garbage-first heap   total 96256K, used 29016K [0x0000000702400000, 0x0000000800000000)
  region size 2048K, 3 young (6144K), 3 survivors (6144K)
 Metaspace       used 43362K, committed 43776K, reserved 1114112K
  class space    used 5997K, committed 6208K, reserved 1048576K
}
Event: 2.711 GC heap before
{Heap before GC invocations=11 (full 0):
 garbage-first heap   total 96256K, used 72024K [0x0000000702400000, 0x0000000800000000)
  region size 2048K, 24 young (49152K), 3 survivors (6144K)
 Metaspace       used 50074K, committed 50496K, reserved 1114112K
  class space    used 6994K, committed 7168K, reserved 1048576K
}
Event: 2.714 GC heap after
{Heap after GC invocations=12 (full 0):
 garbage-first heap   total 96256K, used 30617K [0x0000000702400000, 0x0000000800000000)
  region size 2048K, 2 young (4096K), 2 survivors (4096K)
 Metaspace       used 50074K, committed 50496K, reserved 1114112K
  class space    used 6994K, committed 7168K, reserved 1048576K
}
Event: 3.081 GC heap before
{Heap before GC invocations=12 (full 0):
 garbage-first heap   total 96256K, used 71577K [0x0000000702400000, 0x0000000800000000)
  region size 2048K, 22 young (45056K), 2 survivors (4096K)
 Metaspace       used 58273K, committed 58752K, reserved 1114112K
  class space    used 8228K, committed 8448K, reserved 1048576K
}
Event: 3.084 GC heap after
{Heap after GC invocations=13 (full 0):
 garbage-first heap   total 96256K, used 32202K [0x0000000702400000, 0x0000000800000000)
  region size 2048K, 2 young (4096K), 2 survivors (4096K)
 Metaspace       used 58273K, committed 58752K, reserved 1114112K
  class space    used 8228K, committed 8448K, reserved 1048576K
}
Event: 3.142 GC heap before
{Heap before GC invocations=13 (full 0):
 garbage-first heap   total 96256K, used 36298K [0x0000000702400000, 0x0000000800000000)
  region size 2048K, 5 young (10240K), 2 survivors (4096K)
 Metaspace       used 60335K, committed 60800K, reserved 1114112K
  class space    used 8605K, committed 8832K, reserved 1048576K
}
Event: 3.145 GC heap after
{Heap after GC invocations=14 (full 0):
 garbage-first heap   total 96256K, used 32337K [0x0000000702400000, 0x0000000800000000)
  region size 2048K, 1 young (2048K), 1 survivors (2048K)
 Metaspace       used 60335K, committed 60800K, reserved 1114112K
  class space    used 8605K, committed 8832K, reserved 1048576K
}
Event: 3.495 GC heap before
{Heap before GC invocations=15 (full 0):
 garbage-first heap   total 96256K, used 73297K [0x0000000702400000, 0x0000000800000000)
  region size 2048K, 21 young (43008K), 1 survivors (2048K)
 Metaspace       used 66644K, committed 67200K, reserved 1114112K
  class space    used 9663K, committed 9920K, reserved 1048576K
}

Dll operation events (14 events):
Event: 0.003 Loaded shared library C:\Users\Константин\.jdks\corretto-17.0.10\bin\java.dll
Event: 0.015 Loaded shared library C:\Users\Константин\.jdks\corretto-17.0.10\bin\jsvml.dll
Event: 0.067 Loaded shared library C:\Users\Константин\.jdks\corretto-17.0.10\bin\zip.dll
Event: 0.068 Loaded shared library C:\Users\Константин\.jdks\corretto-17.0.10\bin\instrument.dll
Event: 0.070 Loaded shared library C:\Users\Константин\.jdks\corretto-17.0.10\bin\net.dll
Event: 0.071 Loaded shared library C:\Users\Константин\.jdks\corretto-17.0.10\bin\nio.dll
Event: 0.073 Loaded shared library C:\Users\Константин\.jdks\corretto-17.0.10\bin\zip.dll
Event: 0.121 Loaded shared library C:\Program Files\JetBrains\IntelliJ IDEA 2024.1.6\bin\breakgen64.dll
Event: 0.123 Loaded shared library C:\Users\Константин\.jdks\corretto-17.0.10\bin\jimage.dll
Event: 0.126 Loaded shared library C:\Users\Константин\.jdks\corretto-17.0.10\bin\extnet.dll
Event: 0.134 Loaded shared library C:\Users\Константин\.jdks\corretto-17.0.10\bin\management.dll
Event: 0.139 Loaded shared library C:\Users\Константин\.jdks\corretto-17.0.10\bin\management_ext.dll
Event: 0.884 Loaded shared library C:\Users\Константин\.jdks\corretto-17.0.10\bin\sunmscapi.dll
Event: 2.642 Loaded shared library C:\Users\Константин\.jdks\corretto-17.0.10\bin\verify.dll

Deoptimization events (10 events):
Event: 1.754 Thread 0x00000168fbfba060 DEOPT PACKING pc=0x00000168e78c0339 sp=0x0000005d1b0fcf40
Event: 1.754 Thread 0x00000168fbfba060 DEOPT UNPACKING pc=0x00000168e6e9ace3 sp=0x0000005d1b0fc4e8 mode 0
Event: 1.965 Thread 0x00000168fbfba060 DEOPT PACKING pc=0x00000168e737b5ac sp=0x0000005d1b0f9990
Event: 1.965 Thread 0x00000168fbfba060 DEOPT UNPACKING pc=0x00000168e6e9ace3 sp=0x0000005d1b0f8e58 mode 0
Event: 2.013 Thread 0x00000168fbfba060 DEOPT PACKING pc=0x00000168e7569589 sp=0x0000005d1b0fb110
Event: 2.013 Thread 0x00000168fbfba060 DEOPT UNPACKING pc=0x00000168e6e9ace3 sp=0x0000005d1b0fa5a0 mode 3
Event: 2.013 Thread 0x00000168fc859300 DEOPT PACKING pc=0x00000168e7503d9f sp=0x0000005d1befec30
Event: 2.013 Thread 0x00000168fc859300 DEOPT UNPACKING pc=0x00000168e6e9ace3 sp=0x0000005d1befe088 mode 3
Event: 2.179 Thread 0x00000168fc85bb80 DEOPT PACKING pc=0x00000168e7396e44 sp=0x0000005d1b2ff0c0
Event: 2.179 Thread 0x00000168fc85bb80 DEOPT UNPACKING pc=0x00000168e6e9ace3 sp=0x0000005d1b2fe5a8 mode 0

Classes unloaded (0 events):
No events

Classes redefined (0 events):
No events

Internal exceptions (20 events):
Event: 3.058 Thread 0x00000168fbfba060 Exception <a 'java/lang/NoSuchMethodError'{0x0000000705db1930}: 'java.lang.Object java.lang.invoke.DirectMethodHandle$Holder.invokeStatic(java.lang.Object, java.lang.Object, int, java.lang.Object)'> (0x0000000705db1930) 
thrown [s\src\hotspot\share\interpreter\linkResolver.cpp, line 759]
Event: 3.059 Thread 0x00000168fbfba060 Exception <a 'java/lang/NoSuchMethodError'{0x0000000705db5670}: 'java.lang.Object java.lang.invoke.DirectMethodHandle$Holder.invokeStaticInit(java.lang.Object, java.lang.Object, int, java.lang.Object)'> (0x0000000705db5670) 
thrown [s\src\hotspot\share\interpreter\linkResolver.cpp, line 759]
Event: 3.190 Thread 0x00000168fc85bb80 Exception <a 'java/lang/reflect/InvocationTargetException'{0x000000070a4c25b0}> (0x000000070a4c25b0) 
thrown [s\src\hotspot\share\runtime\reflection.cpp, line 1121]
Event: 3.339 Thread 0x00000168fbfba060 Exception <a 'java/lang/NoSuchMethodError'{0x0000000706f3e748}: 'void java.lang.invoke.DirectMethodHandle$Holder.invokeStatic(java.lang.Object, java.lang.Object, java.lang.Object, int, java.lang.Object)'> (0x0000000706f3e748) 
thrown [s\src\hotspot\share\interpreter\linkResolver.cpp, line 759]
Event: 3.339 Thread 0x00000168fbfba060 Exception <a 'java/lang/NoSuchMethodError'{0x0000000706f4cd98}: 'void java.lang.invoke.DirectMethodHandle$Holder.invokeInterface(java.lang.Object, java.lang.Object, int, java.lang.Object)'> (0x0000000706f4cd98) 
thrown [s\src\hotspot\share\interpreter\linkResolver.cpp, line 759]
Event: 3.341 Thread 0x00000168fbfba060 Exception <a 'java/lang/NoSuchMethodError'{0x0000000706f78330}: 'java.lang.Object java.lang.invoke.DirectMethodHandle$Holder.newInvokeSpecial(java.lang.Object, java.lang.Object, int, java.lang.Object)'> (0x0000000706f78330) 
thrown [s\src\hotspot\share\interpreter\linkResolver.cpp, line 759]
Event: 3.341 Thread 0x00000168fbfba060 Exception <a 'java/lang/NoSuchMethodError'{0x0000000706f7c448}: 'java.lang.Object java.lang.invoke.Invokers$Holder.linkToTargetMethod(java.lang.Object, int, java.lang.Object, java.lang.Object)'> (0x0000000706f7c448) 
thrown [s\src\hotspot\share\interpreter\linkResolver.cpp, line 759]
Event: 3.347 Thread 0x00000168fbfba060 Exception <a 'java/lang/NoSuchMethodError'{0x0000000706c23180}: 'void java.lang.invoke.DirectMethodHandle$Holder.invokeSpecial(java.lang.Object, java.lang.Object, java.lang.Object, java.lang.Object, java.lang.Object, java.lang.Object, java.lang.Object, java.lang.Object)'> (0x0000000706c23180) 
thrown [s\src\hotspot\share\interpreter\linkResolver.cpp, line 759]
Event: 3.350 Thread 0x00000168fbfba060 Exception <a 'java/lang/NoSuchMethodError'{0x0000000706c68c80}: 'void java.lang.invoke.DirectMethodHandle$Holder.invokeSpecial(java.lang.Object, java.lang.Object, int, java.lang.Object)'> (0x0000000706c68c80) 
thrown [s\src\hotspot\share\interpreter\linkResolver.cpp, line 759]
Event: 3.350 Thread 0x00000168fbfba060 Exception <a 'java/lang/NoSuchMethodError'{0x0000000706c6fe30}: 'java.lang.Object java.lang.invoke.DirectMethodHandle$Holder.newInvokeSpecial(java.lang.Object, java.lang.Object, int)'> (0x0000000706c6fe30) 
thrown [s\src\hotspot\share\interpreter\linkResolver.cpp, line 759]
Event: 3.350 Thread 0x00000168fbfba060 Exception <a 'java/lang/IncompatibleClassChangeError'{0x0000000706c73e38}: Found class java.lang.Object, but interface was expected> (0x0000000706c73e38) 
thrown [s\src\hotspot\share\interpreter\linkResolver.cpp, line 826]
Event: 3.367 Thread 0x00000168fbfba060 Exception <a 'java/lang/NoSuchMethodError'{0x0000000706a18960}: 'java.lang.Object java.lang.invoke.DirectMethodHandle$Holder.newInvokeSpecial(java.lang.Object, java.lang.Object, java.lang.Object, java.lang.Object, java.lang.Object, int, java.lang.Object)'> (0x0000000706a18960) 
thrown [s\src\hotspot\share\interpreter\linkResolver.cpp, line 759]
Event: 3.369 Thread 0x00000168fbfba060 Exception <a 'java/lang/NoSuchMethodError'{0x0000000706a54758}: 'java.lang.Object java.lang.invoke.DirectMethodHandle$Holder.newInvokeSpecial(java.lang.Object, java.lang.Object, java.lang.Object, java.lang.Object, java.lang.Object, java.lang.Object, java.lang.Object, java.lang.Object, java.lang.Object, java.lang.Object, java.lang.Object, java.lang.Object)'> (0x0000000706a54758) 
thrown [s\src\hotspot\share\interpreter\linkResolver.cpp, line 759]
Event: 3.369 Thread 0x00000168fbfba060 Exception <a 'java/lang/NoSuchMethodError'{0x0000000706a59740}: 'java.lang.Object java.lang.invoke.DirectMethodHandle$Holder.invokeSpecial(java.lang.Object, java.lang.Object, java.lang.Object, java.lang.Object, java.lang.Object, java.lang.Object, java.lang.Object, java.lang.Object, java.lang.Object, java.lang.Object, java.lang.Object, java.lang.Object, java.lang.Object)'> (0x0000000706a59740) 
thrown [s\src\hotspot\share\interpreter\linkResolver.cpp, line 759]
Event: 3.369 Thread 0x00000168fbfba060 Exception <a 'java/lang/NoSuchMethodError'{0x0000000706a5e3a8}: 'java.lang.Object java.lang.invoke.Invokers$Holder.linkToTargetMethod(java.lang.Object, java.lang.Object, java.lang.Object, java.lang.Object, java.lang.Object, java.lang.Object, java.lang.Object, java.lang.Object, java.lang.Object, java.lang.Object, java.lang.Object, java.lang.Object)'> (0x0000000706a5e3a8) 
thrown [s\src\hotspot\share\interpreter\linkResolver.cpp, line 759]
Event: 3.387 Thread 0x00000168fbfba060 Exception <a 'java/lang/NoSuchMethodError'{0x0000000706841a30}: 'java.lang.Object java.lang.invoke.DirectMethodHandle$Holder.newInvokeSpecial(java.lang.Object, java.lang.Object, java.lang.Object, java.lang.Object, java.lang.Object, java.lang.Object)'> (0x0000000706841a30) 
thrown [s\src\hotspot\share\interpreter\linkResolver.cpp, line 759]
Event: 3.393 Thread 0x00000168fbfba060 Exception <a 'java/lang/NoSuchMethodError'{0x00000007068c26a8}: 'java.lang.Object java.lang.invoke.DirectMethodHandle$Holder.newInvokeSpecial(java.lang.Object, java.lang.Object, java.lang.Object, java.lang.Object, java.lang.Object, java.lang.Object, java.lang.Object, int)'> (0x00000007068c26a8) 
thrown [s\src\hotspot\share\interpreter\linkResolver.cpp, line 759]
Event: 3.394 Thread 0x00000168fbfba060 Exception <a 'java/lang/NoSuchMethodError'{0x00000007068c7bf0}: 'java.lang.Object java.lang.invoke.DirectMethodHandle$Holder.invokeSpecial(java.lang.Object, java.lang.Object, java.lang.Object, java.lang.Object, java.lang.Object, java.lang.Object, java.lang.Object, java.lang.Object, int)'> (0x00000007068c7bf0) 
thrown [s\src\hotspot\share\interpreter\linkResolver.cpp, line 759]
Event: 3.394 Thread 0x00000168fbfba060 Exception <a 'java/lang/NoSuchMethodError'{0x00000007068ccc08}: 'java.lang.Object java.lang.invoke.Invokers$Holder.linkToTargetMethod(java.lang.Object, java.lang.Object, java.lang.Object, java.lang.Object, java.lang.Object, java.lang.Object, int, java.lang.Object)'> (0x00000007068ccc08) 
thrown [s\src\hotspot\share\interpreter\linkResolver.cpp, line 759]
Event: 3.404 Thread 0x00000168fbfba060 Exception <a 'java/lang/NoSuchMethodError'{0x00000007069b2570}: 'void java.lang.invoke.DirectMethodHandle$Holder.invokeInterface(java.lang.Object, java.lang.Object)'> (0x00000007069b2570) 
thrown [s\src\hotspot\share\interpreter\linkResolver.cpp, line 759]

VM Operations (20 events):
Event: 2.623 Executing VM operation: HandshakeAllThreads done
Event: 2.710 Executing VM operation: G1CollectForAllocation
Event: 2.714 Executing VM operation: G1CollectForAllocation done
Event: 3.081 Executing VM operation: G1CollectForAllocation
Event: 3.084 Executing VM operation: G1CollectForAllocation done
Event: 3.142 Executing VM operation: CollectForMetadataAllocation
Event: 3.145 Executing VM operation: CollectForMetadataAllocation done
Event: 3.155 Executing VM operation: G1PauseRemark
Event: 3.158 Executing VM operation: G1PauseRemark done
Event: 3.163 Executing VM operation: G1PauseCleanup
Event: 3.164 Executing VM operation: G1PauseCleanup done
Event: 3.204 Executing VM operation: HandshakeAllThreads
Event: 3.204 Executing VM operation: HandshakeAllThreads done
Event: 3.218 Executing VM operation: HandshakeAllThreads
Event: 3.218 Executing VM operation: HandshakeAllThreads done
Event: 3.281 Executing VM operation: HandshakeAllThreads
Event: 3.281 Executing VM operation: HandshakeAllThreads done
Event: 3.426 Executing VM operation: ICBufferFull
Event: 3.426 Executing VM operation: ICBufferFull done
Event: 3.495 Executing VM operation: G1CollectForAllocation

Events (20 events):
Event: 2.977 loading class javax/naming/StringRefAddr
Event: 2.977 loading class javax/naming/StringRefAddr done
Event: 2.991 loading class java/util/concurrent/CompletableFuture$AltResult
Event: 2.991 loading class java/util/concurrent/CompletableFuture$AltResult done
Event: 2.991 loading class java/util/concurrent/CompletableFuture$Completion
Event: 2.991 loading class java/util/concurrent/CompletableFuture$AsynchronousCompletionTask
Event: 2.991 loading class java/util/concurrent/CompletableFuture$AsynchronousCompletionTask done
Event: 2.991 loading class java/util/concurrent/CompletableFuture$Completion done
Event: 3.018 loading class sun/reflect/annotation/AnnotatedTypeFactory$AnnotatedTypeVariableImpl
Event: 3.018 loading class java/lang/reflect/AnnotatedTypeVariable
Event: 3.018 loading class java/lang/reflect/AnnotatedTypeVariable done
Event: 3.018 loading class sun/reflect/annotation/AnnotatedTypeFactory$AnnotatedTypeVariableImpl done
Event: 3.045 loading class java/util/concurrent/CancellationException
Event: 3.045 loading class java/util/concurrent/CancellationException done
Event: 3.189 Thread 0x00000168fc85b670 Thread added: 0x00000168fc85b670
Event: 3.191 Thread 0x00000168fc85b670 Thread exited: 0x00000168fc85b670
Event: 3.425 loading class javax/naming/Reference
Event: 3.425 loading class javax/naming/Reference done
Event: 3.482 loading class java/nio/file/InvalidPathException
Event: 3.482 loading class java/nio/file/InvalidPathException done


Dynamic libraries:
0x00007ff60d160000 - 0x00007ff60d16e000 	C:\Users\Константин\.jdks\corretto-17.0.10\bin\java.exe
0x00007ff99e170000 - 0x00007ff99e367000 	C:\Windows\SYSTEM32\ntdll.dll
0x00007ff99d1f0000 - 0x00007ff99d2ad000 	C:\Windows\System32\KERNEL32.DLL
0x00007ff99bca0000 - 0x00007ff99bf6d000 	C:\Windows\System32\KERNELBASE.dll
0x00007ff99bf70000 - 0x00007ff99c070000 	C:\Windows\System32\ucrtbase.dll
0x00007ff994470000 - 0x00007ff994487000 	C:\Users\Константин\.jdks\corretto-17.0.10\bin\jli.dll
0x00007ff998010000 - 0x00007ff99802b000 	C:\Users\Константин\.jdks\corretto-17.0.10\bin\VCRUNTIME140.dll
0x00007ff99d360000 - 0x00007ff99d500000 	C:\Windows\System32\USER32.dll
0x00007ff99b9e0000 - 0x00007ff99ba02000 	C:\Windows\System32\win32u.dll
0x00007ff9837b0000 - 0x00007ff983a4a000 	C:\Windows\WinSxS\amd64_microsoft.windows.common-controls_6595b64144ccf1df_6.0.19041.1110_none_60b5254171f9507e\COMCTL32.dll
0x00007ff99cdb0000 - 0x00007ff99ce4e000 	C:\Windows\System32\msvcrt.dll
0x00007ff99d140000 - 0x00007ff99d16a000 	C:\Windows\System32\GDI32.dll
0x00007ff99bb90000 - 0x00007ff99bc9b000 	C:\Windows\System32\gdi32full.dll
0x00007ff99b940000 - 0x00007ff99b9dd000 	C:\Windows\System32\msvcp_win.dll
0x00007ff99ce50000 - 0x00007ff99ce80000 	C:\Windows\System32\IMM32.DLL
0x00007ff998000000 - 0x00007ff99800c000 	C:\Users\Константин\.jdks\corretto-17.0.10\bin\vcruntime140_1.dll
0x00007ff9943e0000 - 0x00007ff99446d000 	C:\Users\Константин\.jdks\corretto-17.0.10\bin\msvcp140.dll
0x00007ff946800000 - 0x00007ff947462000 	C:\Users\Константин\.jdks\corretto-17.0.10\bin\server\jvm.dll
0x00007ff99d870000 - 0x00007ff99d91e000 	C:\Windows\System32\ADVAPI32.dll
0x00007ff99c380000 - 0x00007ff99c41c000 	C:\Windows\System32\sechost.dll
0x00007ff99d5f0000 - 0x00007ff99d715000 	C:\Windows\System32\RPCRT4.dll
0x00007ff99ad70000 - 0x00007ff99adbb000 	C:\Windows\SYSTEM32\POWRPROF.dll
0x00007ff97e810000 - 0x00007ff97e819000 	C:\Windows\SYSTEM32\WSOCK32.dll
0x00007ff98cb10000 - 0x00007ff98cb37000 	C:\Windows\SYSTEM32\WINMM.dll
0x00007ff99d180000 - 0x00007ff99d1eb000 	C:\Windows\System32\WS2_32.dll
0x00007ff9931d0000 - 0x00007ff9931da000 	C:\Windows\SYSTEM32\VERSION.dll
0x00007ff99ac30000 - 0x00007ff99ac42000 	C:\Windows\SYSTEM32\UMPDC.dll
0x00007ff999270000 - 0x00007ff999282000 	C:\Windows\SYSTEM32\kernel.appcore.dll
0x00007ff995180000 - 0x00007ff99518a000 	C:\Users\Константин\.jdks\corretto-17.0.10\bin\jimage.dll
0x00007ff98aa50000 - 0x00007ff98ac34000 	C:\Windows\SYSTEM32\DBGHELP.DLL
0x00007ff973c90000 - 0x00007ff973cbc000 	C:\Windows\SYSTEM32\dbgcore.DLL
0x00007ff99ba80000 - 0x00007ff99bb02000 	C:\Windows\System32\bcryptPrimitives.dll
0x00007ff994680000 - 0x00007ff99468e000 	C:\Users\Константин\.jdks\corretto-17.0.10\bin\instrument.dll
0x00007ff9932b0000 - 0x00007ff9932d5000 	C:\Users\Константин\.jdks\corretto-17.0.10\bin\java.dll
0x00007ff975f50000 - 0x00007ff976027000 	C:\Users\Константин\.jdks\corretto-17.0.10\bin\jsvml.dll
0x00007ff99d920000 - 0x00007ff99e064000 	C:\Windows\System32\SHELL32.dll
0x00007ff999470000 - 0x00007ff999c04000 	C:\Windows\SYSTEM32\windows.storage.dll
0x00007ff99c420000 - 0x00007ff99c774000 	C:\Windows\System32\combase.dll
0x00007ff99b1e0000 - 0x00007ff99b20c000 	C:\Windows\SYSTEM32\Wldp.dll
0x00007ff99c2b0000 - 0x00007ff99c35d000 	C:\Windows\System32\SHCORE.dll
0x00007ff99d500000 - 0x00007ff99d555000 	C:\Windows\System32\shlwapi.dll
0x00007ff99b7d0000 - 0x00007ff99b7ef000 	C:\Windows\SYSTEM32\profapi.dll
0x00007ff98c790000 - 0x00007ff98c7a8000 	C:\Users\Константин\.jdks\corretto-17.0.10\bin\zip.dll
0x00007ff98c7d0000 - 0x00007ff98c7e9000 	C:\Users\Константин\.jdks\corretto-17.0.10\bin\net.dll
0x00007ff994490000 - 0x00007ff99459a000 	C:\Windows\SYSTEM32\WINHTTP.dll
0x00007ff99af90000 - 0x00007ff99affa000 	C:\Windows\system32\mswsock.dll
0x00007ff98c7b0000 - 0x00007ff98c7c6000 	C:\Users\Константин\.jdks\corretto-17.0.10\bin\nio.dll
0x00007ff98c770000 - 0x00007ff98c78a000 	C:\Program Files\JetBrains\IntelliJ IDEA 2024.1.6\bin\breakgen64.dll
0x00007ff993410000 - 0x00007ff993419000 	C:\Users\Константин\.jdks\corretto-17.0.10\bin\extnet.dll
0x00007ff99ac90000 - 0x00007ff99ad5b000 	C:\Windows\SYSTEM32\DNSAPI.dll
0x00007ff99ac50000 - 0x00007ff99ac8b000 	C:\Windows\SYSTEM32\IPHLPAPI.DLL
0x00007ff99d170000 - 0x00007ff99d178000 	C:\Windows\System32\NSI.dll
0x0000000069d20000 - 0x0000000069d46000 	C:\Program Files\Bonjour\mdnsNSP.dll
0x00007ff9933f0000 - 0x00007ff9933fa000 	C:\Windows\System32\rasadhlp.dll
0x00007ff993740000 - 0x00007ff9937c0000 	C:\Windows\System32\fwpuclnt.dll
0x00007ff99bb10000 - 0x00007ff99bb37000 	C:\Windows\System32\bcrypt.dll
0x00007ff994160000 - 0x00007ff994169000 	C:\Users\Константин\.jdks\corretto-17.0.10\bin\management.dll
0x00007ff994020000 - 0x00007ff99402b000 	C:\Users\Константин\.jdks\corretto-17.0.10\bin\management_ext.dll
0x00007ff99ce80000 - 0x00007ff99ce88000 	C:\Windows\System32\PSAPI.DLL
0x00007ff99b220000 - 0x00007ff99b238000 	C:\Windows\SYSTEM32\CRYPTSP.dll
0x00007ff99b130000 - 0x00007ff99b147000 	C:\Program Files\Common Files\Crypto Pro\AppCompat\cpadvai.dll
0x00007ff99a8c0000 - 0x00007ff99a8f4000 	C:\Windows\system32\rsaenh.dll
0x00007ff99b750000 - 0x00007ff99b77e000 	C:\Windows\SYSTEM32\USERENV.dll
0x00007ff99b150000 - 0x00007ff99b15c000 	C:\Windows\SYSTEM32\CRYPTBASE.dll
0x00007ff993480000 - 0x00007ff993497000 	C:\Windows\SYSTEM32\dhcpcsvc6.DLL
0x00007ff9933d0000 - 0x00007ff9933ed000 	C:\Windows\SYSTEM32\dhcpcsvc.DLL
0x00007ff97d350000 - 0x00007ff97d367000 	C:\Windows\system32\napinsp.dll
0x00007ff97ce80000 - 0x00007ff97ce9b000 	C:\Windows\system32\pnrpnsp.dll
0x00007ff996420000 - 0x00007ff996435000 	C:\Windows\system32\wshbth.dll
0x00007ff997de0000 - 0x00007ff997dfd000 	C:\Windows\system32\NLAapi.dll
0x00007ff97ce60000 - 0x00007ff97ce72000 	C:\Windows\System32\winrnr.dll
0x00007ff9932a0000 - 0x00007ff9932ae000 	C:\Users\Константин\.jdks\corretto-17.0.10\bin\sunmscapi.dll
0x00007ff99c070000 - 0x00007ff99c1c6000 	C:\Windows\System32\CRYPT32.dll
0x00007ff99b330000 - 0x00007ff99b357000 	C:\Windows\SYSTEM32\ncrypt.dll
0x00007ff99b360000 - 0x00007ff99b381000 	C:\Program Files\Common Files\Crypto Pro\AppCompat\cpcrypt.dll
0x00007ff99b2f0000 - 0x00007ff99b32b000 	C:\Windows\SYSTEM32\NTASN1.dll
0x00007ff98f100000 - 0x00007ff98f110000 	C:\Users\Константин\.jdks\corretto-17.0.10\bin\verify.dll

dbghelp: loaded successfully - version: 4.0.5 - missing functions: none
symbol engine: initialized successfully - sym options: 0x614 - pdb path: .;C:\Users\Константин\.jdks\corretto-17.0.10\bin;C:\Windows\SYSTEM32;C:\Windows\WinSxS\amd64_microsoft.windows.common-controls_6595b64144ccf1df_6.0.19041.1110_none_60b5254171f9507e;C:\Users\Константин\.jdks\corretto-17.0.10\bin\server;C:\Program Files\JetBrains\IntelliJ IDEA 2024.1.6\bin;C:\Program Files\Bonjour;C:\Program Files\Common Files\Crypto Pro\AppCompat

VM Arguments:
jvm_args: -XX:TieredStopAtLevel=1 -Dspring.output.ansi.enabled=always -Dcom.sun.management.jmxremote -Dspring.jmx.enabled=true -Dspring.liveBeansView.mbeanDomain -Dspring.application.admin.enabled=true -Dmanagement.endpoints.jmx.exposure.include=* -javaagent:C:\Program Files\JetBrains\IntelliJ IDEA 2024.1.6\lib\idea_rt.jar=65069:C:\Program Files\JetBrains\IntelliJ IDEA 2024.1.6\bin -Dfile.encoding=UTF-8 
java_command: ru.t1.java.demo.T1JavaDemoApplication
java_class_path (initial): C:\Users\Константин\dev\test\t1_java_\target\classes;C:\Users\Константин\.m2\repository\org\springframework\boot\spring-boot-starter-actuator\3.3.3\spring-boot-starter-actuator-3.3.3.jar;C:\Users\Константин\.m2\repository\org\springframework\boot\spring-boot-starter\3.3.3\spring-boot-starter-3.3.3.jar;C:\Users\Константин\.m2\repository\org\springframework\boot\spring-boot-starter-logging\3.3.3\spring-boot-starter-logging-3.3.3.jar;C:\Users\Константин\.m2\repository\org\apache\logging\log4j\log4j-to-slf4j\2.23.1\log4j-to-slf4j-2.23.1.jar;C:\Users\Константин\.m2\repository\org\apache\logging\log4j\log4j-api\2.23.1\log4j-api-2.23.1.jar;C:\Users\Константин\.m2\repository\org\slf4j\jul-to-slf4j\2.0.16\jul-to-slf4j-2.0.16.jar;C:\Users\Константин\.m2\repository\jakarta\annotation\jakarta.annotation-api\2.1.1\jakarta.annotation-api-2.1.1.jar;C:\Users\Константин\.m2\repository\org\springframework\boot\spring-boot-actuator-autoconfigure\3.3.3\spring-boot-actuator-autoconfigure-3.3.3.jar;C:\Users\Константин\.m2\repository\org\springframework\boot\spring-boot-actuator\3.3.3\spring-boot-actuator-3.3.3.jar;C:\Users\Константин\.m2\repository\com\fasterxml\jackson\datatype\jackson-datatype-jsr310\2.17.2\jackson-datatype-jsr310-2.17.2.jar;C:\Users\Константин\.m2\repository\io\micrometer\micrometer-observation\1.13.3\micrometer-observation-1.13.3.jar;C:\Users\Константин\.m2\repository\io\micrometer\micrometer-commons\1.13.3\micrometer-commons-1.13.3.jar;C:\Users\Константин\.m2\repository\io\micrometer\micrometer-jakarta9\1.13.3\micrometer-jakarta9-1.13.3.jar;C:\Users\Константин\.m2\repository\io\micrometer\micrometer-core\1.13.3\micrometer-core-1.13.3.jar;C:\Users\Константин\.m2\repository\org\hdrhistogram\HdrHistogram\2.2.2\HdrHistogram-2.2.2.jar;C:\Users\Константин\.m2\repository\org\latencyutils\LatencyUtils\2.0.3\LatencyUtils-2.0.3.jar;C:\Users\Константин\.m2\repository\org\springframework\boot\spring-boot-starter-batch\3.3.3\spring-boot-starter-batch
Launcher Type: SUN_STANDARD

[Global flags]
     intx CICompilerCount                          = 12                                        {product} {ergonomic}
     uint ConcGCThreads                            = 3                                         {product} {ergonomic}
     uint G1ConcRefinementThreads                  = 13                                        {product} {ergonomic}
   size_t G1HeapRegionSize                         = 2097152                                   {product} {ergonomic}
    uintx GCDrainStackTargetSize                   = 64                                        {product} {ergonomic}
   size_t InitialHeapSize                          = 266338304                                 {product} {ergonomic}
     bool ManagementServer                         = true                                      {product} {command line}
   size_t MarkStackSize                            = 4194304                                   {product} {ergonomic}
   size_t MaxHeapSize                              = 4257218560                                {product} {ergonomic}
   size_t MaxNewSize                               = 2554331136                                {product} {ergonomic}
   size_t MinHeapDeltaBytes                        = 2097152                                   {product} {ergonomic}
   size_t MinHeapSize                              = 8388608                                   {product} {ergonomic}
    uintx NonProfiledCodeHeapSize                  = 0                                      {pd product} {ergonomic}
     bool ProfileInterpreter                       = false                                  {pd product} {command line}
    uintx ProfiledCodeHeapSize                     = 0                                      {pd product} {ergonomic}
   size_t SoftMaxHeapSize                          = 4257218560                             {manageable} {ergonomic}
     intx TieredStopAtLevel                        = 1                                         {product} {command line}
     bool UseCompressedClassPointers               = true                           {product lp64_product} {ergonomic}
     bool UseCompressedOops                        = true                           {product lp64_product} {ergonomic}
     bool UseG1GC                                  = true                                      {product} {ergonomic}
     bool UseLargePagesIndividualAllocation        = false                                  {pd product} {ergonomic}

Logging:
Log output configuration:
 #0: stdout all=warning uptime,level,tags
 #1: stderr all=off uptime,level,tags

Environment Variables:
JAVA_HOME=C:\Program Files\Amazon Corretto\jdk11.0.14_9
PATH=C:\Program Files\Amazon Corretto\jdk11.0.14_9\bin;C:\Program Files\Microsoft MPI\Bin\;C:\Program Files (x86)\Common Files\Oracle\Java\javapath;C:\Windows\system32;C:\Windows;C:\Windows\System32\Wbem;C:\Windows\System32\WindowsPowerShell\v1.0\;c:\Program Files (x86)\Microsoft SQL Server\90\Tools\binn\;C:\Program Files\Microsoft SQL Server\90\DTS\Binn\;C:\Program Files (x86)\Microsoft SQL Server\90\DTS\Binn\;C:\Program Files (x86)\BMC Software\BMC AppSight\AppSight for Windows\Bin;C:\Program Files\PuTTY\;C:\Program Files\Git\cmd;C:\Program Files\apache-maven-3.8.4\bin;C:\Program Files (x86)\NVIDIA Corporation\PhysX\Common;C:\Program Files\Docker\Docker\resources\bin;C:\Program Files\Microsoft VS Code\bin;C:\Program Files\nodejs\;C:\ProgramData\chocolatey\bin;C:\kafka_2.13-3.8.0\bin\windows;C:\Users\Константин\AppData\Local\Microsoft\WindowsApps;C:\msys64\ucrt64\bin;C:\Users\Константин\AppData\Roaming\npm;C:\Program Files\nodejs\;C:\Program Files (x86)\GnuWin32\bin;
USERNAME=Константин
OS=Windows_NT
PROCESSOR_IDENTIFIER=Intel64 Family 6 Model 141 Stepping 1, GenuineIntel
TMP=C:\Temp
TEMP=C:\Temp



Periodic native trim disabled


---------------  S Y S T E M  ---------------

OS:
 Windows 10 , 64 bit Build 19041 (10.0.19041.1741)
OS uptime: 0 days 8:03 hours
Hyper-V role detected

CPU: total 16 (initial active 16) (8 cores per cpu, 2 threads per core) family 6 model 141 stepping 1 microcode 0x3c, cx8, cmov, fxsr, ht, mmx, 3dnowpref, sse, sse2, sse3, ssse3, sse4.1, sse4.2, popcnt, lzcnt, tsc, tscinvbit, avx, avx2, aes, erms, clmul, bmi1, bmi2, adx, avx512f, avx512dq, avx512cd, avx512bw, avx512vl, sha, fma, vzeroupper, avx512_vpopcntdq, avx512_vpclmulqdq, avx512_vaes, avx512_vnni, clflush, clflushopt, clwb, avx512_vbmi2, avx512_vbmi, hv
Processor Information for all 16 processors :
  Max Mhz: 2304, Current Mhz: 2304, Mhz Limit: 2304

Memory: 4k page, system-wide physical 16235M (2170M free)
TotalPageFile size 16235M (AvailPageFile size 27M)
current process WorkingSet (physical memory assigned to process): 248M, peak: 253M
current process commit charge ("private bytes"): 338M, peak: 393M

vm_info: OpenJDK 64-Bit Server VM (17.0.10+7-LTS) for windows-amd64 JRE (17.0.10+7-LTS), built on Jan 10 2024 22:11:07 by "Administrator" with MS VC++ 16.10 / 16.11 (VS2019)

END.
