#
# There is insufficient memory for the Java Runtime Environment to continue.
# Native memory allocation (malloc) failed to allocate 1048576 bytes. Error detail: AllocateHeap
# Possible reasons:
#   The system is out of physical RAM or swap space
#   This process is running with CompressedOops enabled, and the Java Heap may be blocking the growth of the native heap
# Possible solutions:
#   Reduce memory load on the system
#   Increase physical memory or swap space
#   Check if swap backing store is full
#   Decrease Java heap size (-Xmx/-Xms)
#   Decrease number of Java threads
#   Decrease Java thread stack sizes (-Xss)
#   Set larger code cache with -XX:ReservedCodeCacheSize=
#   JVM is running with Zero Based Compressed Oops mode in which the Java heap is
#     placed in the first 32GB address space. The Java Heap base address is the
#     maximum limit for the native heap growth. Please use -XX:HeapBaseMinAddress
#     to set the Java Heap base and to place the Java Heap above 32GB virtual address.
# This output file may be truncated or incomplete.
#
#  Out of Memory Error (allocation.cpp:44), pid=8260, tid=1708
#
# JRE version:  (17.0.11+1) (build )
# Java VM: OpenJDK 64-Bit Server VM (17.0.11+1-b1207.30, mixed mode, sharing, tiered, compressed oops, compressed class ptrs, g1 gc, windows-amd64)
# No core dump will be written. Minidumps are not enabled by default on client versions of Windows
#

---------------  S U M M A R Y ------------

Command Line: externalApp.nativessh.NativeSshAskPassApp Enter passphrase for key '/c/Users/Константин/.ssh/id_ed25519': 

Host: 11th Gen Intel(R) Core(TM) i7-11800H @ 2.30GHz, 16 cores, 15G,  Windows 10 , 64 bit Build 19041 (10.0.19041.1741)
Time: Thu Oct  3 15:48:57 2024 RTZ 2 (s 10 , 64 bit Build 19041 (10.0.19041.1741) elapsed time: 0.006015 seconds (0d 0h 0m 0s)

---------------  T H R E A D  ---------------

Current thread (0x000001cfeb5dc5c0):  JavaThread "Unknown thread" [_thread_in_vm, id=1708, stack(0x000000c643500000,0x000000c643600000)]

Stack: [0x000000c643500000,0x000000c643600000]
Native frames: (J=compiled Java code, j=interpreted, Vv=VM code, C=native code)
V  [jvm.dll+0x6877f9]
V  [jvm.dll+0x8411aa]
V  [jvm.dll+0x842e2e]
V  [jvm.dll+0x843493]
V  [jvm.dll+0x249fdf]
V  [jvm.dll+0xa6cc3]
V  [jvm.dll+0x2e9c27]
V  [jvm.dll+0x2e18bb]
V  [jvm.dll+0x811c71]
V  [jvm.dll+0x36f7c8]
V  [jvm.dll+0x7f05f6]
V  [jvm.dll+0x3f398f]
V  [jvm.dll+0x3f5541]
C  [jli.dll+0x528f]
C  [ucrtbase.dll+0x21bb2]
C  [KERNEL32.DLL+0x17034]
C  [ntdll.dll+0x52651]


---------------  P R O C E S S  ---------------

Threads class SMR info:
_java_thread_list=0x00007ff945b1efd8, length=0, elements={
}

Java Threads: ( => current thread )

Other Threads:
  0x000001cfeb647d60 GCTaskThread "GC Thread#0" [stack: 0x000000c643600000,0x000000c643700000] [id=1700]

[error occurred during error reporting (printing all threads), id 0xc0000005, EXCEPTION_ACCESS_VIOLATION (0xc0000005) at pc=0x00007ff9452ceb70]

VM state: not at safepoint (not fully initialized)

VM Mutex/Monitor currently owned by a thread:  ([mutex/lock_event])
[0x000001cfeb5d7f40] Heap_lock - owner thread: 0x000001cfeb5dc5c0

Heap address: 0x0000000702400000, size: 4060 MB, Compressed Oops mode: Zero based, Oop shift amount: 3

CDS archive(s) mapped at: [0x0000000000000000-0x0000000000000000-0x0000000000000000), size 0, SharedBaseAddress: 0x0000000800000000, ArchiveRelocationMode: 1.
Narrow klass base: 0x0000000000000000, Narrow klass shift: 0, Narrow klass range: 0x0

GC Precious Log:
<Empty>

Heap:
 garbage-first heap   total 0K, used 0K [0x0000000702400000, 0x0000000800000000)
  region size 2048K, 0 young (0K), 0 survivors (0K)
 Metaspace       used 0K, committed 0K, reserved 0K
  class space    used 0K, committed 0K, reserved 0K

Heap Regions: E=young(eden), S=young(survivor), O=old, HS=humongous(starts), HC=humongous(continues), CS=collection set, F=free, OA=open archive, CA=closed archive, TAMS=top-at-mark-start (previous, next)

Card table byte_map: [0x000001cffedf0000,0x000001cfff5e0000] _byte_map_base: 0x000001cffb5de000

GC Heap History (0 events):
No events

Dll operation events (1 events):
Event: 0.004 Loaded shared library C:\Program Files\JetBrains\IntelliJ IDEA 2024.1.6\jbr\bin\java.dll

Deoptimization events (0 events):
No events

Classes unloaded (0 events):
No events

Classes redefined (0 events):
No events

Internal exceptions (0 events):
No events

VM Operations (0 events):
No events

Events (0 events):
No events


Dynamic libraries:
0x00007ff6c1210000 - 0x00007ff6c121a000 	C:\Program Files\JetBrains\IntelliJ IDEA 2024.1.6\jbr\bin\java.exe
0x00007ff99e170000 - 0x00007ff99e367000 	C:\Windows\SYSTEM32\ntdll.dll
0x00007ff99d1f0000 - 0x00007ff99d2ad000 	C:\Windows\System32\KERNEL32.DLL
0x00007ff99bca0000 - 0x00007ff99bf6d000 	C:\Windows\System32\KERNELBASE.dll
0x00007ff99bf70000 - 0x00007ff99c070000 	C:\Windows\System32\ucrtbase.dll
0x00007ff9943c0000 - 0x00007ff9943db000 	C:\Program Files\JetBrains\IntelliJ IDEA 2024.1.6\jbr\bin\VCRUNTIME140.dll
0x00007ff997fb0000 - 0x00007ff997fc7000 	C:\Program Files\JetBrains\IntelliJ IDEA 2024.1.6\jbr\bin\jli.dll
0x00007ff99d360000 - 0x00007ff99d500000 	C:\Windows\System32\USER32.dll
0x00007ff99b9e0000 - 0x00007ff99ba02000 	C:\Windows\System32\win32u.dll
0x00007ff9837b0000 - 0x00007ff983a4a000 	C:\Windows\WinSxS\amd64_microsoft.windows.common-controls_6595b64144ccf1df_6.0.19041.1110_none_60b5254171f9507e\COMCTL32.dll
0x00007ff99d140000 - 0x00007ff99d16a000 	C:\Windows\System32\GDI32.dll
0x00007ff99cdb0000 - 0x00007ff99ce4e000 	C:\Windows\System32\msvcrt.dll
0x00007ff99bb90000 - 0x00007ff99bc9b000 	C:\Windows\System32\gdi32full.dll
0x00007ff99b940000 - 0x00007ff99b9dd000 	C:\Windows\System32\msvcp_win.dll
0x00007ff99ce50000 - 0x00007ff99ce80000 	C:\Windows\System32\IMM32.DLL
0x00007ff997ff0000 - 0x00007ff997ffc000 	C:\Program Files\JetBrains\IntelliJ IDEA 2024.1.6\jbr\bin\vcruntime140_1.dll
0x00007ff9760e0000 - 0x00007ff97616d000 	C:\Program Files\JetBrains\IntelliJ IDEA 2024.1.6\jbr\bin\msvcp140.dll
0x00007ff944fe0000 - 0x00007ff945c63000 	C:\Program Files\JetBrains\IntelliJ IDEA 2024.1.6\jbr\bin\server\jvm.dll
0x00007ff99d870000 - 0x00007ff99d91e000 	C:\Windows\System32\ADVAPI32.dll
0x00007ff99c380000 - 0x00007ff99c41c000 	C:\Windows\System32\sechost.dll
0x00007ff99d5f0000 - 0x00007ff99d715000 	C:\Windows\System32\RPCRT4.dll
0x00007ff99ad70000 - 0x00007ff99adbb000 	C:\Windows\SYSTEM32\POWRPROF.dll
0x00007ff97e810000 - 0x00007ff97e819000 	C:\Windows\SYSTEM32\WSOCK32.dll
0x00007ff98cb10000 - 0x00007ff98cb37000 	C:\Windows\SYSTEM32\WINMM.dll
0x00007ff99d180000 - 0x00007ff99d1eb000 	C:\Windows\System32\WS2_32.dll
0x00007ff9931d0000 - 0x00007ff9931da000 	C:\Windows\SYSTEM32\VERSION.dll
0x00007ff99ac30000 - 0x00007ff99ac42000 	C:\Windows\SYSTEM32\UMPDC.dll
0x00007ff999270000 - 0x00007ff999282000 	C:\Windows\SYSTEM32\kernel.appcore.dll
0x00007ff998070000 - 0x00007ff99807a000 	C:\Program Files\JetBrains\IntelliJ IDEA 2024.1.6\jbr\bin\jimage.dll
0x00007ff98aa50000 - 0x00007ff98ac34000 	C:\Windows\SYSTEM32\DBGHELP.DLL
0x00007ff973c90000 - 0x00007ff973cbc000 	C:\Windows\SYSTEM32\dbgcore.DLL
0x00007ff99ba80000 - 0x00007ff99bb02000 	C:\Windows\System32\bcryptPrimitives.dll
0x00007ff9963c0000 - 0x00007ff9963e5000 	C:\Program Files\JetBrains\IntelliJ IDEA 2024.1.6\jbr\bin\java.dll

dbghelp: loaded successfully - version: 4.0.5 - missing functions: none
symbol engine: initialized successfully - sym options: 0x614 - pdb path: .;C:\Program Files\JetBrains\IntelliJ IDEA 2024.1.6\jbr\bin;C:\Windows\SYSTEM32;C:\Windows\WinSxS\amd64_microsoft.windows.common-controls_6595b64144ccf1df_6.0.19041.1110_none_60b5254171f9507e;C:\Program Files\JetBrains\IntelliJ IDEA 2024.1.6\jbr\bin\server

VM Arguments:
java_command: externalApp.nativessh.NativeSshAskPassApp Enter passphrase for key '/c/Users/Константин/.ssh/id_ed25519': 
java_class_path (initial): C:/Program Files/JetBrains/IntelliJ IDEA 2024.1.6/lib/externalProcess-rt.jar
Launcher Type: SUN_STANDARD

[Global flags]
     intx CICompilerCount                          = 12                                        {product} {ergonomic}
     uint ConcGCThreads                            = 3                                         {product} {ergonomic}
     uint G1ConcRefinementThreads                  = 13                                        {product} {ergonomic}
   size_t G1HeapRegionSize                         = 2097152                                   {product} {ergonomic}
    uintx GCDrainStackTargetSize                   = 64                                        {product} {ergonomic}
   size_t InitialHeapSize                          = 266338304                                 {product} {ergonomic}
   size_t MarkStackSize                            = 4194304                                   {product} {ergonomic}
   size_t MaxHeapSize                              = 4257218560                                {product} {ergonomic}
   size_t MinHeapDeltaBytes                        = 2097152                                   {product} {ergonomic}
   size_t MinHeapSize                              = 8388608                                   {product} {ergonomic}
    uintx NonNMethodCodeHeapSize                   = 7602480                                {pd product} {ergonomic}
    uintx NonProfiledCodeHeapSize                  = 122027880                              {pd product} {ergonomic}
    uintx ProfiledCodeHeapSize                     = 122027880                              {pd product} {ergonomic}
    uintx ReservedCodeCacheSize                    = 251658240                              {pd product} {ergonomic}
     bool SegmentedCodeCache                       = true                                      {product} {ergonomic}
   size_t SoftMaxHeapSize                          = 4257218560                             {manageable} {ergonomic}
     bool UseCompressedClassPointers               = true                           {product lp64_product} {ergonomic}
     bool UseCompressedOops                        = true                           {product lp64_product} {ergonomic}
     bool UseG1GC                                  = true                                      {product} {ergonomic}
     bool UseLargePagesIndividualAllocation        = false                                  {pd product} {ergonomic}

Logging:
Log output configuration:
 #0: stdout all=warning uptime,level,tags
 #1: stderr all=off uptime,level,tags

Environment Variables:
JAVA_HOME=C:\Program Files\Amazon Corretto\jdk11.0.14_9
PATH=C:\Program Files\Git\mingw64\libexec\git-core;C:\Program Files\Git\mingw64\bin;C:\Program Files\Git\usr\bin;C:\Users\Константин\bin;C:\Program Files\Amazon Corretto\jdk11.0.14_9\bin;C:\Program Files\Microsoft MPI\Bin;C:\Program Files (x86)\Common Files\Oracle\Java\javapath;C:\Windows\system32;C:\Windows;C:\Windows\System32\Wbem;C:\Windows\System32\WindowsPowerShell\v1.0;C:\Program Files (x86)\Microsoft SQL Server\90\Tools\binn;C:\Program Files\Microsoft SQL Server\90\DTS\Binn;C:\Program Files (x86)\Microsoft SQL Server\90\DTS\Binn;C:\Program Files (x86)\BMC Software\BMC AppSight\AppSight for Windows\Bin;C:\Program Files\PuTTY;C:\Program Files\Git\cmd;C:\Program Files\apache-maven-3.8.4\bin;C:\Program Files (x86)\NVIDIA Corporation\PhysX\Common;C:\Program Files\Docker\Docker\resources\bin;C:\Program Files\Microsoft VS Code\bin;C:\Program Files\nodejs;C:\ProgramData\chocolatey\bin;C:\kafka_2.13-3.8.0\bin\windows;C:\Users\Константин\AppData\Local\Microsoft\WindowsApps;C:\msys64\ucrt64\bin;C:\Users\Константин\AppData\Roaming\npm;C:\Program Files\nodejs;C:\Program Files (x86)\GnuWin32\bin
USERNAME=Константин
DISPLAY=:0.0
LC_ALL=en_US.UTF-8
TERM=cygwin
TMPDIR=C:\Temp
OS=Windows_NT
PROCESSOR_IDENTIFIER=Intel64 Family 6 Model 141 Stepping 1, GenuineIntel
TMP=C:\Temp
TEMP=C:\Temp



Periodic native trim disabled

JNI global refs:
JNI global refs: 0, weak refs: 0

JNI global refs memory usage: 0, weak refs: 0

Process memory usage:
Resident Set Size: 10744K (0% of 16624952K total physical memory with 2209876K free physical memory)

OOME stack traces (most recent first):
Classloader memory used:


---------------  S Y S T E M  ---------------

OS:
 Windows 10 , 64 bit Build 19041 (10.0.19041.1741)
OS uptime: 0 days 7:51 hours
Hyper-V role detected

CPU: total 16 (initial active 16) (8 cores per cpu, 2 threads per core) family 6 model 141 stepping 1 microcode 0x3c, cx8, cmov, fxsr, ht, mmx, 3dnowpref, sse, sse2, sse3, ssse3, sse4.1, sse4.2, popcnt, lzcnt, tsc, tscinvbit, avx, avx2, aes, erms, clmul, bmi1, bmi2, adx, avx512f, avx512dq, avx512cd, avx512bw, avx512vl, sha, fma, vzeroupper, avx512_vpopcntdq, avx512_vpclmulqdq, avx512_vaes, avx512_vnni, clflush, clflushopt, clwb, avx512_vbmi2, avx512_vbmi, hv
Processor Information for all 16 processors :
  Max Mhz: 2304, Current Mhz: 2304, Mhz Limit: 2304

Memory: 4k page, system-wide physical 16235M (2158M free)
TotalPageFile size 16235M (AvailPageFile size 5M)
current process WorkingSet (physical memory assigned to process): 10M, peak: 10M
current process commit charge ("private bytes"): 68M, peak: 69M

vm_info: OpenJDK 64-Bit Server VM (17.0.11+1-b1207.30) for windows-amd64 JRE (17.0.11+1-b1207.30), built on 2024-07-12 by "builduser" with MS VC++ 16.10 / 16.11 (VS2019)

END.
