#
# There is insufficient memory for the Java Runtime Environment to continue.
# Native memory allocation (mmap) failed to map 65536 bytes for Failed to commit metaspace.
# Possible reasons:
#   The system is out of physical RAM or swap space
#   The process is running with CompressedOops enabled, and the Java Heap may be blocking the growth of the native heap
# Possible solutions:
#   Reduce memory load on the system
#   Increase physical memory or swap space
#   Check if swap backing store is full
#   Decrease Java heap size (-Xmx/-Xms)
#   Decrease number of Java threads
#   Decrease Java thread stack sizes (-Xss)
#   Set larger code cache with -XX:ReservedCodeCacheSize=
#   JVM is running with Zero Based Compressed Oops mode in which the Java heap is
#     placed in the first 32GB address space. The Java Heap base address is the
#     maximum limit for the native heap growth. Please use -XX:HeapBaseMinAddress
#     to set the Java Heap base and to place the Java Heap above 32GB virtual address.
# This output file may be truncated or incomplete.
#
#  Out of Memory Error (virtualSpaceNode.cpp:110), pid=17340, tid=17988
#
# JRE version: OpenJDK Runtime Environment Corretto-17.0.10.7.1 (17.0.10+7) (build 17.0.10+7-LTS)
# Java VM: OpenJDK 64-Bit Server VM Corretto-17.0.10.7.1 (17.0.10+7-LTS, mixed mode, emulated-client, sharing, tiered, compressed oops, compressed class ptrs, g1 gc, windows-amd64)
# No core dump will be written. Minidumps are not enabled by default on client versions of Windows
#

---------------  S U M M A R Y ------------

Command Line: -XX:TieredStopAtLevel=1 -Dspring.output.ansi.enabled=always -Dcom.sun.management.jmxremote -Dspring.jmx.enabled=true -Dspring.liveBeansView.mbeanDomain -Dspring.application.admin.enabled=true -Dmanagement.endpoints.jmx.exposure.include=* -javaagent:C:\Program Files\JetBrains\IntelliJ IDEA 2024.1.6\lib\idea_rt.jar=56411:C:\Program Files\JetBrains\IntelliJ IDEA 2024.1.6\bin -Dfile.encoding=UTF-8 ru.t1.java.demo.T1JavaDemoApplication

Host: 11th Gen Intel(R) Core(TM) i7-11800H @ 2.30GHz, 16 cores, 15G,  Windows 10 , 64 bit Build 19041 (10.0.19041.1741)
Time: Wed Oct  2 21:11:19 2024 RTZ 2 (s 10 , 64 bit Build 19041 (10.0.19041.1741) elapsed time: 0.368320 seconds (0d 0h 0m 0s)

---------------  T H R E A D  ---------------

Current thread (0x000001d05fe62630):  JavaThread "main" [_thread_in_vm, id=17988, stack(0x0000005d02800000,0x0000005d02900000)]

Stack: [0x0000005d02800000,0x0000005d02900000]
Native frames: (J=compiled Java code, j=interpreted, Vv=VM code, C=native code)
V  [jvm.dll+0x67d2c9]
V  [jvm.dll+0x834b1a]
V  [jvm.dll+0x8365de]
V  [jvm.dll+0x836c43]
V  [jvm.dll+0x2477ff]
V  [jvm.dll+0x8307db]
V  [jvm.dll+0x621d16]
V  [jvm.dll+0x621d7a]
V  [jvm.dll+0x6245aa]
V  [jvm.dll+0x6226b6]
V  [jvm.dll+0x24516c]
V  [jvm.dll+0x6d413d]
V  [jvm.dll+0x6d4b7f]
V  [jvm.dll+0x373644]
V  [jvm.dll+0x3726c4]
V  [jvm.dll+0x372668]
V  [jvm.dll+0x564ab5]
V  [jvm.dll+0x5639c4]
V  [jvm.dll+0x386672]
V  [jvm.dll+0x385cdf]
C  0x000001d0679890f9

The last pc belongs to invokestatic (printed below).
Java frames: (J=compiled Java code, j=interpreted, Vv=VM code)
j  java.lang.StackWalker.walk(Ljava/util/function/Function;)Ljava/lang/Object;+7 java.base@17.0.10
j  org.springframework.boot.SpringApplication.deduceMainApplicationClass()Ljava/lang/Class;+12
j  org.springframework.boot.SpringApplication.<init>(Lorg/springframework/core/io/ResourceLoader;[Ljava/lang/Class;)V+150
j  org.springframework.boot.SpringApplication.<init>([Ljava/lang/Class;)V+3
j  org.springframework.boot.SpringApplication.run([Ljava/lang/Class;[Ljava/lang/String;)Lorg/springframework/context/ConfigurableApplicationContext;+5
j  org.springframework.boot.SpringApplication.run(Ljava/lang/Class;[Ljava/lang/String;)Lorg/springframework/context/ConfigurableApplicationContext;+9
j  ru.t1.java.demo.T1JavaDemoApplication.main([Ljava/lang/String;)V+3
v  ~StubRoutines::call_stub
invokestatic  184 invokestatic  [0x000001d067989040, 0x000001d0679891a0]  352 bytes
[MachCode]
  0x000001d067989040: 4883 ec08 | c5fa 1104 | 24eb 1f48 | 83ec 10c5 | fb11 0424 | eb14 4883 | ec10 4889 | 0424 48c7 
  0x000001d067989060: 4424 0800 | 0000 00eb | 0150 4c89 | 6dc0 410f | b755 0148 | 8b4d d0c1 | e202 8b5c | d120 c1eb 
  0x000001d067989080: 1081 e3ff | 0000 0081 | fbb8 0000 | 000f 84b6 | 0000 00bb | b800 0000 | e805 0000 | 00e9 9b00 
  0x000001d0679890a0: 0000 488b | d348 8d44 | 2408 4c89 | 6dc0 498b | cfc5 f877 | 4989 afa8 | 0200 0049 | 8987 9802 
  0x000001d0679890c0: 0000 4883 | ec20 f7c4 | 0f00 0000 | 0f84 1a00 | 0000 4883 | ec08 49ba | 705c ba93 | f97f 0000 
  0x000001d0679890e0: 41ff d248 | 83c4 08e9 | 0d00 0000 | 49ba 705c | ba93 f97f | 0000 41ff | d248 83c4 | 2049 c787 
  0x000001d067989100: 9802 0000 | 0000 0000 | 49c7 87a8 | 0200 0000 | 0000 0049 | c787 a002 | 0000 0000 | 0000 c5f8 
  0x000001d067989120: 7749 817f | 0800 0000 | 000f 8405 | 0000 00e9 | cc7d feff | 4c8b 6dc0 | 4c8b 75c8 | c341 0fb7 
  0x000001d067989140: 5501 488b | 4dd0 c1e2 | 0248 8b5c | d128 488b | 5b08 488b | 5b08 488b | 5b18 80bb | 3301 0000 
  0x000001d067989160: 040f 840d | 0000 004c | 3bbb 3801 | 0000 0f85 | 1fff ffff | 488b 5cd1 | 288b 54d1 | 38c1 ea1c 
  0x000001d067989180: 49ba a060 | 3c94 f97f | 0000 498b | 14d2 524c | 8d6c 2408 | 4c89 6df0 | ff63 500f | 1f44 0000 
[/MachCode]

---------------  P R O C E S S  ---------------

Threads class SMR info:
_java_thread_list=0x000001d07c53d120, length=15, elements={
0x000001d05fe62630, 0x000001d076b11e30, 0x000001d076b129f0, 0x000001d076b265b0,
0x000001d076b28e90, 0x000001d076b2a070, 0x000001d076b2aa30, 0x000001d076b2d4b0,
0x000001d076b313b0, 0x000001d0777a1510, 0x000001d077878800, 0x000001d077879d30,
0x000001d07c33f0b0, 0x000001d07c33f590, 0x000001d07c445f70
}

Java Threads: ( => current thread )
=>0x000001d05fe62630 JavaThread "main" [_thread_in_vm, id=17988, stack(0x0000005d02800000,0x0000005d02900000)]
  0x000001d076b11e30 JavaThread "Reference Handler" daemon [_thread_blocked, id=1452, stack(0x0000005d02f00000,0x0000005d03000000)]
  0x000001d076b129f0 JavaThread "Finalizer" daemon [_thread_blocked, id=11816, stack(0x0000005d03000000,0x0000005d03100000)]
  0x000001d076b265b0 JavaThread "Signal Dispatcher" daemon [_thread_blocked, id=15776, stack(0x0000005d03100000,0x0000005d03200000)]
  0x000001d076b28e90 JavaThread "Attach Listener" daemon [_thread_blocked, id=13904, stack(0x0000005d03200000,0x0000005d03300000)]
  0x000001d076b2a070 JavaThread "Service Thread" daemon [_thread_blocked, id=7412, stack(0x0000005d03300000,0x0000005d03400000)]
  0x000001d076b2aa30 JavaThread "Monitor Deflation Thread" daemon [_thread_blocked, id=18348, stack(0x0000005d03400000,0x0000005d03500000)]
  0x000001d076b2d4b0 JavaThread "C1 CompilerThread0" daemon [_thread_blocked, id=14264, stack(0x0000005d03500000,0x0000005d03600000)]
  0x000001d076b313b0 JavaThread "Sweeper thread" daemon [_thread_blocked, id=16588, stack(0x0000005d03600000,0x0000005d03700000)]
  0x000001d0777a1510 JavaThread "Common-Cleaner" daemon [_thread_blocked, id=14096, stack(0x0000005d03700000,0x0000005d03800000)]
  0x000001d077878800 JavaThread "C1 CompilerThread1" daemon [_thread_blocked, id=12880, stack(0x0000005d03800000,0x0000005d03900000)]
  0x000001d077879d30 JavaThread "C1 CompilerThread2" daemon [_thread_blocked, id=8800, stack(0x0000005d03900000,0x0000005d03a00000)]
  0x000001d07c33f0b0 JavaThread "Monitor Ctrl-Break" daemon [_thread_in_native, id=10980, stack(0x0000005d03a00000,0x0000005d03b00000)]
  0x000001d07c33f590 JavaThread "Notification Thread" daemon [_thread_blocked, id=16172, stack(0x0000005d03b00000,0x0000005d03c00000)]
  0x000001d07c445f70 JavaThread "RMI TCP Accept-0" daemon [_thread_in_native, id=9756, stack(0x0000005d03c00000,0x0000005d03d00000)]

Other Threads:
  0x000001d076b0a370 VMThread "VM Thread" [stack: 0x0000005d02e00000,0x0000005d02f00000] [id=11428]
  0x000001d07c4468d0 WatcherThread [stack: 0x0000005d03d00000,0x0000005d03e00000] [id=10104]
  0x000001d05fecbf50 GCTaskThread "GC Thread#0" [stack: 0x0000005d02900000,0x0000005d02a00000] [id=16816]
  0x000001d07c6ffab0 GCTaskThread "GC Thread#1" [stack: 0x0000005d03e00000,0x0000005d03f00000] [id=12640]
  0x000001d07c6c9670 GCTaskThread "GC Thread#2" [stack: 0x0000005d03f00000,0x0000005d04000000] [id=10696]
  0x000001d07c6c9930 GCTaskThread "GC Thread#3" [stack: 0x0000005d04000000,0x0000005d04100000] [id=12080]
  0x000001d07c6d2280 GCTaskThread "GC Thread#4" [stack: 0x0000005d04100000,0x0000005d04200000] [id=17372]
  0x000001d07c6d2950 GCTaskThread "GC Thread#5" [stack: 0x0000005d04200000,0x0000005d04300000] [id=14064]
  0x000001d05fedcc60 ConcurrentGCThread "G1 Main Marker" [stack: 0x0000005d02a00000,0x0000005d02b00000] [id=17688]
  0x000001d05fedde20 ConcurrentGCThread "G1 Conc#0" [stack: 0x0000005d02b00000,0x0000005d02c00000] [id=13644]
  0x000001d05ff0d0d0 ConcurrentGCThread "G1 Refine#0" [stack: 0x0000005d02c00000,0x0000005d02d00000] [id=11872]
  0x000001d05ff0db00 ConcurrentGCThread "G1 Service" [stack: 0x0000005d02d00000,0x0000005d02e00000] [id=13912]

Threads with active compile tasks:

VM state: not at safepoint (normal execution)

VM Mutex/Monitor currently owned by a thread:  ([mutex/lock_event])
[0x000001d05fe5e120] Metaspace_lock - owner thread: 0x000001d05fe62630

Heap address: 0x0000000702400000, size: 4060 MB, Compressed Oops mode: Zero based, Oop shift amount: 3

CDS archive(s) mapped at: [0x000001d000000000-0x000001d000bb0000-0x000001d000bb0000), size 12255232, SharedBaseAddress: 0x000001d000000000, ArchiveRelocationMode: 1.
Compressed class space mapped at: 0x000001d001000000-0x000001d041000000, reserved size: 1073741824
Narrow klass base: 0x000001d000000000, Narrow klass shift: 0, Narrow klass range: 0x100000000

GC Precious Log:
 CPUs: 16 total, 16 available
 Memory: 16235M
 Large Page Support: Disabled
 NUMA Support: Disabled
 Compressed Oops: Enabled (Zero based)
 Heap Region Size: 2M
 Heap Min Capacity: 8M
 Heap Initial Capacity: 254M
 Heap Max Capacity: 4060M
 Pre-touch: Disabled
 Parallel Workers: 13
 Concurrent Workers: 3
 Concurrent Refinement Workers: 13
 Periodic GC: Disabled

Heap:
 garbage-first heap   total 260096K, used 13332K [0x0000000702400000, 0x0000000800000000)
  region size 2048K, 5 young (10240K), 2 survivors (4096K)
 Metaspace       used 6683K, committed 6784K, reserved 1114112K
  class space    used 840K, committed 896K, reserved 1048576K

Heap Regions: E=young(eden), S=young(survivor), O=old, HS=humongous(starts), HC=humongous(continues), CS=collection set, F=free, OA=open archive, CA=closed archive, TAMS=top-at-mark-start (previous, next)
|   0|0x0000000702400000, 0x0000000702600000, 0x0000000702600000|100%| O|  |TAMS 0x0000000702400000, 0x0000000702400000| Untracked 
|   1|0x0000000702600000, 0x0000000702800000, 0x0000000702800000|100%| O|  |TAMS 0x0000000702600000, 0x0000000702600000| Untracked 
|   2|0x0000000702800000, 0x0000000702905200, 0x0000000702a00000| 51%| O|  |TAMS 0x0000000702800000, 0x0000000702800000| Untracked 
|   3|0x0000000702a00000, 0x0000000702a00000, 0x0000000702c00000|  0%| F|  |TAMS 0x0000000702a00000, 0x0000000702a00000| Untracked 
|   4|0x0000000702c00000, 0x0000000702c00000, 0x0000000702e00000|  0%| F|  |TAMS 0x0000000702c00000, 0x0000000702c00000| Untracked 
|   5|0x0000000702e00000, 0x0000000702e00000, 0x0000000703000000|  0%| F|  |TAMS 0x0000000702e00000, 0x0000000702e00000| Untracked 
|   6|0x0000000703000000, 0x0000000703000000, 0x0000000703200000|  0%| F|  |TAMS 0x0000000703000000, 0x0000000703000000| Untracked 
|   7|0x0000000703200000, 0x0000000703200000, 0x0000000703400000|  0%| F|  |TAMS 0x0000000703200000, 0x0000000703200000| Untracked 
|   8|0x0000000703400000, 0x0000000703400000, 0x0000000703600000|  0%| F|  |TAMS 0x0000000703400000, 0x0000000703400000| Untracked 
|   9|0x0000000703600000, 0x0000000703600000, 0x0000000703800000|  0%| F|  |TAMS 0x0000000703600000, 0x0000000703600000| Untracked 
|  10|0x0000000703800000, 0x0000000703800000, 0x0000000703a00000|  0%| F|  |TAMS 0x0000000703800000, 0x0000000703800000| Untracked 
|  11|0x0000000703a00000, 0x0000000703a00000, 0x0000000703c00000|  0%| F|  |TAMS 0x0000000703a00000, 0x0000000703a00000| Untracked 
|  12|0x0000000703c00000, 0x0000000703c00000, 0x0000000703e00000|  0%| F|  |TAMS 0x0000000703c00000, 0x0000000703c00000| Untracked 
|  13|0x0000000703e00000, 0x0000000703e00000, 0x0000000704000000|  0%| F|  |TAMS 0x0000000703e00000, 0x0000000703e00000| Untracked 
|  14|0x0000000704000000, 0x0000000704000000, 0x0000000704200000|  0%| F|  |TAMS 0x0000000704000000, 0x0000000704000000| Untracked 
|  15|0x0000000704200000, 0x0000000704200000, 0x0000000704400000|  0%| F|  |TAMS 0x0000000704200000, 0x0000000704200000| Untracked 
|  16|0x0000000704400000, 0x0000000704400000, 0x0000000704600000|  0%| F|  |TAMS 0x0000000704400000, 0x0000000704400000| Untracked 
|  17|0x0000000704600000, 0x0000000704600000, 0x0000000704800000|  0%| F|  |TAMS 0x0000000704600000, 0x0000000704600000| Untracked 
|  18|0x0000000704800000, 0x0000000704800000, 0x0000000704a00000|  0%| F|  |TAMS 0x0000000704800000, 0x0000000704800000| Untracked 
|  19|0x0000000704a00000, 0x0000000704a00000, 0x0000000704c00000|  0%| F|  |TAMS 0x0000000704a00000, 0x0000000704a00000| Untracked 
|  20|0x0000000704c00000, 0x0000000704c00000, 0x0000000704e00000|  0%| F|  |TAMS 0x0000000704c00000, 0x0000000704c00000| Untracked 
|  21|0x0000000704e00000, 0x0000000704e00000, 0x0000000705000000|  0%| F|  |TAMS 0x0000000704e00000, 0x0000000704e00000| Untracked 
|  22|0x0000000705000000, 0x0000000705000000, 0x0000000705200000|  0%| F|  |TAMS 0x0000000705000000, 0x0000000705000000| Untracked 
|  23|0x0000000705200000, 0x0000000705200000, 0x0000000705400000|  0%| F|  |TAMS 0x0000000705200000, 0x0000000705200000| Untracked 
|  24|0x0000000705400000, 0x0000000705400000, 0x0000000705600000|  0%| F|  |TAMS 0x0000000705400000, 0x0000000705400000| Untracked 
|  25|0x0000000705600000, 0x0000000705600000, 0x0000000705800000|  0%| F|  |TAMS 0x0000000705600000, 0x0000000705600000| Untracked 
|  26|0x0000000705800000, 0x0000000705800000, 0x0000000705a00000|  0%| F|  |TAMS 0x0000000705800000, 0x0000000705800000| Untracked 
|  27|0x0000000705a00000, 0x0000000705a00000, 0x0000000705c00000|  0%| F|  |TAMS 0x0000000705a00000, 0x0000000705a00000| Untracked 
|  28|0x0000000705c00000, 0x0000000705c00000, 0x0000000705e00000|  0%| F|  |TAMS 0x0000000705c00000, 0x0000000705c00000| Untracked 
|  29|0x0000000705e00000, 0x0000000705e00000, 0x0000000706000000|  0%| F|  |TAMS 0x0000000705e00000, 0x0000000705e00000| Untracked 
|  30|0x0000000706000000, 0x0000000706000000, 0x0000000706200000|  0%| F|  |TAMS 0x0000000706000000, 0x0000000706000000| Untracked 
|  31|0x0000000706200000, 0x0000000706200000, 0x0000000706400000|  0%| F|  |TAMS 0x0000000706200000, 0x0000000706200000| Untracked 
|  32|0x0000000706400000, 0x0000000706400000, 0x0000000706600000|  0%| F|  |TAMS 0x0000000706400000, 0x0000000706400000| Untracked 
|  33|0x0000000706600000, 0x0000000706600000, 0x0000000706800000|  0%| F|  |TAMS 0x0000000706600000, 0x0000000706600000| Untracked 
|  34|0x0000000706800000, 0x0000000706800000, 0x0000000706a00000|  0%| F|  |TAMS 0x0000000706800000, 0x0000000706800000| Untracked 
|  35|0x0000000706a00000, 0x0000000706a00000, 0x0000000706c00000|  0%| F|  |TAMS 0x0000000706a00000, 0x0000000706a00000| Untracked 
|  36|0x0000000706c00000, 0x0000000706c00000, 0x0000000706e00000|  0%| F|  |TAMS 0x0000000706c00000, 0x0000000706c00000| Untracked 
|  37|0x0000000706e00000, 0x0000000706e00000, 0x0000000707000000|  0%| F|  |TAMS 0x0000000706e00000, 0x0000000706e00000| Untracked 
|  38|0x0000000707000000, 0x0000000707000000, 0x0000000707200000|  0%| F|  |TAMS 0x0000000707000000, 0x0000000707000000| Untracked 
|  39|0x0000000707200000, 0x0000000707200000, 0x0000000707400000|  0%| F|  |TAMS 0x0000000707200000, 0x0000000707200000| Untracked 
|  40|0x0000000707400000, 0x0000000707400000, 0x0000000707600000|  0%| F|  |TAMS 0x0000000707400000, 0x0000000707400000| Untracked 
|  41|0x0000000707600000, 0x0000000707600000, 0x0000000707800000|  0%| F|  |TAMS 0x0000000707600000, 0x0000000707600000| Untracked 
|  42|0x0000000707800000, 0x0000000707800000, 0x0000000707a00000|  0%| F|  |TAMS 0x0000000707800000, 0x0000000707800000| Untracked 
|  43|0x0000000707a00000, 0x0000000707a00000, 0x0000000707c00000|  0%| F|  |TAMS 0x0000000707a00000, 0x0000000707a00000| Untracked 
|  44|0x0000000707c00000, 0x0000000707c00000, 0x0000000707e00000|  0%| F|  |TAMS 0x0000000707c00000, 0x0000000707c00000| Untracked 
|  45|0x0000000707e00000, 0x0000000707e00000, 0x0000000708000000|  0%| F|  |TAMS 0x0000000707e00000, 0x0000000707e00000| Untracked 
|  46|0x0000000708000000, 0x0000000708000000, 0x0000000708200000|  0%| F|  |TAMS 0x0000000708000000, 0x0000000708000000| Untracked 
|  47|0x0000000708200000, 0x0000000708200000, 0x0000000708400000|  0%| F|  |TAMS 0x0000000708200000, 0x0000000708200000| Untracked 
|  48|0x0000000708400000, 0x0000000708400000, 0x0000000708600000|  0%| F|  |TAMS 0x0000000708400000, 0x0000000708400000| Untracked 
|  49|0x0000000708600000, 0x0000000708600000, 0x0000000708800000|  0%| F|  |TAMS 0x0000000708600000, 0x0000000708600000| Untracked 
|  50|0x0000000708800000, 0x0000000708800000, 0x0000000708a00000|  0%| F|  |TAMS 0x0000000708800000, 0x0000000708800000| Untracked 
|  51|0x0000000708a00000, 0x0000000708a00000, 0x0000000708c00000|  0%| F|  |TAMS 0x0000000708a00000, 0x0000000708a00000| Untracked 
|  52|0x0000000708c00000, 0x0000000708c00000, 0x0000000708e00000|  0%| F|  |TAMS 0x0000000708c00000, 0x0000000708c00000| Untracked 
|  53|0x0000000708e00000, 0x0000000708e00000, 0x0000000709000000|  0%| F|  |TAMS 0x0000000708e00000, 0x0000000708e00000| Untracked 
|  54|0x0000000709000000, 0x0000000709000000, 0x0000000709200000|  0%| F|  |TAMS 0x0000000709000000, 0x0000000709000000| Untracked 
|  55|0x0000000709200000, 0x0000000709200000, 0x0000000709400000|  0%| F|  |TAMS 0x0000000709200000, 0x0000000709200000| Untracked 
|  56|0x0000000709400000, 0x0000000709400000, 0x0000000709600000|  0%| F|  |TAMS 0x0000000709400000, 0x0000000709400000| Untracked 
|  57|0x0000000709600000, 0x0000000709600000, 0x0000000709800000|  0%| F|  |TAMS 0x0000000709600000, 0x0000000709600000| Untracked 
|  58|0x0000000709800000, 0x0000000709800000, 0x0000000709a00000|  0%| F|  |TAMS 0x0000000709800000, 0x0000000709800000| Untracked 
|  59|0x0000000709a00000, 0x0000000709a00000, 0x0000000709c00000|  0%| F|  |TAMS 0x0000000709a00000, 0x0000000709a00000| Untracked 
|  60|0x0000000709c00000, 0x0000000709c00000, 0x0000000709e00000|  0%| F|  |TAMS 0x0000000709c00000, 0x0000000709c00000| Untracked 
|  61|0x0000000709e00000, 0x0000000709e00000, 0x000000070a000000|  0%| F|  |TAMS 0x0000000709e00000, 0x0000000709e00000| Untracked 
|  62|0x000000070a000000, 0x000000070a000000, 0x000000070a200000|  0%| F|  |TAMS 0x000000070a000000, 0x000000070a000000| Untracked 
|  63|0x000000070a200000, 0x000000070a200000, 0x000000070a400000|  0%| F|  |TAMS 0x000000070a200000, 0x000000070a200000| Untracked 
|  64|0x000000070a400000, 0x000000070a400000, 0x000000070a600000|  0%| F|  |TAMS 0x000000070a400000, 0x000000070a400000| Untracked 
|  65|0x000000070a600000, 0x000000070a600000, 0x000000070a800000|  0%| F|  |TAMS 0x000000070a600000, 0x000000070a600000| Untracked 
|  66|0x000000070a800000, 0x000000070a800000, 0x000000070aa00000|  0%| F|  |TAMS 0x000000070a800000, 0x000000070a800000| Untracked 
|  67|0x000000070aa00000, 0x000000070aa00000, 0x000000070ac00000|  0%| F|  |TAMS 0x000000070aa00000, 0x000000070aa00000| Untracked 
|  68|0x000000070ac00000, 0x000000070ac00000, 0x000000070ae00000|  0%| F|  |TAMS 0x000000070ac00000, 0x000000070ac00000| Untracked 
|  69|0x000000070ae00000, 0x000000070ae00000, 0x000000070b000000|  0%| F|  |TAMS 0x000000070ae00000, 0x000000070ae00000| Untracked 
|  70|0x000000070b000000, 0x000000070b000000, 0x000000070b200000|  0%| F|  |TAMS 0x000000070b000000, 0x000000070b000000| Untracked 
|  71|0x000000070b200000, 0x000000070b200000, 0x000000070b400000|  0%| F|  |TAMS 0x000000070b200000, 0x000000070b200000| Untracked 
|  72|0x000000070b400000, 0x000000070b400000, 0x000000070b600000|  0%| F|  |TAMS 0x000000070b400000, 0x000000070b400000| Untracked 
|  73|0x000000070b600000, 0x000000070b600000, 0x000000070b800000|  0%| F|  |TAMS 0x000000070b600000, 0x000000070b600000| Untracked 
|  74|0x000000070b800000, 0x000000070b800000, 0x000000070ba00000|  0%| F|  |TAMS 0x000000070b800000, 0x000000070b800000| Untracked 
|  75|0x000000070ba00000, 0x000000070ba00000, 0x000000070bc00000|  0%| F|  |TAMS 0x000000070ba00000, 0x000000070ba00000| Untracked 
|  76|0x000000070bc00000, 0x000000070bc00000, 0x000000070be00000|  0%| F|  |TAMS 0x000000070bc00000, 0x000000070bc00000| Untracked 
|  77|0x000000070be00000, 0x000000070be00000, 0x000000070c000000|  0%| F|  |TAMS 0x000000070be00000, 0x000000070be00000| Untracked 
|  78|0x000000070c000000, 0x000000070c000000, 0x000000070c200000|  0%| F|  |TAMS 0x000000070c000000, 0x000000070c000000| Untracked 
|  79|0x000000070c200000, 0x000000070c200000, 0x000000070c400000|  0%| F|  |TAMS 0x000000070c200000, 0x000000070c200000| Untracked 
|  80|0x000000070c400000, 0x000000070c400000, 0x000000070c600000|  0%| F|  |TAMS 0x000000070c400000, 0x000000070c400000| Untracked 
|  81|0x000000070c600000, 0x000000070c600000, 0x000000070c800000|  0%| F|  |TAMS 0x000000070c600000, 0x000000070c600000| Untracked 
|  82|0x000000070c800000, 0x000000070c800000, 0x000000070ca00000|  0%| F|  |TAMS 0x000000070c800000, 0x000000070c800000| Untracked 
|  83|0x000000070ca00000, 0x000000070ca00000, 0x000000070cc00000|  0%| F|  |TAMS 0x000000070ca00000, 0x000000070ca00000| Untracked 
|  84|0x000000070cc00000, 0x000000070cc00000, 0x000000070ce00000|  0%| F|  |TAMS 0x000000070cc00000, 0x000000070cc00000| Untracked 
|  85|0x000000070ce00000, 0x000000070ce00000, 0x000000070d000000|  0%| F|  |TAMS 0x000000070ce00000, 0x000000070ce00000| Untracked 
|  86|0x000000070d000000, 0x000000070d000000, 0x000000070d200000|  0%| F|  |TAMS 0x000000070d000000, 0x000000070d000000| Untracked 
|  87|0x000000070d200000, 0x000000070d200000, 0x000000070d400000|  0%| F|  |TAMS 0x000000070d200000, 0x000000070d200000| Untracked 
|  88|0x000000070d400000, 0x000000070d400000, 0x000000070d600000|  0%| F|  |TAMS 0x000000070d400000, 0x000000070d400000| Untracked 
|  89|0x000000070d600000, 0x000000070d600000, 0x000000070d800000|  0%| F|  |TAMS 0x000000070d600000, 0x000000070d600000| Untracked 
|  90|0x000000070d800000, 0x000000070d800000, 0x000000070da00000|  0%| F|  |TAMS 0x000000070d800000, 0x000000070d800000| Untracked 
|  91|0x000000070da00000, 0x000000070da00000, 0x000000070dc00000|  0%| F|  |TAMS 0x000000070da00000, 0x000000070da00000| Untracked 
|  92|0x000000070dc00000, 0x000000070dc00000, 0x000000070de00000|  0%| F|  |TAMS 0x000000070dc00000, 0x000000070dc00000| Untracked 
|  93|0x000000070de00000, 0x000000070de00000, 0x000000070e000000|  0%| F|  |TAMS 0x000000070de00000, 0x000000070de00000| Untracked 
|  94|0x000000070e000000, 0x000000070e000000, 0x000000070e200000|  0%| F|  |TAMS 0x000000070e000000, 0x000000070e000000| Untracked 
|  95|0x000000070e200000, 0x000000070e200000, 0x000000070e400000|  0%| F|  |TAMS 0x000000070e200000, 0x000000070e200000| Untracked 
|  96|0x000000070e400000, 0x000000070e400000, 0x000000070e600000|  0%| F|  |TAMS 0x000000070e400000, 0x000000070e400000| Untracked 
|  97|0x000000070e600000, 0x000000070e600000, 0x000000070e800000|  0%| F|  |TAMS 0x000000070e600000, 0x000000070e600000| Untracked 
|  98|0x000000070e800000, 0x000000070e800000, 0x000000070ea00000|  0%| F|  |TAMS 0x000000070e800000, 0x000000070e800000| Untracked 
|  99|0x000000070ea00000, 0x000000070ea00000, 0x000000070ec00000|  0%| F|  |TAMS 0x000000070ea00000, 0x000000070ea00000| Untracked 
| 100|0x000000070ec00000, 0x000000070ec00000, 0x000000070ee00000|  0%| F|  |TAMS 0x000000070ec00000, 0x000000070ec00000| Untracked 
| 101|0x000000070ee00000, 0x000000070ee00000, 0x000000070f000000|  0%| F|  |TAMS 0x000000070ee00000, 0x000000070ee00000| Untracked 
| 102|0x000000070f000000, 0x000000070f000000, 0x000000070f200000|  0%| F|  |TAMS 0x000000070f000000, 0x000000070f000000| Untracked 
| 103|0x000000070f200000, 0x000000070f200000, 0x000000070f400000|  0%| F|  |TAMS 0x000000070f200000, 0x000000070f200000| Untracked 
| 104|0x000000070f400000, 0x000000070f400000, 0x000000070f600000|  0%| F|  |TAMS 0x000000070f400000, 0x000000070f400000| Untracked 
| 105|0x000000070f600000, 0x000000070f600000, 0x000000070f800000|  0%| F|  |TAMS 0x000000070f600000, 0x000000070f600000| Untracked 
| 106|0x000000070f800000, 0x000000070f800000, 0x000000070fa00000|  0%| F|  |TAMS 0x000000070f800000, 0x000000070f800000| Untracked 
| 107|0x000000070fa00000, 0x000000070fa00000, 0x000000070fc00000|  0%| F|  |TAMS 0x000000070fa00000, 0x000000070fa00000| Untracked 
| 108|0x000000070fc00000, 0x000000070fc00000, 0x000000070fe00000|  0%| F|  |TAMS 0x000000070fc00000, 0x000000070fc00000| Untracked 
| 109|0x000000070fe00000, 0x000000070fe00000, 0x0000000710000000|  0%| F|  |TAMS 0x000000070fe00000, 0x000000070fe00000| Untracked 
| 110|0x0000000710000000, 0x0000000710000000, 0x0000000710200000|  0%| F|  |TAMS 0x0000000710000000, 0x0000000710000000| Untracked 
| 111|0x0000000710200000, 0x0000000710200000, 0x0000000710400000|  0%| F|  |TAMS 0x0000000710200000, 0x0000000710200000| Untracked 
| 112|0x0000000710400000, 0x0000000710400000, 0x0000000710600000|  0%| F|  |TAMS 0x0000000710400000, 0x0000000710400000| Untracked 
| 113|0x0000000710600000, 0x0000000710600000, 0x0000000710800000|  0%| F|  |TAMS 0x0000000710600000, 0x0000000710600000| Untracked 
| 114|0x0000000710800000, 0x0000000710a00000, 0x0000000710a00000|100%| S|CS|TAMS 0x0000000710800000, 0x0000000710800000| Complete 
| 115|0x0000000710a00000, 0x0000000710c00000, 0x0000000710c00000|100%| S|CS|TAMS 0x0000000710a00000, 0x0000000710a00000| Complete 
| 116|0x0000000710c00000, 0x0000000710c00000, 0x0000000710e00000|  0%| F|  |TAMS 0x0000000710c00000, 0x0000000710c00000| Untracked 
| 117|0x0000000710e00000, 0x0000000710e00000, 0x0000000711000000|  0%| F|  |TAMS 0x0000000710e00000, 0x0000000710e00000| Untracked 
| 118|0x0000000711000000, 0x0000000711000000, 0x0000000711200000|  0%| F|  |TAMS 0x0000000711000000, 0x0000000711000000| Untracked 
| 119|0x0000000711200000, 0x0000000711200000, 0x0000000711400000|  0%| F|  |TAMS 0x0000000711200000, 0x0000000711200000| Untracked 
| 120|0x0000000711400000, 0x0000000711400000, 0x0000000711600000|  0%| F|  |TAMS 0x0000000711400000, 0x0000000711400000| Untracked 
| 121|0x0000000711600000, 0x0000000711600000, 0x0000000711800000|  0%| F|  |TAMS 0x0000000711600000, 0x0000000711600000| Untracked 
| 122|0x0000000711800000, 0x0000000711800000, 0x0000000711a00000|  0%| F|  |TAMS 0x0000000711800000, 0x0000000711800000| Untracked 
| 123|0x0000000711a00000, 0x0000000711a00000, 0x0000000711c00000|  0%| F|  |TAMS 0x0000000711a00000, 0x0000000711a00000| Untracked 
| 124|0x0000000711c00000, 0x0000000711d045c8, 0x0000000711e00000| 50%| E|  |TAMS 0x0000000711c00000, 0x0000000711c00000| Complete 
| 125|0x0000000711e00000, 0x0000000712000000, 0x0000000712000000|100%| E|CS|TAMS 0x0000000711e00000, 0x0000000711e00000| Complete 
| 126|0x0000000712000000, 0x0000000712200000, 0x0000000712200000|100%| E|CS|TAMS 0x0000000712000000, 0x0000000712000000| Complete 

Card table byte_map: [0x000001d06b7c0000,0x000001d06bfb0000] _byte_map_base: 0x000001d067fae000

Marking Bits (Prev, Next): (CMBitMap*) 0x000001d05fecc570, (CMBitMap*) 0x000001d05fecc5b0
 Prev Bits: [0x000001d06c7a0000, 0x000001d070710000)
 Next Bits: [0x000001d070710000, 0x000001d074680000)

Polling page: 0x000001d05dcd0000

Metaspace:

Usage:
  Non-class:      5.71 MB used.
      Class:    840.93 KB used.
       Both:      6.53 MB used.

Virtual space:
  Non-class space:       64.00 MB reserved,       5.75 MB (  9%) committed,  1 nodes.
      Class space:        1.00 GB reserved,     896.00 KB ( <1%) committed,  1 nodes.
             Both:        1.06 GB reserved,       6.62 MB ( <1%) committed. 

Chunk freelists:
   Non-Class:  9.38 MB
       Class:  15.02 MB
        Both:  24.39 MB

MaxMetaspaceSize: unlimited
CompressedClassSpaceSize: 1.00 GB
Initial GC threshold: 21.00 MB
Current GC threshold: 21.00 MB
CDS: on
MetaspaceReclaimPolicy: balanced
 - commit_granule_bytes: 65536.
 - commit_granule_words: 8192.
 - virtual_space_node_default_size: 8388608.
 - enlarge_chunks_in_place: 1.
 - new_chunks_are_fully_committed: 0.
 - uncommit_free_chunks: 1.
 - use_allocation_guard: 0.
 - handle_deallocations: 1.


Internal statistics:

num_allocs_failed_limit: 0.
num_arena_births: 120.
num_arena_deaths: 0.
num_vsnodes_births: 2.
num_vsnodes_deaths: 0.
num_space_committed: 106.
num_space_uncommitted: 0.
num_chunks_returned_to_freelist: 0.
num_chunks_taken_from_freelist: 219.
num_chunk_merges: 0.
num_chunk_splits: 146.
num_chunks_enlarged: 97.
num_inconsistent_stats: 0.

CodeCache: size=49152Kb used=4161Kb max_used=4161Kb free=44990Kb
 bounds [0x000001d067970000, 0x000001d067db0000, 0x000001d06a970000]
 total_blobs=1742 nmethods=1290 adapters=378
 compilation: disabled (not enough contiguous free space left)
              stopped_count=1, restarted_count=0
 full_count=1

Compilation events (20 events):
Event: 0.352 Thread 0x000001d077879d30 1281       1       jdk.internal.loader.BuiltinClassLoader::getAndVerifyPackage (113 bytes)
Event: 0.352 Thread 0x000001d076b2d4b0 nmethod 1280 0x000001d067d7b310 code [0x000001d067d7b540, 0x000001d067d7bab8]
Event: 0.352 Thread 0x000001d076b2d4b0 1282       1       java.lang.ClassLoader::getDefinedPackage (36 bytes)
Event: 0.352 Thread 0x000001d077878800 nmethod 1284 0x000001d067d7bd10 code [0x000001d067d7bf80, 0x000001d067d7cbc8]
Event: 0.352 Thread 0x000001d077879d30 nmethod 1281 0x000001d067d7d390 code [0x000001d067d7d640, 0x000001d067d7df28]
Event: 0.352 Thread 0x000001d077878800 1285       1       java.lang.Thread::interrupted (23 bytes)
Event: 0.352 Thread 0x000001d077879d30 1286       1       java.util.zip.CRC32::<init> (5 bytes)
Event: 0.352 Thread 0x000001d076b2d4b0 nmethod 1282 0x000001d067d7e310 code [0x000001d067d7e4e0, 0x000001d067d7e728]
Event: 0.352 Thread 0x000001d077879d30 nmethod 1286 0x000001d067d7e890 code [0x000001d067d7ea20, 0x000001d067d7ead8]
Event: 0.352 Thread 0x000001d076b2d4b0 1287       1       java.util.zip.CRC32::getValue (10 bytes)
Event: 0.352 Thread 0x000001d077879d30 1288       1       java.security.CodeSource::<init> (52 bytes)
Event: 0.352 Thread 0x000001d077878800 nmethod 1285 0x000001d067d7eb90 code [0x000001d067d7ed20, 0x000001d067d7ee08]
Event: 0.352 Thread 0x000001d076b2d4b0 nmethod 1287 0x000001d067d7ee90 code [0x000001d067d7f020, 0x000001d067d7f0f8]
Event: 0.352 Thread 0x000001d077878800 1290       1       java.security.SecureClassLoader::getProtectionDomain (38 bytes)
Event: 0.352 Thread 0x000001d076b2d4b0 1291       1       java.security.SecureClassLoader$CodeSourceKey::<init> (10 bytes)
Event: 0.352 Thread 0x000001d076b2d4b0 nmethod 1291 0x000001d067d7f190 code [0x000001d067d7f320, 0x000001d067d7f438]
Event: 0.352 Thread 0x000001d076b2d4b0 1292       1       java.security.SecureClassLoader$1::<init> (15 bytes)
Event: 0.352 Thread 0x000001d077878800 nmethod 1290 0x000001d067d7f490 code [0x000001d067d7f640, 0x000001d067d7f9a8]
Event: 0.352 Thread 0x000001d076b2d4b0 nmethod 1292 0x000001d067d7fa90 code [0x000001d067d7fc20, 0x000001d067d7fd98]
Event: 0.352 Thread 0x000001d077879d30 nmethod 1288 0x000001d067d7fe10 code [0x000001d067d7ffe0, 0x000001d067d80358]

GC Heap History (2 events):
Event: 0.319 GC heap before
{Heap before GC invocations=0 (full 0):
 garbage-first heap   total 260096K, used 22528K [0x0000000702400000, 0x0000000800000000)
  region size 2048K, 11 young (22528K), 0 survivors (0K)
 Metaspace       used 5826K, committed 6016K, reserved 1114112K
  class space    used 722K, committed 832K, reserved 1048576K
}
Event: 0.323 GC heap after
{Heap after GC invocations=1 (full 0):
 garbage-first heap   total 260096K, used 9236K [0x0000000702400000, 0x0000000800000000)
  region size 2048K, 2 young (4096K), 2 survivors (4096K)
 Metaspace       used 5826K, committed 6016K, reserved 1114112K
  class space    used 722K, committed 832K, reserved 1048576K
}

Dll operation events (12 events):
Event: 0.004 Loaded shared library C:\Users\Константин\.jdks\corretto-17.0.10\bin\java.dll
Event: 0.019 Loaded shared library C:\Users\Константин\.jdks\corretto-17.0.10\bin\jsvml.dll
Event: 0.074 Loaded shared library C:\Users\Константин\.jdks\corretto-17.0.10\bin\zip.dll
Event: 0.076 Loaded shared library C:\Users\Константин\.jdks\corretto-17.0.10\bin\instrument.dll
Event: 0.079 Loaded shared library C:\Users\Константин\.jdks\corretto-17.0.10\bin\net.dll
Event: 0.079 Loaded shared library C:\Users\Константин\.jdks\corretto-17.0.10\bin\nio.dll
Event: 0.081 Loaded shared library C:\Users\Константин\.jdks\corretto-17.0.10\bin\zip.dll
Event: 0.130 Loaded shared library C:\Program Files\JetBrains\IntelliJ IDEA 2024.1.6\bin\breakgen64.dll
Event: 0.133 Loaded shared library C:\Users\Константин\.jdks\corretto-17.0.10\bin\jimage.dll
Event: 0.135 Loaded shared library C:\Users\Константин\.jdks\corretto-17.0.10\bin\extnet.dll
Event: 0.144 Loaded shared library C:\Users\Константин\.jdks\corretto-17.0.10\bin\management.dll
Event: 0.149 Loaded shared library C:\Users\Константин\.jdks\corretto-17.0.10\bin\management_ext.dll

Deoptimization events (0 events):
No events

Classes unloaded (0 events):
No events

Classes redefined (0 events):
No events

Internal exceptions (18 events):
Event: 0.133 Thread 0x000001d07c33f0b0 Exception <a 'java/lang/NoSuchMethodError'{0x0000000711498b18}: 'java.lang.Object java.lang.invoke.DirectMethodHandle$Holder.invokeStaticInit(java.lang.Object)'> (0x0000000711498b18) 
thrown [s\src\hotspot\share\interpreter\linkResolver.cpp, line 759]
Event: 0.135 Thread 0x000001d05fe62630 Exception <a 'java/lang/NoSuchMethodError'{0x000000071144df08}: 'java.lang.Object java.lang.invoke.Invokers$Holder.invoke_MT(java.lang.Object, java.lang.Object, java.lang.Object)'> (0x000000071144df08) 
thrown [s\src\hotspot\share\interpreter\linkResolver.cpp, line 759]
Event: 0.136 Thread 0x000001d07c33f0b0 Exception <a 'java/lang/NoSuchMethodError'{0x00000007114a7168}: 'void java.lang.invoke.DirectMethodHandle$Holder.invokeStatic(java.lang.Object, java.lang.Object)'> (0x00000007114a7168) 
thrown [s\src\hotspot\share\interpreter\linkResolver.cpp, line 759]
Event: 0.151 Thread 0x000001d05fe62630 Exception <a 'java/lang/NoSuchMethodError'{0x000000071147c598}: 'int java.lang.invoke.DirectMethodHandle$Holder.invokeInterface(java.lang.Object, java.lang.Object)'> (0x000000071147c598) 
thrown [s\src\hotspot\share\interpreter\linkResolver.cpp, line 759]
Event: 0.151 Thread 0x000001d05fe62630 Exception <a 'java/lang/IncompatibleClassChangeError'{0x000000071147fb98}: Found class java.lang.Object, but interface was expected> (0x000000071147fb98) 
thrown [s\src\hotspot\share\interpreter\linkResolver.cpp, line 826]
Event: 0.173 Thread 0x000001d05fe62630 Exception <a 'java/lang/NoSuchMethodError'{0x00000007115bbd68}: 'int java.lang.invoke.DirectMethodHandle$Holder.invokeSpecial(java.lang.Object, java.lang.Object, java.lang.Object)'> (0x00000007115bbd68) 
thrown [s\src\hotspot\share\interpreter\linkResolver.cpp, line 759]
Event: 0.194 Thread 0x000001d05fe62630 Exception <a 'java/lang/NoSuchMethodError'{0x00000007112b6bc8}: 'void java.lang.invoke.DirectMethodHandle$Holder.invokeStatic(java.lang.Object, java.lang.Object, java.lang.Object)'> (0x00000007112b6bc8) 
thrown [s\src\hotspot\share\interpreter\linkResolver.cpp, line 759]
Event: 0.198 Thread 0x000001d05fe62630 Exception <a 'java/lang/NoSuchMethodError'{0x00000007112f3860}: 'int java.lang.invoke.DirectMethodHandle$Holder.invokeSpecialIFC(java.lang.Object, java.lang.Object, java.lang.Object)'> (0x00000007112f3860) 
thrown [s\src\hotspot\share\interpreter\linkResolver.cpp, line 759]
Event: 0.210 Thread 0x000001d05fe62630 Exception <a 'java/lang/NoSuchMethodError'{0x000000071136ad00}: 'java.lang.Object java.lang.invoke.DirectMethodHandle$Holder.invokeStaticInit(java.lang.Object, int, int, int, int)'> (0x000000071136ad00) 
thrown [s\src\hotspot\share\interpreter\linkResolver.cpp, line 759]
Event: 0.243 Thread 0x000001d05fe62630 Exception <a 'java/lang/NoSuchMethodError'{0x0000000711042448}: 'java.lang.Object java.lang.invoke.DirectMethodHandle$Holder.invokeStaticInit(java.lang.Object, java.lang.Object, int, int, int, int)'> (0x0000000711042448) 
thrown [s\src\hotspot\share\interpreter\linkResolver.cpp, line 759]
Event: 0.249 Thread 0x000001d05fe62630 Exception <a 'java/lang/ClassNotFoundException'{0x0000000711060920}: javax/management/remote/rmi/RMIServerImpl_Skel> (0x0000000711060920) 
thrown [s\src\hotspot\share\classfile\systemDictionary.cpp, line 256]
Event: 0.276 Thread 0x000001d05fe62630 Exception <a 'java/lang/ClassNotFoundException'{0x0000000710e4ad90}: javax/smartcardio/CardPermission> (0x0000000710e4ad90) 
thrown [s\src\hotspot\share\classfile\systemDictionary.cpp, line 256]
Event: 0.277 Thread 0x000001d05fe62630 Exception <a 'java/io/FileNotFoundException'{0x0000000710e599b0}> (0x0000000710e599b0) 
thrown [s\src\hotspot\share\prims\jni.cpp, line 516]
Event: 0.284 Thread 0x000001d05fe62630 Exception <a 'java/lang/NoSuchMethodError'{0x0000000710ed04f0}: 'java.lang.Object java.lang.invoke.DirectMethodHandle$Holder.invokeSpecial(java.lang.Object, java.lang.Object, java.lang.Object, long, java.lang.Object)'> (0x0000000710ed04f0) 
thrown [s\src\hotspot\share\interpreter\linkResolver.cpp, line 759]
Event: 0.284 Thread 0x000001d05fe62630 Exception <a 'java/lang/NoSuchMethodError'{0x0000000710ed40c0}: 'java.lang.Object java.lang.invoke.Invokers$Holder.linkToTargetMethod(java.lang.Object, long, java.lang.Object, java.lang.Object)'> (0x0000000710ed40c0) 
thrown [s\src\hotspot\share\interpreter\linkResolver.cpp, line 759]
Event: 0.329 Thread 0x000001d05fe62630 Exception <a 'java/lang/NoSuchMethodError'{0x00000007120b3410}: 'void java.lang.invoke.DirectMethodHandle$Holder.invokeStatic(java.lang.Object, java.lang.Object, java.lang.Object, java.lang.Object)'> (0x00000007120b3410) 
thrown [s\src\hotspot\share\interpreter\linkResolver.cpp, line 759]
Event: 0.344 Thread 0x000001d05fe62630 Exception <a 'java/lang/NoSuchMethodError'{0x0000000711e40c50}: 'int java.lang.invoke.DirectMethodHandle$Holder.invokeStaticInit(java.lang.Object, java.lang.Object)'> (0x0000000711e40c50) 
thrown [s\src\hotspot\share\interpreter\linkResolver.cpp, line 759]
Event: 0.348 Thread 0x000001d05fe62630 Exception <a 'java/lang/NoSuchMethodError'{0x0000000711e9b2d0}: 'void java.lang.invoke.DirectMethodHandle$Holder.invokeInterface(java.lang.Object, java.lang.Object, java.lang.Object, java.lang.Object)'> (0x0000000711e9b2d0) 
thrown [s\src\hotspot\share\interpreter\linkResolver.cpp, line 759]

VM Operations (16 events):
Event: 0.069 Executing VM operation: HandshakeAllThreads
Event: 0.069 Executing VM operation: HandshakeAllThreads done
Event: 0.132 Executing VM operation: HandshakeAllThreads
Event: 0.132 Executing VM operation: HandshakeAllThreads done
Event: 0.153 Executing VM operation: HandshakeAllThreads
Event: 0.153 Executing VM operation: HandshakeAllThreads done
Event: 0.205 Executing VM operation: HandshakeAllThreads
Event: 0.205 Executing VM operation: HandshakeAllThreads done
Event: 0.256 Executing VM operation: HandshakeAllThreads
Event: 0.256 Executing VM operation: HandshakeAllThreads done
Event: 0.261 Executing VM operation: HandshakeAllThreads
Event: 0.261 Executing VM operation: HandshakeAllThreads done
Event: 0.263 Executing VM operation: HandshakeAllThreads
Event: 0.263 Executing VM operation: HandshakeAllThreads done
Event: 0.319 Executing VM operation: G1CollectForAllocation
Event: 0.323 Executing VM operation: G1CollectForAllocation done

Events (20 events):
Event: 0.343 loading class java/lang/reflect/UndeclaredThrowableException
Event: 0.344 loading class java/lang/reflect/UndeclaredThrowableException done
Event: 0.352 Thread 0x000001d07c79fd80 Thread added: 0x000001d07c79fd80
Event: 0.352 Thread 0x000001d07c79fd80 Thread exited: 0x000001d07c79fd80
Event: 0.355 loading class java/lang/NoSuchFieldError
Event: 0.355 loading class java/lang/NoSuchFieldError done
Event: 0.355 loading class java/lang/FunctionalInterface
Event: 0.355 loading class java/lang/FunctionalInterface done
Event: 0.356 loading class java/util/NoSuchElementException
Event: 0.356 loading class java/util/NoSuchElementException done
Event: 0.363 loading class java/lang/TypeNotPresentException
Event: 0.363 loading class java/lang/TypeNotPresentException done
Event: 0.364 loading class java/lang/reflect/WildcardType
Event: 0.364 loading class java/lang/reflect/WildcardType done
Event: 0.367 loading class java/util/concurrent/CountDownLatch
Event: 0.367 loading class java/util/concurrent/CountDownLatch done
Event: 0.367 loading class java/util/concurrent/CountDownLatch$Sync
Event: 0.367 loading class java/util/concurrent/CountDownLatch$Sync done
Event: 0.367 loading class java/lang/StackStreamFactory
Event: 0.368 loading class java/lang/StackStreamFactory done


Dynamic libraries:
0x00007ff7273d0000 - 0x00007ff7273de000 	C:\Users\Константин\.jdks\corretto-17.0.10\bin\java.exe
0x00007ff9cbc10000 - 0x00007ff9cbe07000 	C:\Windows\SYSTEM32\ntdll.dll
0x00007ff9cb9a0000 - 0x00007ff9cba5d000 	C:\Windows\System32\KERNEL32.DLL
0x00007ff9c9780000 - 0x00007ff9c9a4d000 	C:\Windows\System32\KERNELBASE.dll
0x00007ff9c95d0000 - 0x00007ff9c96d0000 	C:\Windows\System32\ucrtbase.dll
0x00007ff9c5b10000 - 0x00007ff9c5b27000 	C:\Users\Константин\.jdks\corretto-17.0.10\bin\jli.dll
0x00007ff9c5af0000 - 0x00007ff9c5b0b000 	C:\Users\Константин\.jdks\corretto-17.0.10\bin\VCRUNTIME140.dll
0x00007ff9ca920000 - 0x00007ff9caac0000 	C:\Windows\System32\USER32.dll
0x00007ff9c9a50000 - 0x00007ff9c9a72000 	C:\Windows\System32\win32u.dll
0x00007ff9ca070000 - 0x00007ff9ca09a000 	C:\Windows\System32\GDI32.dll
0x00007ff9b1180000 - 0x00007ff9b141a000 	C:\Windows\WinSxS\amd64_microsoft.windows.common-controls_6595b64144ccf1df_6.0.19041.1110_none_60b5254171f9507e\COMCTL32.dll
0x00007ff9c9470000 - 0x00007ff9c957b000 	C:\Windows\System32\gdi32full.dll
0x00007ff9c93d0000 - 0x00007ff9c946d000 	C:\Windows\System32\msvcp_win.dll
0x00007ff9ca820000 - 0x00007ff9ca8be000 	C:\Windows\System32\msvcrt.dll
0x00007ff9c9f10000 - 0x00007ff9c9f40000 	C:\Windows\System32\IMM32.DLL
0x00007ff9c5b40000 - 0x00007ff9c5b4c000 	C:\Users\Константин\.jdks\corretto-17.0.10\bin\vcruntime140_1.dll
0x00007ff9c5a60000 - 0x00007ff9c5aed000 	C:\Users\Константин\.jdks\corretto-17.0.10\bin\msvcp140.dll
0x00007ff993820000 - 0x00007ff994482000 	C:\Users\Константин\.jdks\corretto-17.0.10\bin\server\jvm.dll
0x00007ff9c9e40000 - 0x00007ff9c9eee000 	C:\Windows\System32\ADVAPI32.dll
0x00007ff9cba60000 - 0x00007ff9cbafc000 	C:\Windows\System32\sechost.dll
0x00007ff9cac70000 - 0x00007ff9cad95000 	C:\Windows\System32\RPCRT4.dll
0x00007ff9c8860000 - 0x00007ff9c88ab000 	C:\Windows\SYSTEM32\POWRPROF.dll
0x00007ff9baac0000 - 0x00007ff9baae7000 	C:\Windows\SYSTEM32\WINMM.dll
0x00007ff9ad610000 - 0x00007ff9ad619000 	C:\Windows\SYSTEM32\WSOCK32.dll
0x00007ff9bf5c0000 - 0x00007ff9bf5ca000 	C:\Windows\SYSTEM32\VERSION.dll
0x00007ff9ca7b0000 - 0x00007ff9ca81b000 	C:\Windows\System32\WS2_32.dll
0x00007ff9c86d0000 - 0x00007ff9c86e2000 	C:\Windows\SYSTEM32\UMPDC.dll
0x00007ff9c6d10000 - 0x00007ff9c6d22000 	C:\Windows\SYSTEM32\kernel.appcore.dll
0x00007ff9c5a50000 - 0x00007ff9c5a5a000 	C:\Users\Константин\.jdks\corretto-17.0.10\bin\jimage.dll
0x00007ff9b8260000 - 0x00007ff9b8444000 	C:\Windows\SYSTEM32\DBGHELP.DLL
0x00007ff9a0f20000 - 0x00007ff9a0f4c000 	C:\Windows\SYSTEM32\dbgcore.DLL
0x00007ff9c9a80000 - 0x00007ff9c9b02000 	C:\Windows\System32\bcryptPrimitives.dll
0x00007ff9c3110000 - 0x00007ff9c311e000 	C:\Users\Константин\.jdks\corretto-17.0.10\bin\instrument.dll
0x00007ff9c5a20000 - 0x00007ff9c5a45000 	C:\Users\Константин\.jdks\corretto-17.0.10\bin\java.dll
0x00007ff9b29d0000 - 0x00007ff9b2aa7000 	C:\Users\Константин\.jdks\corretto-17.0.10\bin\jsvml.dll
0x00007ff9cae30000 - 0x00007ff9cb574000 	C:\Windows\System32\SHELL32.dll
0x00007ff9c6f10000 - 0x00007ff9c76a4000 	C:\Windows\SYSTEM32\windows.storage.dll
0x00007ff9cb5e0000 - 0x00007ff9cb934000 	C:\Windows\System32\combase.dll
0x00007ff9c8c80000 - 0x00007ff9c8cac000 	C:\Windows\SYSTEM32\Wldp.dll
0x00007ff9c9d90000 - 0x00007ff9c9e3d000 	C:\Windows\System32\SHCORE.dll
0x00007ff9cb940000 - 0x00007ff9cb995000 	C:\Windows\System32\shlwapi.dll
0x00007ff9c9270000 - 0x00007ff9c928f000 	C:\Windows\SYSTEM32\profapi.dll
0x00007ff9c3120000 - 0x00007ff9c3138000 	C:\Users\Константин\.jdks\corretto-17.0.10\bin\zip.dll
0x00007ff9c3be0000 - 0x00007ff9c3bf9000 	C:\Users\Константин\.jdks\corretto-17.0.10\bin\net.dll
0x00007ff9c1fd0000 - 0x00007ff9c20da000 	C:\Windows\SYSTEM32\WINHTTP.dll
0x00007ff9c8a30000 - 0x00007ff9c8a9a000 	C:\Windows\system32\mswsock.dll
0x00007ff9c3160000 - 0x00007ff9c3176000 	C:\Users\Константин\.jdks\corretto-17.0.10\bin\nio.dll
0x00007ff9c1cd0000 - 0x00007ff9c1cea000 	C:\Program Files\JetBrains\IntelliJ IDEA 2024.1.6\bin\breakgen64.dll
0x00007ff9c1ec0000 - 0x00007ff9c1ec9000 	C:\Users\Константин\.jdks\corretto-17.0.10\bin\extnet.dll
0x00007ff9c8730000 - 0x00007ff9c87fb000 	C:\Windows\SYSTEM32\DNSAPI.dll
0x00007ff9c86f0000 - 0x00007ff9c872b000 	C:\Windows\SYSTEM32\IPHLPAPI.DLL
0x00007ff9c9d20000 - 0x00007ff9c9d28000 	C:\Windows\System32\NSI.dll
0x000000005d710000 - 0x000000005d736000 	C:\Program Files\Bonjour\mdnsNSP.dll
0x00007ff9c0d80000 - 0x00007ff9c0d8a000 	C:\Windows\System32\rasadhlp.dll
0x00007ff9c11f0000 - 0x00007ff9c1270000 	C:\Windows\System32\fwpuclnt.dll
0x00007ff9c93a0000 - 0x00007ff9c93c7000 	C:\Windows\System32\bcrypt.dll
0x00007ff9c2c60000 - 0x00007ff9c2c69000 	C:\Users\Константин\.jdks\corretto-17.0.10\bin\management.dll
0x00007ff9c1f00000 - 0x00007ff9c1f0b000 	C:\Users\Константин\.jdks\corretto-17.0.10\bin\management_ext.dll
0x00007ff9ca7a0000 - 0x00007ff9ca7a8000 	C:\Windows\System32\PSAPI.DLL
0x00007ff9c8cc0000 - 0x00007ff9c8cd8000 	C:\Windows\SYSTEM32\CRYPTSP.dll
0x00007ff9c8bd0000 - 0x00007ff9c8be7000 	C:\Program Files\Common Files\Crypto Pro\AppCompat\cpadvai.dll
0x00007ff9c8360000 - 0x00007ff9c8394000 	C:\Windows\system32\rsaenh.dll
0x00007ff9c91f0000 - 0x00007ff9c921e000 	C:\Windows\SYSTEM32\USERENV.dll
0x00007ff9c8bf0000 - 0x00007ff9c8bfc000 	C:\Windows\SYSTEM32\CRYPTBASE.dll
0x00007ff9c2390000 - 0x00007ff9c23a7000 	C:\Windows\SYSTEM32\dhcpcsvc6.DLL
0x00007ff9c2230000 - 0x00007ff9c224d000 	C:\Windows\SYSTEM32\dhcpcsvc.DLL
0x00007ff9aaf30000 - 0x00007ff9aaf47000 	C:\Windows\system32\napinsp.dll
0x00007ff9aae80000 - 0x00007ff9aae9b000 	C:\Windows\system32\pnrpnsp.dll
0x00007ff9c3c50000 - 0x00007ff9c3c65000 	C:\Windows\system32\wshbth.dll
0x00007ff9c5970000 - 0x00007ff9c598d000 	C:\Windows\system32\NLAapi.dll
0x00007ff9aae40000 - 0x00007ff9aae52000 	C:\Windows\System32\winrnr.dll

dbghelp: loaded successfully - version: 4.0.5 - missing functions: none
symbol engine: initialized successfully - sym options: 0x614 - pdb path: .;C:\Users\Константин\.jdks\corretto-17.0.10\bin;C:\Windows\SYSTEM32;C:\Windows\WinSxS\amd64_microsoft.windows.common-controls_6595b64144ccf1df_6.0.19041.1110_none_60b5254171f9507e;C:\Users\Константин\.jdks\corretto-17.0.10\bin\server;C:\Program Files\JetBrains\IntelliJ IDEA 2024.1.6\bin;C:\Program Files\Bonjour;C:\Program Files\Common Files\Crypto Pro\AppCompat

VM Arguments:
jvm_args: -XX:TieredStopAtLevel=1 -Dspring.output.ansi.enabled=always -Dcom.sun.management.jmxremote -Dspring.jmx.enabled=true -Dspring.liveBeansView.mbeanDomain -Dspring.application.admin.enabled=true -Dmanagement.endpoints.jmx.exposure.include=* -javaagent:C:\Program Files\JetBrains\IntelliJ IDEA 2024.1.6\lib\idea_rt.jar=56411:C:\Program Files\JetBrains\IntelliJ IDEA 2024.1.6\bin -Dfile.encoding=UTF-8 
java_command: ru.t1.java.demo.T1JavaDemoApplication
java_class_path (initial): C:\Users\Константин\dev\test\t1_java_\target\classes;C:\Users\Константин\.m2\repository\org\springframework\boot\spring-boot-starter-actuator\3.3.3\spring-boot-starter-actuator-3.3.3.jar;C:\Users\Константин\.m2\repository\org\springframework\boot\spring-boot-starter\3.3.3\spring-boot-starter-3.3.3.jar;C:\Users\Константин\.m2\repository\org\springframework\boot\spring-boot-starter-logging\3.3.3\spring-boot-starter-logging-3.3.3.jar;C:\Users\Константин\.m2\repository\org\apache\logging\log4j\log4j-to-slf4j\2.23.1\log4j-to-slf4j-2.23.1.jar;C:\Users\Константин\.m2\repository\org\apache\logging\log4j\log4j-api\2.23.1\log4j-api-2.23.1.jar;C:\Users\Константин\.m2\repository\org\slf4j\jul-to-slf4j\2.0.16\jul-to-slf4j-2.0.16.jar;C:\Users\Константин\.m2\repository\jakarta\annotation\jakarta.annotation-api\2.1.1\jakarta.annotation-api-2.1.1.jar;C:\Users\Константин\.m2\repository\org\springframework\boot\spring-boot-actuator-autoconfigure\3.3.3\spring-boot-actuator-autoconfigure-3.3.3.jar;C:\Users\Константин\.m2\repository\org\springframework\boot\spring-boot-actuator\3.3.3\spring-boot-actuator-3.3.3.jar;C:\Users\Константин\.m2\repository\com\fasterxml\jackson\datatype\jackson-datatype-jsr310\2.17.2\jackson-datatype-jsr310-2.17.2.jar;C:\Users\Константин\.m2\repository\io\micrometer\micrometer-observation\1.13.3\micrometer-observation-1.13.3.jar;C:\Users\Константин\.m2\repository\io\micrometer\micrometer-commons\1.13.3\micrometer-commons-1.13.3.jar;C:\Users\Константин\.m2\repository\io\micrometer\micrometer-jakarta9\1.13.3\micrometer-jakarta9-1.13.3.jar;C:\Users\Константин\.m2\repository\io\micrometer\micrometer-core\1.13.3\micrometer-core-1.13.3.jar;C:\Users\Константин\.m2\repository\org\hdrhistogram\HdrHistogram\2.2.2\HdrHistogram-2.2.2.jar;C:\Users\Константин\.m2\repository\org\latencyutils\LatencyUtils\2.0.3\LatencyUtils-2.0.3.jar;C:\Users\Константин\.m2\repository\org\springframework\boot\spring-boot-starter-batch\3.3.3\spring-boot-starter-batch
Launcher Type: SUN_STANDARD

[Global flags]
     intx CICompilerCount                          = 12                                        {product} {ergonomic}
     uint ConcGCThreads                            = 3                                         {product} {ergonomic}
     uint G1ConcRefinementThreads                  = 13                                        {product} {ergonomic}
   size_t G1HeapRegionSize                         = 2097152                                   {product} {ergonomic}
    uintx GCDrainStackTargetSize                   = 64                                        {product} {ergonomic}
   size_t InitialHeapSize                          = 266338304                                 {product} {ergonomic}
     bool ManagementServer                         = true                                      {product} {command line}
   size_t MarkStackSize                            = 4194304                                   {product} {ergonomic}
   size_t MaxHeapSize                              = 4257218560                                {product} {ergonomic}
   size_t MaxNewSize                               = 2554331136                                {product} {ergonomic}
   size_t MinHeapDeltaBytes                        = 2097152                                   {product} {ergonomic}
   size_t MinHeapSize                              = 8388608                                   {product} {ergonomic}
    uintx NonProfiledCodeHeapSize                  = 0                                      {pd product} {ergonomic}
     bool ProfileInterpreter                       = false                                  {pd product} {command line}
    uintx ProfiledCodeHeapSize                     = 0                                      {pd product} {ergonomic}
   size_t SoftMaxHeapSize                          = 4257218560                             {manageable} {ergonomic}
     intx TieredStopAtLevel                        = 1                                         {product} {command line}
     bool UseCompressedClassPointers               = true                           {product lp64_product} {ergonomic}
     bool UseCompressedOops                        = true                           {product lp64_product} {ergonomic}
     bool UseG1GC                                  = true                                      {product} {ergonomic}
     bool UseLargePagesIndividualAllocation        = false                                  {pd product} {ergonomic}

Logging:
Log output configuration:
 #0: stdout all=warning uptime,level,tags
 #1: stderr all=off uptime,level,tags

Environment Variables:
JAVA_HOME=C:\Program Files\Amazon Corretto\jdk11.0.14_9
PATH=C:\Program Files\Amazon Corretto\jdk11.0.14_9\bin;C:\Program Files\Microsoft MPI\Bin\;C:\Program Files (x86)\Common Files\Oracle\Java\javapath;C:\Windows\system32;C:\Windows;C:\Windows\System32\Wbem;C:\Windows\System32\WindowsPowerShell\v1.0\;c:\Program Files (x86)\Microsoft SQL Server\90\Tools\binn\;C:\Program Files\Microsoft SQL Server\90\DTS\Binn\;C:\Program Files (x86)\Microsoft SQL Server\90\DTS\Binn\;C:\Program Files (x86)\BMC Software\BMC AppSight\AppSight for Windows\Bin;C:\Program Files\PuTTY\;C:\Program Files\Git\cmd;C:\Program Files\apache-maven-3.8.4\bin;C:\Program Files (x86)\NVIDIA Corporation\PhysX\Common;C:\Program Files\Docker\Docker\resources\bin;C:\Program Files\Microsoft VS Code\bin;C:\Program Files\nodejs\;C:\ProgramData\chocolatey\bin;C:\kafka_2.13-3.8.0\bin\windows;C:\Users\Константин\AppData\Local\Microsoft\WindowsApps;C:\msys64\ucrt64\bin;C:\Users\Константин\AppData\Roaming\npm;C:\Program Files\nodejs\;C:\Program Files (x86)\GnuWin32\bin;
USERNAME=Константин
OS=Windows_NT
PROCESSOR_IDENTIFIER=Intel64 Family 6 Model 141 Stepping 1, GenuineIntel
TMP=C:\Temp
TEMP=C:\Temp



Periodic native trim disabled


---------------  S Y S T E M  ---------------

OS:
 Windows 10 , 64 bit Build 19041 (10.0.19041.1741)
OS uptime: 0 days 12:12 hours
Hyper-V role detected

CPU: total 16 (initial active 16) (8 cores per cpu, 2 threads per core) family 6 model 141 stepping 1 microcode 0x3c, cx8, cmov, fxsr, ht, mmx, 3dnowpref, sse, sse2, sse3, ssse3, sse4.1, sse4.2, popcnt, lzcnt, tsc, tscinvbit, avx, avx2, aes, erms, clmul, bmi1, bmi2, adx, avx512f, avx512dq, avx512cd, avx512bw, avx512vl, sha, fma, vzeroupper, avx512_vpopcntdq, avx512_vpclmulqdq, avx512_vaes, avx512_vnni, clflush, clflushopt, clwb, avx512_vbmi2, avx512_vbmi, hv
Processor Information for all 16 processors :
  Max Mhz: 2304, Current Mhz: 2304, Mhz Limit: 2304

Memory: 4k page, system-wide physical 16235M (2681M free)
TotalPageFile size 16235M (AvailPageFile size 327M)
current process WorkingSet (physical memory assigned to process): 82M, peak: 82M
current process commit charge ("private bytes"): 366M, peak: 366M

vm_info: OpenJDK 64-Bit Server VM (17.0.10+7-LTS) for windows-amd64 JRE (17.0.10+7-LTS), built on Jan 10 2024 22:11:07 by "Administrator" with MS VC++ 16.10 / 16.11 (VS2019)

END.
