#
# There is insufficient memory for the Java Runtime Environment to continue.
# Native memory allocation (mmap) failed to map 65536 bytes for Failed to commit metaspace.
# Possible reasons:
#   The system is out of physical RAM or swap space
#   The process is running with CompressedOops enabled, and the Java Heap may be blocking the growth of the native heap
# Possible solutions:
#   Reduce memory load on the system
#   Increase physical memory or swap space
#   Check if swap backing store is full
#   Decrease Java heap size (-Xmx/-Xms)
#   Decrease number of Java threads
#   Decrease Java thread stack sizes (-Xss)
#   Set larger code cache with -XX:ReservedCodeCacheSize=
#   JVM is running with Zero Based Compressed Oops mode in which the Java heap is
#     placed in the first 32GB address space. The Java Heap base address is the
#     maximum limit for the native heap growth. Please use -XX:HeapBaseMinAddress
#     to set the Java Heap base and to place the Java Heap above 32GB virtual address.
# This output file may be truncated or incomplete.
#
#  Out of Memory Error (virtualSpaceNode.cpp:110), pid=17008, tid=13356
#
# JRE version: OpenJDK Runtime Environment Corretto-17.0.10.7.1 (17.0.10+7) (build 17.0.10+7-LTS)
# Java VM: OpenJDK 64-Bit Server VM Corretto-17.0.10.7.1 (17.0.10+7-LTS, mixed mode, emulated-client, sharing, tiered, compressed oops, compressed class ptrs, g1 gc, windows-amd64)
# No core dump will be written. Minidumps are not enabled by default on client versions of Windows
#

---------------  S U M M A R Y ------------

Command Line: -XX:TieredStopAtLevel=1 -Dspring.output.ansi.enabled=always -Dcom.sun.management.jmxremote -Dspring.jmx.enabled=true -Dspring.liveBeansView.mbeanDomain -Dspring.application.admin.enabled=true -Dmanagement.endpoints.jmx.exposure.include=* -javaagent:C:\Program Files\JetBrains\IntelliJ IDEA 2024.1.6\lib\idea_rt.jar=64965:C:\Program Files\JetBrains\IntelliJ IDEA 2024.1.6\bin -Dfile.encoding=UTF-8 ru.t1.java.demo.T1JavaDemoApplication

Host: 11th Gen Intel(R) Core(TM) i7-11800H @ 2.30GHz, 16 cores, 15G,  Windows 10 , 64 bit Build 19041 (10.0.19041.1741)
Time: Thu Oct  3 15:59:04 2024 RTZ 2 (s 10 , 64 bit Build 19041 (10.0.19041.1741) elapsed time: 0.351903 seconds (0d 0h 0m 0s)

---------------  T H R E A D  ---------------

Current thread (0x000002cadc9a54b0):  JavaThread "main" [_thread_in_vm, id=13356, stack(0x000000f230600000,0x000000f230700000)]

Stack: [0x000000f230600000,0x000000f230700000]
Native frames: (J=compiled Java code, j=interpreted, Vv=VM code, C=native code)
V  [jvm.dll+0x67d2c9]
V  [jvm.dll+0x834b1a]
V  [jvm.dll+0x8365de]
V  [jvm.dll+0x836c43]
V  [jvm.dll+0x2477ff]
V  [jvm.dll+0x8307db]
V  [jvm.dll+0x621d16]
V  [jvm.dll+0x1c183e]
V  [jvm.dll+0x624671]
V  [jvm.dll+0x6226b6]
V  [jvm.dll+0x62c5a7]
V  [jvm.dll+0x1eb80b]
V  [jvm.dll+0x1ebd45]
V  [jvm.dll+0x1ec800]
V  [jvm.dll+0x1e1c01]
V  [jvm.dll+0x5427ce]
V  [jvm.dll+0x7aeba8]
V  [jvm.dll+0x7aec94]
V  [jvm.dll+0x4108f5]
V  [jvm.dll+0x416a79]
C  [java.dll+0x17ec]

Java frames: (J=compiled Java code, j=interpreted, Vv=VM code)
J 1275  java.lang.ClassLoader.defineClass1(Ljava/lang/ClassLoader;Ljava/lang/String;[BIILjava/security/ProtectionDomain;Ljava/lang/String;)Ljava/lang/Class; java.base@17.0.10 (0 bytes) @ 0x000002cae48b47e3 [0x000002cae48b4720+0x00000000000000c3]
J 1294 c1 java.lang.ClassLoader.defineClass(Ljava/lang/String;[BIILjava/security/ProtectionDomain;)Ljava/lang/Class; java.base@17.0.10 (43 bytes) @ 0x000002cae494e1ec [0x000002cae494e0e0+0x000000000000010c]
J 1278 c1 jdk.internal.loader.BuiltinClassLoader.defineClass(Ljava/lang/String;Ljdk/internal/loader/Resource;)Ljava/lang/Class; java.base@17.0.10 (121 bytes) @ 0x000002cae49478f4 [0x000002cae4947420+0x00000000000004d4]
J 1277 c1 jdk.internal.loader.BuiltinClassLoader.findClassOnClassPathOrNull(Ljava/lang/String;)Ljava/lang/Class; java.base@17.0.10 (64 bytes) @ 0x000002cae48b9aec [0x000002cae48b9820+0x00000000000002cc]
J 1112 c1 jdk.internal.loader.BuiltinClassLoader.loadClassOrNull(Ljava/lang/String;Z)Ljava/lang/Class; java.base@17.0.10 (143 bytes) @ 0x000002cae486f384 [0x000002cae486ef00+0x0000000000000484]
J 1175 c1 jdk.internal.loader.ClassLoaders$AppClassLoader.loadClass(Ljava/lang/String;Z)Ljava/lang/Class; java.base@17.0.10 (40 bytes) @ 0x000002cae488d4ac [0x000002cae488d360+0x000000000000014c]
J 1174 c1 java.lang.ClassLoader.loadClass(Ljava/lang/String;)Ljava/lang/Class; java.base@17.0.10 (7 bytes) @ 0x000002cae488c8e4 [0x000002cae488c8a0+0x0000000000000044]
v  ~StubRoutines::call_stub
j  org.springframework.core.annotation.TypeMappedAnnotations.from(Ljava/lang/reflect/AnnotatedElement;Lorg/springframework/core/annotation/MergedAnnotations$SearchStrategy;Ljava/util/function/Predicate;Lorg/springframework/core/annotation/RepeatableContainers;Lorg/springframework/core/annotation/AnnotationFilter;)Lorg/springframework/core/annotation/MergedAnnotations;+3
j  org.springframework.core.annotation.MergedAnnotations.from(Ljava/lang/reflect/AnnotatedElement;Lorg/springframework/core/annotation/MergedAnnotations$SearchStrategy;Ljava/util/function/Predicate;Lorg/springframework/core/annotation/RepeatableContainers;Lorg/springframework/core/annotation/AnnotationFilter;)Lorg/springframework/core/annotation/MergedAnnotations;+37
j  org.springframework.core.annotation.MergedAnnotations.from(Ljava/lang/reflect/AnnotatedElement;Lorg/springframework/core/annotation/MergedAnnotations$SearchStrategy;Lorg/springframework/core/annotation/RepeatableContainers;Lorg/springframework/core/annotation/AnnotationFilter;)Lorg/springframework/core/annotation/MergedAnnotations;+7
j  org.springframework.core.annotation.MergedAnnotations.from(Ljava/lang/reflect/AnnotatedElement;Lorg/springframework/core/annotation/MergedAnnotations$SearchStrategy;Lorg/springframework/core/annotation/RepeatableContainers;)Lorg/springframework/core/annotation/MergedAnnotations;+6
j  org.springframework.core.annotation.MergedAnnotations.from(Ljava/lang/reflect/AnnotatedElement;Lorg/springframework/core/annotation/MergedAnnotations$SearchStrategy;)Lorg/springframework/core/annotation/MergedAnnotations;+5
j  org.springframework.core.annotation.AnnotationAwareOrderComparator.findOrderFromAnnotation(Ljava/lang/Object;)Ljava/lang/Integer;+25
j  org.springframework.core.annotation.AnnotationAwareOrderComparator.findOrder(Ljava/lang/Object;)Ljava/lang/Integer;+14
j  org.springframework.core.OrderComparator.getOrder(Ljava/lang/Object;)I+6
j  org.springframework.core.OrderComparator.getOrder(Ljava/lang/Object;Lorg/springframework/core/OrderComparator$OrderSourceProvider;)I+107
j  org.springframework.core.OrderComparator.doCompare(Ljava/lang/Object;Ljava/lang/Object;Lorg/springframework/core/OrderComparator$OrderSourceProvider;)I+39
j  org.springframework.core.OrderComparator.compare(Ljava/lang/Object;Ljava/lang/Object;)I+4
j  java.util.TimSort.countRunAndMakeAscending([Ljava/lang/Object;IILjava/util/Comparator;)I+43 java.base@17.0.10
j  java.util.TimSort.sort([Ljava/lang/Object;IILjava/util/Comparator;[Ljava/lang/Object;II)V+60 java.base@17.0.10
j  java.util.Arrays.sort([Ljava/lang/Object;IILjava/util/Comparator;)V+43 java.base@17.0.10
j  java.util.ArrayList.sort(Ljava/util/Comparator;)V+15 java.base@17.0.10
j  org.springframework.core.annotation.AnnotationAwareOrderComparator.sort(Ljava/util/List;)V+14
j  org.springframework.core.io.support.SpringFactoriesLoader.load(Ljava/lang/Class;Lorg/springframework/core/io/support/SpringFactoriesLoader$ArgumentResolver;Lorg/springframework/core/io/support/SpringFactoriesLoader$FailureHandler;)Ljava/util/List;+124
j  org.springframework.core.io.support.SpringFactoriesLoader.load(Ljava/lang/Class;Lorg/springframework/core/io/support/SpringFactoriesLoader$ArgumentResolver;)Ljava/util/List;+4
j  org.springframework.boot.SpringApplication.getSpringFactoriesInstances(Ljava/lang/Class;Lorg/springframework/core/io/support/SpringFactoriesLoader$ArgumentResolver;)Ljava/util/List;+9
j  org.springframework.boot.SpringApplication.getSpringFactoriesInstances(Ljava/lang/Class;)Ljava/util/List;+3
j  org.springframework.boot.SpringApplication.<init>(Lorg/springframework/core/io/ResourceLoader;[Ljava/lang/Class;)V+132
j  org.springframework.boot.SpringApplication.<init>([Ljava/lang/Class;)V+3
j  org.springframework.boot.SpringApplication.run([Ljava/lang/Class;[Ljava/lang/String;)Lorg/springframework/context/ConfigurableApplicationContext;+5
j  org.springframework.boot.SpringApplication.run(Ljava/lang/Class;[Ljava/lang/String;)Lorg/springframework/context/ConfigurableApplicationContext;+9
j  ru.t1.java.demo.T1JavaDemoApplication.main([Ljava/lang/String;)V+3
v  ~StubRoutines::call_stub

Compiled method (n/a)     358 1275     n 0       java.lang.ClassLoader::defineClass1 (native)
 total in heap  [0x000002cae48b4590,0x000002cae48b4a70] = 1248
 relocation     [0x000002cae48b46e8,0x000002cae48b4720] = 56
 main code      [0x000002cae48b4720,0x000002cae48b4a70] = 848

[Constant Pool (empty)]

[MachCode]
[Entry Point]
  # {method} {0x000002ca80010f28} 'defineClass1' '(Ljava/lang/ClassLoader;Ljava/lang/String;[BIILjava/security/ProtectionDomain;Ljava/lang/String;)Ljava/lang/Class;' in 'java/lang/ClassLoader'
  # parm0:    rdx:rdx   = 'java/lang/ClassLoader'
  # parm1:    r8:r8     = 'java/lang/String'
  # parm2:    r9:r9     = '[B'
  # parm3:    rdi       = int
  # parm4:    rsi       = int
  # parm5:    rcx:rcx   = 'java/security/ProtectionDomain'
  # parm6:    [sp+0xa0]   = 'java/lang/String'  (sp of caller)
  0x000002cae48b4720: 448b 5208 | 49bb 0000 | 0080 ca02 | 0000 4d03 | d349 3bc2 | 0f84 0600 

  0x000002cae48b4738: ;   {runtime_call ic_miss_stub}
  0x000002cae48b4738: 0000 e941 | cec4 ff90 
[Verified Entry Point]
  0x000002cae48b4740: 8984 2400 | 90ff ff55 | 488b ec48 | 81ec 9000 | 0000 4881 | 7d10 0000 | 0000 488d | 4510 480f 
  0x000002cae48b4760: 4445 1048 | 8944 2440 | 4889 4c24 | 7048 83f9 | 0048 8d44 | 2470 480f | 4444 2470 | 4889 4424 
  0x000002cae48b4780: 3848 8974 | 2430 4889 | 7c24 284c | 894c 2458 | 4983 f900 | 488d 4424 | 5848 0f44 | 4424 5848 
  0x000002cae48b47a0: 8944 2420 | 4c89 4424 | 5049 83f8 | 004c 8d4c | 2450 4c0f | 444c 2450 | 4889 5424 | 4848 83fa 
  0x000002cae48b47c0: 004c 8d44 | 2448 4c0f | 4444 2448 

  0x000002cae48b47cc: ;   {oop(a 'java/lang/Class'{0x0000000710a3dbf8} = 'java/lang/ClassLoader')}
  0x000002cae48b47cc: 49be f8db | a310 0700 | 0000 4c89 | 7424 784c | 8d74 2478 | 498b d6c5 

  0x000002cae48b47e4: ;   {internal_word}
  0x000002cae48b47e4: f877 49ba | e347 8be4 | ca02 0000 | 4d89 97a0 | 0200 0049 | 89a7 9802 

  0x000002cae48b47fc: ;   {external_word}
  0x000002cae48b47fc: 0000 49ba | 7935 3847 | f97f 0000 | 4180 3a00 | 0f84 5200 | 0000 5241 

  0x000002cae48b4814: ;   {metadata({method} {0x000002ca80010f28} 'defineClass1' '(Ljava/lang/ClassLoader;Ljava/lang/String;[BIILjava/security/ProtectionDomain;Ljava/lang/String;)Ljava/lang/Class;' in 'java/lang/ClassLoader')}
  0x000002cae48b4814: 5041 5148 | ba20 0f01 | 80ca 0200 | 0049 8bcf | 4883 ec20 | f7c4 0f00 | 0000 0f84 | 1a00 0000 
  0x000002cae48b4834: 4883 ec08 

  0x000002cae48b4838: ;   {runtime_call}
  0x000002cae48b4838: 49ba 0030 | ee46 f97f | 0000 41ff | d248 83c4 | 08e9 0d00 

  0x000002cae48b484c: ;   {runtime_call}
  0x000002cae48b484c: 0000 49ba | 0030 ee46 | f97f 0000 | 41ff d248 | 83c4 2041 | 5941 585a | 498d 8fb8 | 0200 0041 
  0x000002cae48b486c: c787 4803 | 0000 0400 

  0x000002cae48b4874: ;   {runtime_call}
  0x000002cae48b4874: 0000 49ba | ac16 2b93 | f97f 0000 | 41ff d2c5 | f877 41c7 | 8748 0300 | 0005 0000 | 00f0 8344 
  0x000002cae48b4894: 24c0 0049 | 3baf 5003 | 0000 0f87 | 1100 0000 | 4181 bf38 | 0300 0000 | 0000 000f | 842c 0000 
  0x000002cae48b48b4: 00c5 f877 | 4889 45f8 | 498b cf4c | 8be4 4883 | ec20 4883 

  0x000002cae48b48c8: ;   {runtime_call}
  0x000002cae48b48c8: e4f0 49ba | 9044 fe46 | f97f 0000 | 41ff d249 | 8be4 4d33 | e448 8b45 | f841 c787 | 4803 0000 
  0x000002cae48b48e8: 0800 0000 | 4181 bfb8 | 0300 0002 | 0000 000f | 843f 0100 

  0x000002cae48b48fc: ;   {external_word}
  0x000002cae48b48fc: 0049 ba79 | 3538 47f9 | 7f00 0041 | 803a 000f | 8450 0000 | 0048 8945 

  0x000002cae48b4914: ;   {metadata({method} {0x000002ca80010f28} 'defineClass1' '(Ljava/lang/ClassLoader;Ljava/lang/String;[BIILjava/security/ProtectionDomain;Ljava/lang/String;)Ljava/lang/Class;' in 'java/lang/ClassLoader')}
  0x000002cae48b4914: f848 ba20 | 0f01 80ca | 0200 0049 | 8bcf 4883 | ec20 f7c4 | 0f00 0000 | 0f84 1a00 | 0000 4883 
  0x000002cae48b4934: ;   {runtime_call}
  0x000002cae48b4934: ec08 49ba | 0030 ee46 | f97f 0000 | 41ff d248 | 83c4 08e9 | 0d00 0000 

  0x000002cae48b494c: ;   {runtime_call}
  0x000002cae48b494c: 49ba 0030 | ee46 f97f | 0000 41ff | d248 83c4 | 2048 8b45 | f849 c787 | 9802 0000 | 0000 0000 
  0x000002cae48b496c: 49c7 87a0 | 0200 0000 | 0000 00c5 | f877 4885 | c00f 8493 | 0000 0048 | f7c0 0100 | 0000 0f84 
  0x000002cae48b498c: 8300 0000 | 488b 40ff | 4180 7f38 | 000f 846f | 0000 0048 | 83f8 000f | 8465 0000 | 0049 8b4f 
  0x000002cae48b49ac: 2048 83f9 | 000f 8414 | 0000 0048 | 83e9 0849 | 894f 2049 | 034f 3048 | 8901 e943 | 0000 0050 
  0x000002cae48b49cc: 498b d748 | 8bc8 4883 | ec20 f7c4 | 0f00 0000 | 0f84 1a00 | 0000 4883 

  0x000002cae48b49e4: ;   {runtime_call}
  0x000002cae48b49e4: ec08 49ba | 6048 ad46 | f97f 0000 | 41ff d248 | 83c4 08e9 | 0d00 0000 

  0x000002cae48b49fc: ;   {runtime_call}
  0x000002cae48b49fc: 49ba 6048 | ad46 f97f | 0000 41ff | d248 83c4 | 2058 e903 | 0000 0048 | 8b00 498b | 8fd8 0000 
  0x000002cae48b4a1c: 00c7 8100 | 0100 0000 | 0000 00c9 | 4981 7f08 | 0000 0000 | 0f85 0100 

  0x000002cae48b4a34: ;   {runtime_call StubRoutines (1)}
  0x000002cae48b4a34: 0000 c3e9 | c4c4 bfff | c5f8 7748 | 8945 f84c | 8be4 4883 | ec20 4883 

  0x000002cae48b4a4c: ;   {runtime_call}
  0x000002cae48b4a4c: e4f0 49ba | 8060 ee46 | f97f 0000 | 41ff d249 | 8be4 4d33 | e448 8b45 | f8e9 93fe | ffff f4f4 
  0x000002cae48b4a6c: f4f4 f4f4 
[/MachCode]


Compiled method (c1)     362 1294       1       java.lang.ClassLoader::defineClass (43 bytes)
 total in heap  [0x000002cae494df10,0x000002cae494e4b0] = 1440
 relocation     [0x000002cae494e068,0x000002cae494e0c8] = 96
 main code      [0x000002cae494e0e0,0x000002cae494e280] = 416
 stub code      [0x000002cae494e280,0x000002cae494e2f8] = 120
 metadata       [0x000002cae494e2f8,0x000002cae494e328] = 48
 scopes data    [0x000002cae494e328,0x000002cae494e3e0] = 184
 scopes pcs     [0x000002cae494e3e0,0x000002cae494e480] = 160
 dependencies   [0x000002cae494e480,0x000002cae494e488] = 8
 nul chk table  [0x000002cae494e488,0x000002cae494e4b0] = 40

[Constant Pool (empty)]

[MachCode]
[Entry Point]
  # {method} {0x000002ca80010cc0} 'defineClass' '(Ljava/lang/String;[BIILjava/security/ProtectionDomain;)Ljava/lang/Class;' in 'java/lang/ClassLoader'
  # this:     rdx:rdx   = 'java/lang/ClassLoader'
  # parm0:    r8:r8     = 'java/lang/String'
  # parm1:    r9:r9     = '[B'
  # parm2:    rdi       = int
  # parm3:    rsi       = int
  # parm4:    rcx:rcx   = 'java/security/ProtectionDomain'
  #           [sp+0xc0]  (sp of caller)
  0x000002cae494e0e0: 448b 5208 | 49bb 0000 | 0080 ca02 | 0000 4d03 | d34c 3bd0 

  0x000002cae494e0f4: ;   {runtime_call ic_miss_stub}
  0x000002cae494e0f4: 0f85 8634 | bbff 660f | 1f44 0000 
[Verified Entry Point]
  0x000002cae494e100: 8984 2400 | 90ff ff55 | 4881 ecb0 | 0000 0048 | 8954 2478 | 89b4 2494 | 0000 0089 | bc24 9000 
  0x000002cae494e120: 0000 4c89 | 8c24 8800 | 0000 498b | d84c 8bc3 | 4c8b c948 | 8bca 488b | d148 899c | 2480 0000 
  0x000002cae494e140: 0066 0f1f 

  0x000002cae494e144: ;   {optimized virtual_call}
  0x000002cae494e144: 4400 00e8 

  0x000002cae494e148: ; ImmutableOopMap {[120]=Oop [136]=Oop [128]=Oop }
                      ;*invokevirtual preDefineClass {reexecute=0 rethrow=0 return_oop=0}
                      ; - java.lang.ClassLoader::defineClass@4 (line 1015)
  0x000002cae494e148: f417 0000 | 4889 8424 | 9800 0000 

  0x000002cae494e154: ; implicit exception: dispatches to 0x000002cae494e22a
  0x000002cae494e154: 448b 4010 | 49c1 e003 | 4983 f800 | 0f85 0f00 

  0x000002cae494e164: ;   {oop(NULL)}
  0x000002cae494e164: 0000 48bb | 0000 0000 | 0000 0000 | e942 0000 | 0045 8b40 | 0c49 c1e0 | 0349 83f8 | 000f 850f 
  0x000002cae494e184: ;   {oop(NULL)}
  0x000002cae494e184: 0000 0048 | bb00 0000 | 0000 0000 | 00e9 2100 | 0000 418b | 5038 48c1 | e203 483b | 0266 0f1f 
  0x000002cae494e1a4: ;   {optimized virtual_call}
  0x000002cae494e1a4: 4400 00e8 

  0x000002cae494e1a8: ; ImmutableOopMap {[120]=Oop [136]=Oop [128]=Oop [152]=Oop }
                      ;*invokevirtual toExternalForm {reexecute=0 rethrow=0 return_oop=0}
                      ; - java.net.URL::toExternalForm@5 (line 1039)
                      ; - java.net.URL::toString@1 (line 1025)
                      ; - java.lang.ClassLoader::defineClassSourceLocation@22 (line 917)
                      ; - java.lang.ClassLoader::defineClass@12 (line 1016)
  0x000002cae494e1a8: f4a5 f3ff | 488b d848 | 8b84 2498 | 0000 008b | b424 9400 | 0000 8bbc | 2490 0000 | 004c 8b8c 
  0x000002cae494e1c8: 2488 0000 | 004c 8b84 | 2480 0000 | 0048 8b54 | 2478 4c8b | da49 8bd3 | 488b c848 

  0x000002cae494e1e4: ;   {static_call}
  0x000002cae494e1e4: 891c 24e8 

  0x000002cae494e1e8: ; ImmutableOopMap {[152]=Oop [120]=Oop }
                      ;*invokestatic defineClass1 {reexecute=0 rethrow=0 return_oop=0}
                      ; - java.lang.ClassLoader::defineClass@27 (line 1017)
  0x000002cae494e1e8: 5465 f6ff | 4c8b c04c | 8b8c 2498 | 0000 0048 | 8b54 2478 | 4889 8424 | a000 0000 

  0x000002cae494e204: ;   {optimized virtual_call}
  0x000002cae494e204: 6666 90e8 

  0x000002cae494e208: ; ImmutableOopMap {[160]=Oop }
                      ;*invokevirtual postDefineClass {reexecute=0 rethrow=0 return_oop=0}
                      ; - java.lang.ClassLoader::defineClass@37 (line 1018)
  0x000002cae494e208: a900 0000 | 488b 8424 | a000 0000 | 4881 c4b0 | 0000 005d 

  0x000002cae494e21c: ;   {poll_return}
  0x000002cae494e21c: 493b a750 | 0300 000f | 8715 0000 

  0x000002cae494e228: ;   {runtime_call throw_null_pointer_exception Runtime1 stub}
  0x000002cae494e228: 00c3 e8f1 

  0x000002cae494e22c: ; ImmutableOopMap {[120]=Oop [136]=Oop [128]=Oop rax=Oop [152]=Oop }
                      ;*invokevirtual getCodeSource {reexecute=0 rethrow=0 return_oop=0}
                      ; - java.lang.ClassLoader::defineClassSourceLocation@1 (line 914)
                      ; - java.lang.ClassLoader::defineClass@12 (line 1016)
                      ;   {runtime_call throw_null_pointer_exception Runtime1 stub}
  0x000002cae494e22c: 74c5 ffe8 

  0x000002cae494e230: ; ImmutableOopMap {[120]=Oop [136]=Oop [128]=Oop rax=Oop [152]=Oop }
                      ;*invokevirtual getLocation {reexecute=0 rethrow=0 return_oop=0}
                      ; - java.lang.ClassLoader::defineClassSourceLocation@12 (line 916)
                      ; - java.lang.ClassLoader::defineClass@12 (line 1016)
  0x000002cae494e230: ec74 c5ff 

  0x000002cae494e234: ;   {runtime_call throw_null_pointer_exception Runtime1 stub}
  0x000002cae494e234: e8e7 74c5 

  0x000002cae494e238: ; ImmutableOopMap {[120]=Oop [136]=Oop [128]=Oop [152]=Oop r8=Oop }
                      ;*invokevirtual toString {reexecute=0 rethrow=0 return_oop=0}
                      ; - java.lang.ClassLoader::defineClassSourceLocation@22 (line 917)
                      ; - java.lang.ClassLoader::defineClass@12 (line 1016)
                      ;   {runtime_call throw_null_pointer_exception Runtime1 stub}
  0x000002cae494e238: ffe8 e274 

  0x000002cae494e23c: ; ImmutableOopMap {[120]=Oop [136]=Oop [128]=Oop [152]=Oop r8=Oop rdx=Oop }
                      ;*invokevirtual toExternalForm {reexecute=0 rethrow=0 return_oop=0}
                      ; - java.net.URL::toExternalForm@5 (line 1039)
                      ; - java.net.URL::toString@1 (line 1025)
                      ; - java.lang.ClassLoader::defineClassSourceLocation@22 (line 917)
                      ; - java.lang.ClassLoader::defineClass@12 (line 1016)
                      ;   {internal_word}
  0x000002cae494e23c: c5ff 49ba | 1ce2 94e4 | ca02 0000 | 4d89 9768 

  0x000002cae494e24c: ;   {runtime_call SafepointBlob}
  0x000002cae494e24c: 0300 00e9 | 2cad bbff | 9090 498b | 87e0 0300 | 0049 c787 | e003 0000 | 0000 0000 | 49c7 87e8 
  0x000002cae494e26c: 0300 0000 | 0000 0048 | 81c4 b000 

  0x000002cae494e278: ;   {runtime_call unwind_exception Runtime1 stub}
  0x000002cae494e278: 0000 5de9 | 8065 c5ff 
[Stub Code]
  0x000002cae494e280: ;   {no_reloc}
  0x000002cae494e280: 0f1f 4400 

  0x000002cae494e284: ;   {static_stub}
  0x000002cae494e284: 0048 bb00 | 0000 0000 

  0x000002cae494e28c: ;   {runtime_call}
  0x000002cae494e28c: 0000 00e9 | fbff ffff 

  0x000002cae494e294: ;   {static_stub}
  0x000002cae494e294: 9048 bb00 | 0000 0000 

  0x000002cae494e29c: ;   {runtime_call}
  0x000002cae494e29c: 0000 00e9 | fbff ffff 

  0x000002cae494e2a4: ;   {static_stub}
  0x000002cae494e2a4: 9048 bb00 | 0000 0000 

  0x000002cae494e2ac: ;   {runtime_call}
  0x000002cae494e2ac: 0000 00e9 | fbff ffff 

  0x000002cae494e2b4: ;   {static_stub}
  0x000002cae494e2b4: 9048 bb88 | 0f01 80ca 

  0x000002cae494e2bc: ;   {runtime_call I2C/C2I adapters}
  0x000002cae494e2bc: 0200 00e9 | 9dbb bbff 
[Exception Handler]
  0x000002cae494e2c4: ;   {runtime_call handle_exception_from_callee Runtime1 stub}
  0x000002cae494e2c4: e837 9ac5 

  0x000002cae494e2c8: ;   {external_word}
  0x000002cae494e2c8: ff48 b940 | 9a12 47f9 | 7f00 0048 

  0x000002cae494e2d4: ;   {runtime_call}
  0x000002cae494e2d4: 83e4 f049 | ba60 2ddb | 46f9 7f00 | 0041 ffd2 

  0x000002cae494e2e4: ;   {section_word}
  0x000002cae494e2e4: f449 bae5 | e294 e4ca | 0200 0041 

  0x000002cae494e2f0: ;   {runtime_call DeoptimizationBlob}
  0x000002cae494e2f0: 52e9 2ac1 | bbff f4f4 
[/MachCode]


Compiled method (c1)     365 1278       1       jdk.internal.loader.BuiltinClassLoader::defineClass (121 bytes)
 total in heap  [0x000002cae4947190,0x000002cae4948028] = 3736
 relocation     [0x000002cae49472e8,0x000002cae4947418] = 304
 main code      [0x000002cae4947420,0x000002cae4947a60] = 1600
 stub code      [0x000002cae4947a60,0x000002cae4947ba8] = 328
 metadata       [0x000002cae4947ba8,0x000002cae4947bf0] = 72
 scopes data    [0x000002cae4947bf0,0x000002cae4947e48] = 600
 scopes pcs     [0x000002cae4947e48,0x000002cae4947fe8] = 416
 dependencies   [0x000002cae4947fe8,0x000002cae4947ff0] = 8
 handler table  [0x000002cae4947ff0,0x000002cae4948008] = 24
 nul chk table  [0x000002cae4948008,0x000002cae4948028] = 32

[Constant Pool (empty)]

[MachCode]
[Entry Point]
  # {method} {0x000002ca80435a90} 'defineClass' '(Ljava/lang/String;Ljdk/internal/loader/Resource;)Ljava/lang/Class;' in 'jdk/internal/loader/BuiltinClassLoader'
  # this:     rdx:rdx   = 'jdk/internal/loader/BuiltinClassLoader'
  # parm0:    r8:r8     = 'java/lang/String'
  # parm1:    r9:r9     = 'jdk/internal/loader/Resource'
  #           [sp+0x110]  (sp of caller)
  0x000002cae4947420: 448b 5208 | 49bb 0000 | 0080 ca02 | 0000 4d03 | d34c 3bd0 

  0x000002cae4947434: ;   {runtime_call ic_miss_stub}
  0x000002cae4947434: 0f85 46a1 | bbff 660f | 1f44 0000 
[Verified Entry Point]
  0x000002cae4947440: 8984 2400 | 90ff ff55 | 4881 ec00 | 0100 0048 | 8994 24a0 | 0000 004c | 8984 2490 | 0000 004c 
  0x000002cae4947460: 898c 2498 | 0000 0049 | 8bd1 6666 | 9048 b8ff | ffff ffff 

  0x000002cae4947474: ;   {virtual_call}
  0x000002cae4947474: ffff ffe8 

  0x000002cae4947478: ; ImmutableOopMap {[152]=Oop [160]=Oop [144]=Oop }
                      ;*invokevirtual getCodeSourceURL {reexecute=0 rethrow=0 return_oop=0}
                      ; - jdk.internal.loader.BuiltinClassLoader::defineClass@1 (line 842)
  0x000002cae4947478: a46b bbff | 4889 8424 | a800 0000 | 4c8b 8424 | 9000 0000 

  0x000002cae494748c: ; implicit exception: dispatches to 0x000002cae4947953
  0x000002cae494748c: 418b 7014 | 48c1 e603 

  0x000002cae4947494: ; implicit exception: dispatches to 0x000002cae4947958
  0x000002cae4947494: 8b56 0c45 | 0fbe 4810 | 498b c9c1 | e118 c1f9 | 18d3 fa48 | 8bfa ffcf | 4183 f900 | ba00 0000 
  0x000002cae49474b4: 000f 8505 | 0000 00ba | 0100 0000 | 83e2 0183 | fa00 488b | d641 b82e | 0000 004c | 8bcf 0f84 
  0x000002cae49474d4: 1100 0000 | 0f1f 8000 

  0x000002cae49474dc: ;   {static_call}
  0x000002cae49474dc: 0000 00e8 

  0x000002cae49474e0: ; ImmutableOopMap {[152]=Oop [160]=Oop [168]=Oop [144]=Oop }
                      ;*invokestatic lastIndexOf {reexecute=0 rethrow=0 return_oop=0}
                      ; - java.lang.String::lastIndexOf@13 (line 2489)
                      ; - java.lang.String::lastIndexOf@8 (line 2451)
                      ; - jdk.internal.loader.BuiltinClassLoader::defineClass@8 (line 845)
  0x000002cae49474e0: bc45 c7ff | e90b 0000 | 0066 0f1f 

  0x000002cae49474ec: ;   {static_call}
  0x000002cae49474ec: 4400 00e8 

  0x000002cae49474f0: ; ImmutableOopMap {[152]=Oop [160]=Oop [168]=Oop [144]=Oop }
                      ;*invokestatic lastIndexOf {reexecute=0 rethrow=0 return_oop=0}
                      ; - java.lang.String::lastIndexOf@25 (line 2490)
                      ; - java.lang.String::lastIndexOf@8 (line 2451)
                      ; - jdk.internal.loader.BuiltinClassLoader::defineClass@8 (line 845)
  0x000002cae49474f0: 0cb1 bbff | 83f8 ff0f | 8467 0000 | 0041 b800 | 0000 004c | 8bc8 488b | 9424 9000 

  0x000002cae494750c: ;   {optimized virtual_call}
  0x000002cae494750c: 0000 90e8 

  0x000002cae4947510: ; ImmutableOopMap {[152]=Oop [160]=Oop [168]=Oop [144]=Oop }
                      ;*invokevirtual substring {reexecute=0 rethrow=0 return_oop=0}
                      ; - jdk.internal.loader.BuiltinClassLoader::defineClass@23 (line 847)
  0x000002cae4947510: ecaf dbff | 488b 9424 | 9800 0000 | 4889 8424 | b000 0000 | 9048 b8ff | ffff ffff 

  0x000002cae494752c: ;   {virtual_call}
  0x000002cae494752c: ffff ffe8 

  0x000002cae4947530: ; ImmutableOopMap {[152]=Oop [160]=Oop [168]=Oop [144]=Oop [176]=Oop }
                      ;*invokevirtual getManifest {reexecute=0 rethrow=0 return_oop=0}
                      ; - jdk.internal.loader.BuiltinClassLoader::defineClass@29 (line 848)
  0x000002cae4947530: 2c6b bbff | 4c8b 8424 | b000 0000 | 4c8b c848 | 8bbc 24a8 | 0000 0048 | 8b94 24a0 | 0000 0066 
  0x000002cae4947550: 0f1f 4400 | 0048 b840 | c607 80ca 

  0x000002cae494755c: ;   {virtual_call}
  0x000002cae494755c: 0200 00e8 

  0x000002cae4947560: ; ImmutableOopMap {[152]=Oop [160]=Oop [168]=Oop [144]=Oop }
                      ;*invokevirtual defineOrCheckPackage {reexecute=0 rethrow=0 return_oop=0}
                      ; - jdk.internal.loader.BuiltinClassLoader::defineClass@40 (line 849)
  0x000002cae4947560: bc1e f7ff | 4c8b 8c24 | 9800 0000 | 488d 9424 | e000 0000 | 4c89 4a08 | 498b 0148 | 83c8 0148 
  0x000002cae4947580: 8902 f049 | 0fb1 110f | 8413 0000 | 0048 2bc4 | 4881 e007 | f0ff ff48 | 8902 0f85 | bd03 0000 
  0x000002cae49475a0: 418b 510c | 48c1 e203 | 4883 fa00 | 0f85 4700 | 0000 498b | d148 b8ff | ffff ffff 

  0x000002cae49475bc: ;   {virtual_call}
  0x000002cae49475bc: ffff ffe8 

  0x000002cae49475c0: ; ImmutableOopMap {[160]=Oop [168]=Oop [144]=Oop [152]=Oop [232]=Oop }
                      ;*invokevirtual getInputStream {reexecute=0 rethrow=0 return_oop=0}
                      ; - jdk.internal.loader.Resource::cachedInputStream@9 (line 77)
                      ; - jdk.internal.loader.Resource::getByteBuffer@1 (line 163)
                      ; - jdk.internal.loader.BuiltinClassLoader::defineClass@45 (line 853)
  0x000002cae49475c0: 5c69 bbff | 410f be57 | 3883 fa00 | 4c8b 8c24 | 9800 0000 | 0f85 9603 | 0000 4c8b | d049 c1ea 
  0x000002cae49475e0: 0345 8951 | 0c49 8bd1 | 4833 d048 | c1ea 1548 | 83fa 000f | 8597 0300 | 0041 8b51 | 0c48 c1e2 
  0x000002cae4947600: 0348 8d84 | 24e0 0000 | 0048 8b30 | 4885 f60f | 840f 0000 | 0048 8b78 | 08f0 480f | b137 0f85 
  0x000002cae4947620: 8403 0000 | 4883 fa00 | 0f84 4400 

  0x000002cae494762c: ;   {metadata('sun/nio/ByteBuffered')}
  0x000002cae494762c: 0000 48b8 | 88cb 0d80 | ca02 0000 | 8b5a 0849 | ba00 0000 | 80ca 0200 | 0049 03da | 483b 4320 
  0x000002cae494764c: 0f84 2500 | 0000 483b | d80f 841c | 0000 0053 

  0x000002cae494765c: ;   {runtime_call slow_subtype_check Runtime1 stub}
  0x000002cae494765c: 50e8 9e12 | c6ff 5b5b | 83fb 000f | 8405 0000 | 00e9 0500 | 0000 4833 | f6eb 0a48 | be01 0000 
  0x000002cae494767c: 0000 0000 | 0083 fe00 | 0f84 6700 | 0000 4883 | fa00 0f84 | 4400 0000 

  0x000002cae4947694: ;   {metadata('sun/nio/ByteBuffered')}
  0x000002cae4947694: 48bb 88cb | 0d80 ca02 | 0000 8b7a | 0849 ba00 | 0000 80ca | 0200 0049 | 03fa 483b | 5f20 0f84 
  0x000002cae49476b4: 2000 0000 | 483b fb0f | 8417 0000 

  0x000002cae49476c0: ;   {runtime_call slow_subtype_check Runtime1 stub}
  0x000002cae49476c0: 0057 53e8 | 3812 c6ff | 5f5f 83ff | 000f 84eb | 0200 00e9 | 0000 0000 | 0f1f 4400 | 0048 b8ff 
  0x000002cae49476e0: ffff ffff 

  0x000002cae49476e4: ;   {virtual_call}
  0x000002cae49476e4: ffff ffe8 

  0x000002cae49476e8: ; ImmutableOopMap {[160]=Oop [168]=Oop [144]=Oop [152]=Oop }
                      ;*invokeinterface getByteBuffer {reexecute=0 rethrow=0 return_oop=0}
                      ; - jdk.internal.loader.Resource::getByteBuffer@16 (line 165)
                      ; - jdk.internal.loader.BuiltinClassLoader::defineClass@45 (line 853)
  0x000002cae49476e8: 94a9 bbff | e90a 0000 

  0x000002cae49476f0: ;   {oop(NULL)}
  0x000002cae49476f0: 0048 b800 | 0000 0000 | 0000 0048 | 83f8 000f | 84e5 0000 | 0048 8984 | 24b8 0000 | 0048 8b94 
  0x000002cae4947710: 2498 0000 | 0048 b8ff | ffff ffff 

  0x000002cae494771c: ;   {virtual_call}
  0x000002cae494771c: ffff ffe8 

  0x000002cae4947720: ; ImmutableOopMap {[160]=Oop [168]=Oop [144]=Oop [184]=Oop }
                      ;*invokevirtual getCodeSigners {reexecute=0 rethrow=0 return_oop=0}
                      ; - jdk.internal.loader.BuiltinClassLoader::defineClass@56 (line 855)
  0x000002cae4947720: 5ca9 bbff 

  0x000002cae4947724: ;   {metadata('java/security/CodeSource')}
  0x000002cae4947724: 4c8b c848 | bab0 ee00 | 80ca 0200 | 0049 8b87 | 0801 0000 | 488d 7828 | 493b bf18 | 0100 000f 
  0x000002cae4947744: 877e 0200 | 0049 89bf | 0801 0000 | 48c7 0001 | 0000 0048 | 8bca 49ba | 0000 0080 | ca02 0000 
  0x000002cae4947764: 492b ca89 | 4808 4833 | c989 480c | 4833 c948 | 8948 1048 | 8948 1848 | 8948 204c | 8b84 24a8 
  0x000002cae4947784: 0000 0048 | 8bd0 4889 | 8424 c000 | 0000 0f1f 

  0x000002cae4947794: ;   {optimized virtual_call}
  0x000002cae4947794: 4400 00e8 

  0x000002cae4947798: ; ImmutableOopMap {[160]=Oop [144]=Oop [184]=Oop [192]=Oop }
                      ;*invokespecial <init> {reexecute=0 rethrow=0 return_oop=0}
                      ; - jdk.internal.loader.BuiltinClassLoader::defineClass@68 (line 856)
  0x000002cae4947798: 64a3 bbff | 4c8b 8424 | c000 0000 | 488b 9424 | a000 0000 

  0x000002cae49477ac: ;   {optimized virtual_call}
  0x000002cae49477ac: 6666 90e8 

  0x000002cae49477b0: ; ImmutableOopMap {[160]=Oop [144]=Oop [184]=Oop }
                      ;*invokevirtual getProtectionDomain {reexecute=0 rethrow=0 return_oop=0}
                      ; - java.security.SecureClassLoader::defineClass@5 (line 182)
                      ; - jdk.internal.loader.BuiltinClassLoader::defineClass@79 (line 857)
  0x000002cae49477b0: 4ca3 bbff | 4c8b 8424 | 9000 0000 | 4c8b 8c24 | b800 0000 | 488b f848 | 8b94 24a0 

  0x000002cae49477cc: ;   {optimized virtual_call}
  0x000002cae49477cc: 0000 00e8 

  0x000002cae49477d0: ; ImmutableOopMap {}
                      ;*invokevirtual defineClass {reexecute=0 rethrow=0 return_oop=0}
                      ; - java.security.SecureClassLoader::defineClass@8 (line 182)
                      ; - jdk.internal.loader.BuiltinClassLoader::defineClass@79 (line 857)
  0x000002cae49477d0: 2ca3 bbff | 4881 c400 | 0100 005d 

  0x000002cae49477dc: ;   {poll_return}
  0x000002cae49477dc: 493b a750 | 0300 000f | 87eb 0100 | 00c3 4c8b | 8c24 9800 | 0000 498b | d148 b8ff | ffff ffff 
  0x000002cae49477fc: ;   {virtual_call}
  0x000002cae49477fc: ffff ffe8 

  0x000002cae4947800: ; ImmutableOopMap {[160]=Oop [144]=Oop [152]=Oop [168]=Oop }
                      ;*invokevirtual getBytes {reexecute=0 rethrow=0 return_oop=0}
                      ; - jdk.internal.loader.BuiltinClassLoader::defineClass@84 (line 859)
  0x000002cae4947800: 5c67 bbff | 4889 8424 | c800 0000 | 488b 9424 | 9800 0000 | 9048 b8ff | ffff ffff 

  0x000002cae494781c: ;   {virtual_call}
  0x000002cae494781c: ffff ffe8 

  0x000002cae4947820: ; ImmutableOopMap {[160]=Oop [144]=Oop [168]=Oop [200]=Oop }
                      ;*invokevirtual getCodeSigners {reexecute=0 rethrow=0 return_oop=0}
                      ; - jdk.internal.loader.BuiltinClassLoader::defineClass@90 (line 860)
  0x000002cae4947820: 7c67 bbff 

  0x000002cae4947824: ;   {metadata('java/security/CodeSource')}
  0x000002cae4947824: 4c8b c848 | bab0 ee00 | 80ca 0200 | 0049 8b87 | 0801 0000 | 488d 7828 | 493b bf18 | 0100 000f 
  0x000002cae4947844: 87a1 0100 | 0049 89bf | 0801 0000 | 48c7 0001 | 0000 0048 | 8bca 49ba | 0000 0080 | ca02 0000 
  0x000002cae4947864: 492b ca89 | 4808 4833 | c989 480c | 4833 c948 | 8948 1048 | 8948 1848 | 8948 204c | 8b84 24a8 
  0x000002cae4947884: 0000 0048 | 8bd0 4889 | 8424 d000 | 0000 0f1f 

  0x000002cae4947894: ;   {optimized virtual_call}
  0x000002cae4947894: 4400 00e8 

  0x000002cae4947898: ; ImmutableOopMap {[160]=Oop [144]=Oop [200]=Oop [208]=Oop }
                      ;*invokespecial <init> {reexecute=0 rethrow=0 return_oop=0}
                      ; - jdk.internal.loader.BuiltinClassLoader::defineClass@102 (line 861)
  0x000002cae4947898: 644e 0000 | 488b 8424 | c800 0000 

  0x000002cae49478a4: ; implicit exception: dispatches to 0x000002cae49479f7
  0x000002cae49478a4: 8b70 0c4c | 8b84 24d0 | 0000 0048 | 8b94 24a0 | 0000 0089 | b424 d800 

  0x000002cae49478bc: ;   {optimized virtual_call}
  0x000002cae49478bc: 0000 90e8 

  0x000002cae49478c0: ; ImmutableOopMap {[160]=Oop [144]=Oop [200]=Oop }
                      ;*invokevirtual getProtectionDomain {reexecute=0 rethrow=0 return_oop=0}
                      ; - java.security.SecureClassLoader::defineClass@9 (line 150)
                      ; - jdk.internal.loader.BuiltinClassLoader::defineClass@117 (line 862)
  0x000002cae49478c0: 1c5b 0000 | 4c8b 8424 | 9000 0000 | 4c8b 8c24 | c800 0000 | bf00 0000 | 008b b424 | d800 0000 
  0x000002cae49478e0: 488b c848 | 8b94 24a0 | 0000 000f 

  0x000002cae49478ec: ;   {optimized virtual_call}
  0x000002cae49478ec: 1f40 00e8 

  0x000002cae49478f0: ; ImmutableOopMap {}
                      ;*invokevirtual defineClass {reexecute=0 rethrow=0 return_oop=0}
                      ; - java.security.SecureClassLoader::defineClass@12 (line 150)
                      ; - jdk.internal.loader.BuiltinClassLoader::defineClass@117 (line 862)
  0x000002cae49478f0: 0c68 0000 | 4881 c400 | 0100 005d 

  0x000002cae49478fc: ;   {poll_return}
  0x000002cae49478fc: 493b a750 | 0300 000f | 87f3 0000 | 00c3 498b | 87e0 0300 | 004d 33d2 | 4d89 97e0 | 0300 004d 
  0x000002cae494791c: 33d2 4d89 | 97e8 0300 | 0048 8bf0 | 488d 8424 | e000 0000 | 488b 3848 | 85ff 0f84 | 0f00 0000 
  0x000002cae494793c: 488b 5808 | f048 0fb1 | 3b0f 85c7 | 0000 0048 | 8bc6 e9f4 

  0x000002cae4947950: ;   {runtime_call throw_null_pointer_exception Runtime1 stub}
  0x000002cae4947950: 0000 00e8 

  0x000002cae4947954: ; ImmutableOopMap {[152]=Oop [160]=Oop rax=Oop [168]=Oop r8=Oop [144]=Oop }
                      ;*invokevirtual lastIndexOf {reexecute=0 rethrow=0 return_oop=0}
                      ; - jdk.internal.loader.BuiltinClassLoader::defineClass@8 (line 845)
  0x000002cae4947954: c8dd c5ff 

  0x000002cae4947958: ;   {runtime_call throw_null_pointer_exception Runtime1 stub}
  0x000002cae4947958: e8c3 ddc5 

  0x000002cae494795c: ; ImmutableOopMap {[152]=Oop [160]=Oop rax=Oop [168]=Oop r8=Oop [144]=Oop rsi=Oop }
                      ;*arraylength {reexecute=0 rethrow=0 return_oop=0}
                      ; - java.lang.String::length@4 (line 1481)
                      ; - java.lang.String::lastIndexOf@3 (line 2451)
                      ; - jdk.internal.loader.BuiltinClassLoader::defineClass@8 (line 845)
  0x000002cae494795c: ff4c 894c | 2408 4889 

  0x000002cae4947964: ;   {runtime_call monitorenter_nofpu Runtime1 stub}
  0x000002cae4947964: 1424 e815 

  0x000002cae4947968: ; ImmutableOopMap {[160]=Oop [168]=Oop [144]=Oop r9=Oop [152]=Oop [232]=Oop }
                      ;*synchronization entry
                      ; - jdk.internal.loader.Resource::cachedInputStream@-1 (line 76)
                      ; - jdk.internal.loader.Resource::getByteBuffer@1 (line 163)
                      ; - jdk.internal.loader.BuiltinClassLoader::defineClass@45 (line 853)
  0x000002cae4947968: 16c6 ffe9 | 30fc ffff | 418b 510c | 48c1 e203 | 4883 fa00 | 0f84 58fc | ffff 4889 

  0x000002cae4947984: ;   {runtime_call g1_pre_barrier_slow}
  0x000002cae4947984: 1424 e8f5 | 52c6 ffe9 | 4afc ffff | 4883 f800 | 0f84 5ffc | ffff 4c89 

  0x000002cae494799c: ;   {runtime_call g1_post_barrier_slow}
  0x000002cae494799c: 0c24 e8dd | 56c6 ffe9 | 51fc ffff | 488d 8424 | e000 0000 | 4889 0424 

  0x000002cae49479b4: ;   {runtime_call monitorexit_nofpu Runtime1 stub}
  0x000002cae49479b4: e847 22c6 | ffe9 66fc | ffff 4889 

  0x000002cae49479c0: ;   {runtime_call throw_class_cast_exception Runtime1 stub}
  0x000002cae49479c0: 1424 e859 

  0x000002cae49479c4: ; ImmutableOopMap {[160]=Oop [168]=Oop [144]=Oop [152]=Oop }
                      ;*checkcast {reexecute=0 rethrow=0 return_oop=0}
                      ; - jdk.internal.loader.Resource::getByteBuffer@13 (line 165)
                      ; - jdk.internal.loader.BuiltinClassLoader::defineClass@45 (line 853)
  0x000002cae49479c4: 09c6 ff48 

  0x000002cae49479c8: ;   {runtime_call fast_new_instance Runtime1 stub}
  0x000002cae49479c8: 8bd2 e831 

  0x000002cae49479cc: ; ImmutableOopMap {[160]=Oop [168]=Oop [144]=Oop [184]=Oop r9=Oop }
                      ;*new {reexecute=0 rethrow=0 return_oop=0}
                      ; - jdk.internal.loader.BuiltinClassLoader::defineClass@61 (line 856)
  0x000002cae49479cc: e8c5 ffe9 | abfd ffff 

  0x000002cae49479d4: ;   {internal_word}
  0x000002cae49479d4: 49ba dc77 | 94e4 ca02 | 0000 4d89 | 9768 0300 

  0x000002cae49479e4: ;   {runtime_call SafepointBlob}
  0x000002cae49479e4: 00e9 9615 | bcff 488b 

  0x000002cae49479ec: ;   {runtime_call fast_new_instance Runtime1 stub}
  0x000002cae49479ec: d2e8 0ee8 

  0x000002cae49479f0: ; ImmutableOopMap {[160]=Oop [144]=Oop [168]=Oop [200]=Oop r9=Oop }
                      ;*new {reexecute=0 rethrow=0 return_oop=0}
                      ; - jdk.internal.loader.BuiltinClassLoader::defineClass@95 (line 861)
  0x000002cae49479f0: c5ff e988 

  0x000002cae49479f4: ;   {runtime_call throw_null_pointer_exception Runtime1 stub}
  0x000002cae49479f4: feff ffe8 

  0x000002cae49479f8: ; ImmutableOopMap {[160]=Oop [144]=Oop [208]=Oop rax=Oop [200]=Oop }
                      ;*arraylength {reexecute=0 rethrow=0 return_oop=0}
                      ; - jdk.internal.loader.BuiltinClassLoader::defineClass@114 (line 862)
  0x000002cae49479f8: 24dd c5ff 

  0x000002cae49479fc: ;   {internal_word}
  0x000002cae49479fc: 49ba fc78 | 94e4 ca02 | 0000 4d89 | 9768 0300 

  0x000002cae4947a0c: ;   {runtime_call SafepointBlob}
  0x000002cae4947a0c: 00e9 6e15 | bcff 488d | 8424 e000 | 0000 4889 

  0x000002cae4947a1c: ;   {runtime_call monitorexit_nofpu Runtime1 stub}
  0x000002cae4947a1c: 0424 e8dd | 21c6 ffe9 | 23ff ffff | 9090 498b | 87e0 0300 | 0049 c787 | e003 0000 | 0000 0000 
  0x000002cae4947a3c: 49c7 87e8 | 0300 0000 | 0000 0048 | 81c4 0001 

  0x000002cae4947a4c: ;   {runtime_call unwind_exception Runtime1 stub}
  0x000002cae4947a4c: 0000 5de9 | accd c5ff | f4f4 f4f4 | f4f4 f4f4 | f4f4 f4f4 
[Stub Code]
  0x000002cae4947a60: ;   {no_reloc}
  0x000002cae4947a60: 0f1f 4400 

  0x000002cae4947a64: ;   {static_stub}
  0x000002cae4947a64: 0048 bb00 | 0000 0000 

  0x000002cae4947a6c: ;   {runtime_call}
  0x000002cae4947a6c: 0000 00e9 | fbff ffff 

  0x000002cae4947a74: ;   {static_stub}
  0x000002cae4947a74: 9048 bb00 | 0000 0000 

  0x000002cae4947a7c: ;   {runtime_call}
  0x000002cae4947a7c: 0000 00e9 | fbff ffff 

  0x000002cae4947a84: ;   {static_stub}
  0x000002cae4947a84: 9048 bb00 | 0000 0000 

  0x000002cae4947a8c: ;   {runtime_call}
  0x000002cae4947a8c: 0000 00e9 | fbff ffff 

  0x000002cae4947a94: ;   {static_stub}
  0x000002cae4947a94: 9048 bb00 | 0000 0000 

  0x000002cae4947a9c: ;   {runtime_call}
  0x000002cae4947a9c: 0000 00e9 | fbff ffff 

  0x000002cae4947aa4: ;   {static_stub}
  0x000002cae4947aa4: 9048 bb00 | 0000 0000 

  0x000002cae4947aac: ;   {runtime_call}
  0x000002cae4947aac: 0000 00e9 | fbff ffff 

  0x000002cae4947ab4: ;   {static_stub}
  0x000002cae4947ab4: 9048 bb00 | 0000 0000 

  0x000002cae4947abc: ;   {runtime_call}
  0x000002cae4947abc: 0000 00e9 | fbff ffff 

  0x000002cae4947ac4: ;   {static_stub}
  0x000002cae4947ac4: 9048 bb00 | 0000 0000 

  0x000002cae4947acc: ;   {runtime_call}
  0x000002cae4947acc: 0000 00e9 | fbff ffff 

  0x000002cae4947ad4: ;   {static_stub}
  0x000002cae4947ad4: 9048 bb00 | 0000 0000 

  0x000002cae4947adc: ;   {runtime_call}
  0x000002cae4947adc: 0000 00e9 | fbff ffff 

  0x000002cae4947ae4: ;   {static_stub}
  0x000002cae4947ae4: 9048 bb00 | 0000 0000 

  0x000002cae4947aec: ;   {runtime_call}
  0x000002cae4947aec: 0000 00e9 | fbff ffff 

  0x000002cae4947af4: ;   {static_stub}
  0x000002cae4947af4: 9048 bb00 | 0000 0000 

  0x000002cae4947afc: ;   {runtime_call}
  0x000002cae4947afc: 0000 00e9 | fbff ffff 

  0x000002cae4947b04: ;   {static_stub}
  0x000002cae4947b04: 9048 bb00 | 0000 0000 

  0x000002cae4947b0c: ;   {runtime_call}
  0x000002cae4947b0c: 0000 00e9 | fbff ffff 

  0x000002cae4947b14: ;   {static_stub}
  0x000002cae4947b14: 9048 bb00 | 0000 0000 

  0x000002cae4947b1c: ;   {runtime_call}
  0x000002cae4947b1c: 0000 00e9 | fbff ffff 

  0x000002cae4947b24: ;   {static_stub}
  0x000002cae4947b24: 9048 bb00 | 0000 0000 

  0x000002cae4947b2c: ;   {runtime_call}
  0x000002cae4947b2c: 0000 00e9 | fbff ffff 

  0x000002cae4947b34: ;   {static_stub}
  0x000002cae4947b34: 9048 bb00 | 0000 0000 

  0x000002cae4947b3c: ;   {runtime_call}
  0x000002cae4947b3c: 0000 00e9 | fbff ffff 

  0x000002cae4947b44: ;   {static_stub}
  0x000002cae4947b44: 9048 bba0 | 2042 80ca 

  0x000002cae4947b4c: ;   {runtime_call I2C/C2I adapters}
  0x000002cae4947b4c: 0200 00e9 | 0d23 bcff 

  0x000002cae4947b54: ;   {static_stub}
  0x000002cae4947b54: 9048 bb60 | 4243 80ca 

  0x000002cae4947b5c: ;   {runtime_call I2C/C2I adapters}
  0x000002cae4947b5c: 0200 00e9 | f9f9 bbff 

  0x000002cae4947b64: ;   {static_stub}
  0x000002cae4947b64: 9048 bbb8 | 0c01 80ca 

  0x000002cae4947b6c: ;   {runtime_call I2C/C2I adapters}
  0x000002cae4947b6c: 0200 00e9 | 7707 bbff 
[Exception Handler]
  0x000002cae4947b74: ;   {runtime_call handle_exception_from_callee Runtime1 stub}
  0x000002cae4947b74: e887 01c6 

  0x000002cae4947b78: ;   {external_word}
  0x000002cae4947b78: ff48 b940 | 9a12 47f9 | 7f00 0048 

  0x000002cae4947b84: ;   {runtime_call}
  0x000002cae4947b84: 83e4 f049 | ba60 2ddb | 46f9 7f00 | 0041 ffd2 

  0x000002cae4947b94: ;   {section_word}
  0x000002cae4947b94: f449 ba95 | 7b94 e4ca | 0200 0041 

  0x000002cae4947ba0: ;   {runtime_call DeoptimizationBlob}
  0x000002cae4947ba0: 52e9 7a28 | bcff f4f4 
[/MachCode]


---------------  P R O C E S S  ---------------

Threads class SMR info:
_java_thread_list=0x000002caf4e8e6a0, length=16, elements={
0x000002cadc9a54b0, 0x000002caf3de7fe0, 0x000002caf3de8ba0, 0x000002caf3e03230,
0x000002caf3e05d00, 0x000002caf3e066c0, 0x000002caf3e09090, 0x000002caf3e09a50,
0x000002caf3e1b1b0, 0x000002caf4349ca0, 0x000002caf434a180, 0x000002caf3dd1fe0,
0x000002caf4aa3c90, 0x000002caf4aa4170, 0x000002caf4be3030, 0x000002caf4ee6030
}

Java Threads: ( => current thread )
=>0x000002cadc9a54b0 JavaThread "main" [_thread_in_vm, id=13356, stack(0x000000f230600000,0x000000f230700000)]
  0x000002caf3de7fe0 JavaThread "Reference Handler" daemon [_thread_blocked, id=2612, stack(0x000000f230d00000,0x000000f230e00000)]
  0x000002caf3de8ba0 JavaThread "Finalizer" daemon [_thread_blocked, id=16852, stack(0x000000f230e00000,0x000000f230f00000)]
  0x000002caf3e03230 JavaThread "Signal Dispatcher" daemon [_thread_blocked, id=4400, stack(0x000000f230f00000,0x000000f231000000)]
  0x000002caf3e05d00 JavaThread "Attach Listener" daemon [_thread_blocked, id=4608, stack(0x000000f231000000,0x000000f231100000)]
  0x000002caf3e066c0 JavaThread "Service Thread" daemon [_thread_blocked, id=10516, stack(0x000000f231100000,0x000000f231200000)]
  0x000002caf3e09090 JavaThread "Monitor Deflation Thread" daemon [_thread_blocked, id=16768, stack(0x000000f231200000,0x000000f231300000)]
  0x000002caf3e09a50 JavaThread "C1 CompilerThread0" daemon [_thread_blocked, id=9108, stack(0x000000f231300000,0x000000f231400000)]
  0x000002caf3e1b1b0 JavaThread "Sweeper thread" daemon [_thread_blocked, id=2824, stack(0x000000f231400000,0x000000f231500000)]
  0x000002caf4349ca0 JavaThread "Common-Cleaner" daemon [_thread_blocked, id=14464, stack(0x000000f231500000,0x000000f231600000)]
  0x000002caf434a180 JavaThread "C1 CompilerThread1" daemon [_thread_blocked, id=2484, stack(0x000000f231600000,0x000000f231700000)]
  0x000002caf3dd1fe0 JavaThread "C1 CompilerThread2" daemon [_thread_blocked, id=13388, stack(0x000000f231700000,0x000000f231800000)]
  0x000002caf4aa3c90 JavaThread "Monitor Ctrl-Break" daemon [_thread_in_native, id=8268, stack(0x000000f231800000,0x000000f231900000)]
  0x000002caf4aa4170 JavaThread "Notification Thread" daemon [_thread_blocked, id=12192, stack(0x000000f231900000,0x000000f231a00000)]
  0x000002caf4be3030 JavaThread "RMI TCP Accept-0" daemon [_thread_in_native, id=14068, stack(0x000000f231a00000,0x000000f231b00000)]
  0x000002caf4ee6030 JavaThread "C1 CompilerThread3" daemon [_thread_blocked, id=7176, stack(0x000000f232100000,0x000000f232200000)]

Other Threads:
  0x000002caf3de5540 VMThread "VM Thread" [stack: 0x000000f230c00000,0x000000f230d00000] [id=16972]
  0x000002caf4c17270 WatcherThread [stack: 0x000000f231b00000,0x000000f231c00000] [id=15796]
  0x000002cadca12c60 GCTaskThread "GC Thread#0" [stack: 0x000000f230700000,0x000000f230800000] [id=16136]
  0x000002caf4e64bb0 GCTaskThread "GC Thread#1" [stack: 0x000000f231c00000,0x000000f231d00000] [id=16108]
  0x000002caf4e93f20 GCTaskThread "GC Thread#2" [stack: 0x000000f231d00000,0x000000f231e00000] [id=3700]
  0x000002caf4e941e0 GCTaskThread "GC Thread#3" [stack: 0x000000f231e00000,0x000000f231f00000] [id=3012]
  0x000002caf4e44d50 GCTaskThread "GC Thread#4" [stack: 0x000000f231f00000,0x000000f232000000] [id=8928]
  0x000002caf4e45010 GCTaskThread "GC Thread#5" [stack: 0x000000f232000000,0x000000f232100000] [id=15512]
  0x000002cada86df50 ConcurrentGCThread "G1 Main Marker" [stack: 0x000000f230800000,0x000000f230900000] [id=7460]
  0x000002cada86e970 ConcurrentGCThread "G1 Conc#0" [stack: 0x000000f230900000,0x000000f230a00000] [id=2844]
  0x000002cadca4eb50 ConcurrentGCThread "G1 Refine#0" [stack: 0x000000f230a00000,0x000000f230b00000] [id=17032]
  0x000002caf3d1b7f0 ConcurrentGCThread "G1 Service" [stack: 0x000000f230b00000,0x000000f230c00000] [id=16720]

Threads with active compile tasks:

VM state: not at safepoint (normal execution)

VM Mutex/Monitor currently owned by a thread:  ([mutex/lock_event])
[0x000002cada867300] Metaspace_lock - owner thread: 0x000002cadc9a54b0

Heap address: 0x0000000702400000, size: 4060 MB, Compressed Oops mode: Zero based, Oop shift amount: 3

CDS archive(s) mapped at: [0x000002ca80000000-0x000002ca80bb0000-0x000002ca80bb0000), size 12255232, SharedBaseAddress: 0x000002ca80000000, ArchiveRelocationMode: 1.
Compressed class space mapped at: 0x000002ca81000000-0x000002cac1000000, reserved size: 1073741824
Narrow klass base: 0x000002ca80000000, Narrow klass shift: 0, Narrow klass range: 0x100000000

GC Precious Log:
 CPUs: 16 total, 16 available
 Memory: 16235M
 Large Page Support: Disabled
 NUMA Support: Disabled
 Compressed Oops: Enabled (Zero based)
 Heap Region Size: 2M
 Heap Min Capacity: 8M
 Heap Initial Capacity: 254M
 Heap Max Capacity: 4060M
 Pre-touch: Disabled
 Parallel Workers: 13
 Concurrent Workers: 3
 Concurrent Refinement Workers: 13
 Periodic GC: Disabled

Heap:
 garbage-first heap   total 260096K, used 11372K [0x0000000702400000, 0x0000000800000000)
  region size 2048K, 4 young (8192K), 2 survivors (4096K)
 Metaspace       used 6378K, committed 6528K, reserved 1114112K
  class space    used 798K, committed 896K, reserved 1048576K

Heap Regions: E=young(eden), S=young(survivor), O=old, HS=humongous(starts), HC=humongous(continues), CS=collection set, F=free, OA=open archive, CA=closed archive, TAMS=top-at-mark-start (previous, next)
|   0|0x0000000702400000, 0x0000000702600000, 0x0000000702600000|100%| O|  |TAMS 0x0000000702400000, 0x0000000702400000| Untracked 
|   1|0x0000000702600000, 0x0000000702800000, 0x0000000702800000|100%| O|  |TAMS 0x0000000702600000, 0x0000000702600000| Untracked 
|   2|0x0000000702800000, 0x000000070291b200, 0x0000000702a00000| 55%| O|  |TAMS 0x0000000702800000, 0x0000000702800000| Untracked 
|   3|0x0000000702a00000, 0x0000000702a00000, 0x0000000702c00000|  0%| F|  |TAMS 0x0000000702a00000, 0x0000000702a00000| Untracked 
|   4|0x0000000702c00000, 0x0000000702c00000, 0x0000000702e00000|  0%| F|  |TAMS 0x0000000702c00000, 0x0000000702c00000| Untracked 
|   5|0x0000000702e00000, 0x0000000702e00000, 0x0000000703000000|  0%| F|  |TAMS 0x0000000702e00000, 0x0000000702e00000| Untracked 
|   6|0x0000000703000000, 0x0000000703000000, 0x0000000703200000|  0%| F|  |TAMS 0x0000000703000000, 0x0000000703000000| Untracked 
|   7|0x0000000703200000, 0x0000000703200000, 0x0000000703400000|  0%| F|  |TAMS 0x0000000703200000, 0x0000000703200000| Untracked 
|   8|0x0000000703400000, 0x0000000703400000, 0x0000000703600000|  0%| F|  |TAMS 0x0000000703400000, 0x0000000703400000| Untracked 
|   9|0x0000000703600000, 0x0000000703600000, 0x0000000703800000|  0%| F|  |TAMS 0x0000000703600000, 0x0000000703600000| Untracked 
|  10|0x0000000703800000, 0x0000000703800000, 0x0000000703a00000|  0%| F|  |TAMS 0x0000000703800000, 0x0000000703800000| Untracked 
|  11|0x0000000703a00000, 0x0000000703a00000, 0x0000000703c00000|  0%| F|  |TAMS 0x0000000703a00000, 0x0000000703a00000| Untracked 
|  12|0x0000000703c00000, 0x0000000703c00000, 0x0000000703e00000|  0%| F|  |TAMS 0x0000000703c00000, 0x0000000703c00000| Untracked 
|  13|0x0000000703e00000, 0x0000000703e00000, 0x0000000704000000|  0%| F|  |TAMS 0x0000000703e00000, 0x0000000703e00000| Untracked 
|  14|0x0000000704000000, 0x0000000704000000, 0x0000000704200000|  0%| F|  |TAMS 0x0000000704000000, 0x0000000704000000| Untracked 
|  15|0x0000000704200000, 0x0000000704200000, 0x0000000704400000|  0%| F|  |TAMS 0x0000000704200000, 0x0000000704200000| Untracked 
|  16|0x0000000704400000, 0x0000000704400000, 0x0000000704600000|  0%| F|  |TAMS 0x0000000704400000, 0x0000000704400000| Untracked 
|  17|0x0000000704600000, 0x0000000704600000, 0x0000000704800000|  0%| F|  |TAMS 0x0000000704600000, 0x0000000704600000| Untracked 
|  18|0x0000000704800000, 0x0000000704800000, 0x0000000704a00000|  0%| F|  |TAMS 0x0000000704800000, 0x0000000704800000| Untracked 
|  19|0x0000000704a00000, 0x0000000704a00000, 0x0000000704c00000|  0%| F|  |TAMS 0x0000000704a00000, 0x0000000704a00000| Untracked 
|  20|0x0000000704c00000, 0x0000000704c00000, 0x0000000704e00000|  0%| F|  |TAMS 0x0000000704c00000, 0x0000000704c00000| Untracked 
|  21|0x0000000704e00000, 0x0000000704e00000, 0x0000000705000000|  0%| F|  |TAMS 0x0000000704e00000, 0x0000000704e00000| Untracked 
|  22|0x0000000705000000, 0x0000000705000000, 0x0000000705200000|  0%| F|  |TAMS 0x0000000705000000, 0x0000000705000000| Untracked 
|  23|0x0000000705200000, 0x0000000705200000, 0x0000000705400000|  0%| F|  |TAMS 0x0000000705200000, 0x0000000705200000| Untracked 
|  24|0x0000000705400000, 0x0000000705400000, 0x0000000705600000|  0%| F|  |TAMS 0x0000000705400000, 0x0000000705400000| Untracked 
|  25|0x0000000705600000, 0x0000000705600000, 0x0000000705800000|  0%| F|  |TAMS 0x0000000705600000, 0x0000000705600000| Untracked 
|  26|0x0000000705800000, 0x0000000705800000, 0x0000000705a00000|  0%| F|  |TAMS 0x0000000705800000, 0x0000000705800000| Untracked 
|  27|0x0000000705a00000, 0x0000000705a00000, 0x0000000705c00000|  0%| F|  |TAMS 0x0000000705a00000, 0x0000000705a00000| Untracked 
|  28|0x0000000705c00000, 0x0000000705c00000, 0x0000000705e00000|  0%| F|  |TAMS 0x0000000705c00000, 0x0000000705c00000| Untracked 
|  29|0x0000000705e00000, 0x0000000705e00000, 0x0000000706000000|  0%| F|  |TAMS 0x0000000705e00000, 0x0000000705e00000| Untracked 
|  30|0x0000000706000000, 0x0000000706000000, 0x0000000706200000|  0%| F|  |TAMS 0x0000000706000000, 0x0000000706000000| Untracked 
|  31|0x0000000706200000, 0x0000000706200000, 0x0000000706400000|  0%| F|  |TAMS 0x0000000706200000, 0x0000000706200000| Untracked 
|  32|0x0000000706400000, 0x0000000706400000, 0x0000000706600000|  0%| F|  |TAMS 0x0000000706400000, 0x0000000706400000| Untracked 
|  33|0x0000000706600000, 0x0000000706600000, 0x0000000706800000|  0%| F|  |TAMS 0x0000000706600000, 0x0000000706600000| Untracked 
|  34|0x0000000706800000, 0x0000000706800000, 0x0000000706a00000|  0%| F|  |TAMS 0x0000000706800000, 0x0000000706800000| Untracked 
|  35|0x0000000706a00000, 0x0000000706a00000, 0x0000000706c00000|  0%| F|  |TAMS 0x0000000706a00000, 0x0000000706a00000| Untracked 
|  36|0x0000000706c00000, 0x0000000706c00000, 0x0000000706e00000|  0%| F|  |TAMS 0x0000000706c00000, 0x0000000706c00000| Untracked 
|  37|0x0000000706e00000, 0x0000000706e00000, 0x0000000707000000|  0%| F|  |TAMS 0x0000000706e00000, 0x0000000706e00000| Untracked 
|  38|0x0000000707000000, 0x0000000707000000, 0x0000000707200000|  0%| F|  |TAMS 0x0000000707000000, 0x0000000707000000| Untracked 
|  39|0x0000000707200000, 0x0000000707200000, 0x0000000707400000|  0%| F|  |TAMS 0x0000000707200000, 0x0000000707200000| Untracked 
|  40|0x0000000707400000, 0x0000000707400000, 0x0000000707600000|  0%| F|  |TAMS 0x0000000707400000, 0x0000000707400000| Untracked 
|  41|0x0000000707600000, 0x0000000707600000, 0x0000000707800000|  0%| F|  |TAMS 0x0000000707600000, 0x0000000707600000| Untracked 
|  42|0x0000000707800000, 0x0000000707800000, 0x0000000707a00000|  0%| F|  |TAMS 0x0000000707800000, 0x0000000707800000| Untracked 
|  43|0x0000000707a00000, 0x0000000707a00000, 0x0000000707c00000|  0%| F|  |TAMS 0x0000000707a00000, 0x0000000707a00000| Untracked 
|  44|0x0000000707c00000, 0x0000000707c00000, 0x0000000707e00000|  0%| F|  |TAMS 0x0000000707c00000, 0x0000000707c00000| Untracked 
|  45|0x0000000707e00000, 0x0000000707e00000, 0x0000000708000000|  0%| F|  |TAMS 0x0000000707e00000, 0x0000000707e00000| Untracked 
|  46|0x0000000708000000, 0x0000000708000000, 0x0000000708200000|  0%| F|  |TAMS 0x0000000708000000, 0x0000000708000000| Untracked 
|  47|0x0000000708200000, 0x0000000708200000, 0x0000000708400000|  0%| F|  |TAMS 0x0000000708200000, 0x0000000708200000| Untracked 
|  48|0x0000000708400000, 0x0000000708400000, 0x0000000708600000|  0%| F|  |TAMS 0x0000000708400000, 0x0000000708400000| Untracked 
|  49|0x0000000708600000, 0x0000000708600000, 0x0000000708800000|  0%| F|  |TAMS 0x0000000708600000, 0x0000000708600000| Untracked 
|  50|0x0000000708800000, 0x0000000708800000, 0x0000000708a00000|  0%| F|  |TAMS 0x0000000708800000, 0x0000000708800000| Untracked 
|  51|0x0000000708a00000, 0x0000000708a00000, 0x0000000708c00000|  0%| F|  |TAMS 0x0000000708a00000, 0x0000000708a00000| Untracked 
|  52|0x0000000708c00000, 0x0000000708c00000, 0x0000000708e00000|  0%| F|  |TAMS 0x0000000708c00000, 0x0000000708c00000| Untracked 
|  53|0x0000000708e00000, 0x0000000708e00000, 0x0000000709000000|  0%| F|  |TAMS 0x0000000708e00000, 0x0000000708e00000| Untracked 
|  54|0x0000000709000000, 0x0000000709000000, 0x0000000709200000|  0%| F|  |TAMS 0x0000000709000000, 0x0000000709000000| Untracked 
|  55|0x0000000709200000, 0x0000000709200000, 0x0000000709400000|  0%| F|  |TAMS 0x0000000709200000, 0x0000000709200000| Untracked 
|  56|0x0000000709400000, 0x0000000709400000, 0x0000000709600000|  0%| F|  |TAMS 0x0000000709400000, 0x0000000709400000| Untracked 
|  57|0x0000000709600000, 0x0000000709600000, 0x0000000709800000|  0%| F|  |TAMS 0x0000000709600000, 0x0000000709600000| Untracked 
|  58|0x0000000709800000, 0x0000000709800000, 0x0000000709a00000|  0%| F|  |TAMS 0x0000000709800000, 0x0000000709800000| Untracked 
|  59|0x0000000709a00000, 0x0000000709a00000, 0x0000000709c00000|  0%| F|  |TAMS 0x0000000709a00000, 0x0000000709a00000| Untracked 
|  60|0x0000000709c00000, 0x0000000709c00000, 0x0000000709e00000|  0%| F|  |TAMS 0x0000000709c00000, 0x0000000709c00000| Untracked 
|  61|0x0000000709e00000, 0x0000000709e00000, 0x000000070a000000|  0%| F|  |TAMS 0x0000000709e00000, 0x0000000709e00000| Untracked 
|  62|0x000000070a000000, 0x000000070a000000, 0x000000070a200000|  0%| F|  |TAMS 0x000000070a000000, 0x000000070a000000| Untracked 
|  63|0x000000070a200000, 0x000000070a200000, 0x000000070a400000|  0%| F|  |TAMS 0x000000070a200000, 0x000000070a200000| Untracked 
|  64|0x000000070a400000, 0x000000070a400000, 0x000000070a600000|  0%| F|  |TAMS 0x000000070a400000, 0x000000070a400000| Untracked 
|  65|0x000000070a600000, 0x000000070a600000, 0x000000070a800000|  0%| F|  |TAMS 0x000000070a600000, 0x000000070a600000| Untracked 
|  66|0x000000070a800000, 0x000000070a800000, 0x000000070aa00000|  0%| F|  |TAMS 0x000000070a800000, 0x000000070a800000| Untracked 
|  67|0x000000070aa00000, 0x000000070aa00000, 0x000000070ac00000|  0%| F|  |TAMS 0x000000070aa00000, 0x000000070aa00000| Untracked 
|  68|0x000000070ac00000, 0x000000070ac00000, 0x000000070ae00000|  0%| F|  |TAMS 0x000000070ac00000, 0x000000070ac00000| Untracked 
|  69|0x000000070ae00000, 0x000000070ae00000, 0x000000070b000000|  0%| F|  |TAMS 0x000000070ae00000, 0x000000070ae00000| Untracked 
|  70|0x000000070b000000, 0x000000070b000000, 0x000000070b200000|  0%| F|  |TAMS 0x000000070b000000, 0x000000070b000000| Untracked 
|  71|0x000000070b200000, 0x000000070b200000, 0x000000070b400000|  0%| F|  |TAMS 0x000000070b200000, 0x000000070b200000| Untracked 
|  72|0x000000070b400000, 0x000000070b400000, 0x000000070b600000|  0%| F|  |TAMS 0x000000070b400000, 0x000000070b400000| Untracked 
|  73|0x000000070b600000, 0x000000070b600000, 0x000000070b800000|  0%| F|  |TAMS 0x000000070b600000, 0x000000070b600000| Untracked 
|  74|0x000000070b800000, 0x000000070b800000, 0x000000070ba00000|  0%| F|  |TAMS 0x000000070b800000, 0x000000070b800000| Untracked 
|  75|0x000000070ba00000, 0x000000070ba00000, 0x000000070bc00000|  0%| F|  |TAMS 0x000000070ba00000, 0x000000070ba00000| Untracked 
|  76|0x000000070bc00000, 0x000000070bc00000, 0x000000070be00000|  0%| F|  |TAMS 0x000000070bc00000, 0x000000070bc00000| Untracked 
|  77|0x000000070be00000, 0x000000070be00000, 0x000000070c000000|  0%| F|  |TAMS 0x000000070be00000, 0x000000070be00000| Untracked 
|  78|0x000000070c000000, 0x000000070c000000, 0x000000070c200000|  0%| F|  |TAMS 0x000000070c000000, 0x000000070c000000| Untracked 
|  79|0x000000070c200000, 0x000000070c200000, 0x000000070c400000|  0%| F|  |TAMS 0x000000070c200000, 0x000000070c200000| Untracked 
|  80|0x000000070c400000, 0x000000070c400000, 0x000000070c600000|  0%| F|  |TAMS 0x000000070c400000, 0x000000070c400000| Untracked 
|  81|0x000000070c600000, 0x000000070c600000, 0x000000070c800000|  0%| F|  |TAMS 0x000000070c600000, 0x000000070c600000| Untracked 
|  82|0x000000070c800000, 0x000000070c800000, 0x000000070ca00000|  0%| F|  |TAMS 0x000000070c800000, 0x000000070c800000| Untracked 
|  83|0x000000070ca00000, 0x000000070ca00000, 0x000000070cc00000|  0%| F|  |TAMS 0x000000070ca00000, 0x000000070ca00000| Untracked 
|  84|0x000000070cc00000, 0x000000070cc00000, 0x000000070ce00000|  0%| F|  |TAMS 0x000000070cc00000, 0x000000070cc00000| Untracked 
|  85|0x000000070ce00000, 0x000000070ce00000, 0x000000070d000000|  0%| F|  |TAMS 0x000000070ce00000, 0x000000070ce00000| Untracked 
|  86|0x000000070d000000, 0x000000070d000000, 0x000000070d200000|  0%| F|  |TAMS 0x000000070d000000, 0x000000070d000000| Untracked 
|  87|0x000000070d200000, 0x000000070d200000, 0x000000070d400000|  0%| F|  |TAMS 0x000000070d200000, 0x000000070d200000| Untracked 
|  88|0x000000070d400000, 0x000000070d400000, 0x000000070d600000|  0%| F|  |TAMS 0x000000070d400000, 0x000000070d400000| Untracked 
|  89|0x000000070d600000, 0x000000070d600000, 0x000000070d800000|  0%| F|  |TAMS 0x000000070d600000, 0x000000070d600000| Untracked 
|  90|0x000000070d800000, 0x000000070d800000, 0x000000070da00000|  0%| F|  |TAMS 0x000000070d800000, 0x000000070d800000| Untracked 
|  91|0x000000070da00000, 0x000000070da00000, 0x000000070dc00000|  0%| F|  |TAMS 0x000000070da00000, 0x000000070da00000| Untracked 
|  92|0x000000070dc00000, 0x000000070dc00000, 0x000000070de00000|  0%| F|  |TAMS 0x000000070dc00000, 0x000000070dc00000| Untracked 
|  93|0x000000070de00000, 0x000000070de00000, 0x000000070e000000|  0%| F|  |TAMS 0x000000070de00000, 0x000000070de00000| Untracked 
|  94|0x000000070e000000, 0x000000070e000000, 0x000000070e200000|  0%| F|  |TAMS 0x000000070e000000, 0x000000070e000000| Untracked 
|  95|0x000000070e200000, 0x000000070e200000, 0x000000070e400000|  0%| F|  |TAMS 0x000000070e200000, 0x000000070e200000| Untracked 
|  96|0x000000070e400000, 0x000000070e400000, 0x000000070e600000|  0%| F|  |TAMS 0x000000070e400000, 0x000000070e400000| Untracked 
|  97|0x000000070e600000, 0x000000070e600000, 0x000000070e800000|  0%| F|  |TAMS 0x000000070e600000, 0x000000070e600000| Untracked 
|  98|0x000000070e800000, 0x000000070e800000, 0x000000070ea00000|  0%| F|  |TAMS 0x000000070e800000, 0x000000070e800000| Untracked 
|  99|0x000000070ea00000, 0x000000070ea00000, 0x000000070ec00000|  0%| F|  |TAMS 0x000000070ea00000, 0x000000070ea00000| Untracked 
| 100|0x000000070ec00000, 0x000000070ec00000, 0x000000070ee00000|  0%| F|  |TAMS 0x000000070ec00000, 0x000000070ec00000| Untracked 
| 101|0x000000070ee00000, 0x000000070ee00000, 0x000000070f000000|  0%| F|  |TAMS 0x000000070ee00000, 0x000000070ee00000| Untracked 
| 102|0x000000070f000000, 0x000000070f000000, 0x000000070f200000|  0%| F|  |TAMS 0x000000070f000000, 0x000000070f000000| Untracked 
| 103|0x000000070f200000, 0x000000070f200000, 0x000000070f400000|  0%| F|  |TAMS 0x000000070f200000, 0x000000070f200000| Untracked 
| 104|0x000000070f400000, 0x000000070f400000, 0x000000070f600000|  0%| F|  |TAMS 0x000000070f400000, 0x000000070f400000| Untracked 
| 105|0x000000070f600000, 0x000000070f600000, 0x000000070f800000|  0%| F|  |TAMS 0x000000070f600000, 0x000000070f600000| Untracked 
| 106|0x000000070f800000, 0x000000070f800000, 0x000000070fa00000|  0%| F|  |TAMS 0x000000070f800000, 0x000000070f800000| Untracked 
| 107|0x000000070fa00000, 0x000000070fa00000, 0x000000070fc00000|  0%| F|  |TAMS 0x000000070fa00000, 0x000000070fa00000| Untracked 
| 108|0x000000070fc00000, 0x000000070fc00000, 0x000000070fe00000|  0%| F|  |TAMS 0x000000070fc00000, 0x000000070fc00000| Untracked 
| 109|0x000000070fe00000, 0x000000070fe00000, 0x0000000710000000|  0%| F|  |TAMS 0x000000070fe00000, 0x000000070fe00000| Untracked 
| 110|0x0000000710000000, 0x0000000710000000, 0x0000000710200000|  0%| F|  |TAMS 0x0000000710000000, 0x0000000710000000| Untracked 
| 111|0x0000000710200000, 0x0000000710200000, 0x0000000710400000|  0%| F|  |TAMS 0x0000000710200000, 0x0000000710200000| Untracked 
| 112|0x0000000710400000, 0x0000000710400000, 0x0000000710600000|  0%| F|  |TAMS 0x0000000710400000, 0x0000000710400000| Untracked 
| 113|0x0000000710600000, 0x0000000710600000, 0x0000000710800000|  0%| F|  |TAMS 0x0000000710600000, 0x0000000710600000| Untracked 
| 114|0x0000000710800000, 0x0000000710a00000, 0x0000000710a00000|100%| S|CS|TAMS 0x0000000710800000, 0x0000000710800000| Complete 
| 115|0x0000000710a00000, 0x0000000710c00000, 0x0000000710c00000|100%| S|CS|TAMS 0x0000000710a00000, 0x0000000710a00000| Complete 
| 116|0x0000000710c00000, 0x0000000710c00000, 0x0000000710e00000|  0%| F|  |TAMS 0x0000000710c00000, 0x0000000710c00000| Untracked 
| 117|0x0000000710e00000, 0x0000000710e00000, 0x0000000711000000|  0%| F|  |TAMS 0x0000000710e00000, 0x0000000710e00000| Untracked 
| 118|0x0000000711000000, 0x0000000711000000, 0x0000000711200000|  0%| F|  |TAMS 0x0000000711000000, 0x0000000711000000| Untracked 
| 119|0x0000000711200000, 0x0000000711200000, 0x0000000711400000|  0%| F|  |TAMS 0x0000000711200000, 0x0000000711200000| Untracked 
| 120|0x0000000711400000, 0x0000000711400000, 0x0000000711600000|  0%| F|  |TAMS 0x0000000711400000, 0x0000000711400000| Untracked 
| 121|0x0000000711600000, 0x0000000711600000, 0x0000000711800000|  0%| F|  |TAMS 0x0000000711600000, 0x0000000711600000| Untracked 
| 122|0x0000000711800000, 0x0000000711800000, 0x0000000711a00000|  0%| F|  |TAMS 0x0000000711800000, 0x0000000711800000| Untracked 
| 123|0x0000000711a00000, 0x0000000711a00000, 0x0000000711c00000|  0%| F|  |TAMS 0x0000000711a00000, 0x0000000711a00000| Untracked 
| 124|0x0000000711c00000, 0x0000000711c00000, 0x0000000711e00000|  0%| F|  |TAMS 0x0000000711c00000, 0x0000000711c00000| Untracked 
| 125|0x0000000711e00000, 0x0000000711f9fd48, 0x0000000712000000| 81%| E|  |TAMS 0x0000000711e00000, 0x0000000711e00000| Complete 
| 126|0x0000000712000000, 0x0000000712200000, 0x0000000712200000|100%| E|CS|TAMS 0x0000000712000000, 0x0000000712000000| Complete 

Card table byte_map: [0x000002cae8300000,0x000002cae8af0000] _byte_map_base: 0x000002cae4aee000

Marking Bits (Prev, Next): (CMBitMap*) 0x000002cadca13280, (CMBitMap*) 0x000002cadca132c0
 Prev Bits: [0x000002cae92e0000, 0x000002caed250000)
 Next Bits: [0x000002caed250000, 0x000002caf11c0000)

Polling page: 0x000002cadc150000

Metaspace:

Usage:
  Non-class:      5.45 MB used.
      Class:    798.78 KB used.
       Both:      6.23 MB used.

Virtual space:
  Non-class space:       64.00 MB reserved,       5.50 MB (  9%) committed,  1 nodes.
      Class space:        1.00 GB reserved,     896.00 KB ( <1%) committed,  1 nodes.
             Both:        1.06 GB reserved,       6.38 MB ( <1%) committed. 

Chunk freelists:
   Non-Class:  9.61 MB
       Class:  15.05 MB
        Both:  24.66 MB

MaxMetaspaceSize: unlimited
CompressedClassSpaceSize: 1.00 GB
Initial GC threshold: 21.00 MB
Current GC threshold: 21.00 MB
CDS: on
MetaspaceReclaimPolicy: balanced
 - commit_granule_bytes: 65536.
 - commit_granule_words: 8192.
 - virtual_space_node_default_size: 8388608.
 - enlarge_chunks_in_place: 1.
 - new_chunks_are_fully_committed: 0.
 - uncommit_free_chunks: 1.
 - use_allocation_guard: 0.
 - handle_deallocations: 1.


Internal statistics:

num_allocs_failed_limit: 0.
num_arena_births: 120.
num_arena_deaths: 0.
num_vsnodes_births: 2.
num_vsnodes_deaths: 0.
num_space_committed: 102.
num_space_uncommitted: 0.
num_chunks_returned_to_freelist: 0.
num_chunks_taken_from_freelist: 210.
num_chunk_merges: 0.
num_chunk_splits: 138.
num_chunks_enlarged: 88.
num_inconsistent_stats: 0.

CodeCache: size=49152Kb used=4741Kb max_used=4741Kb free=44410Kb
 bounds [0x000002cae44b0000, 0x000002cae4960000, 0x000002cae74b0000]
 total_blobs=1754 nmethods=1301 adapters=378
 compilation: enabled
              stopped_count=0, restarted_count=0
 full_count=0

Compilation events (20 events):
Event: 0.350 Thread 0x000002caf434a180 1294       1       java.lang.ClassLoader::defineClass (43 bytes)
Event: 0.350 Thread 0x000002caf4ee6030 1295       1       java.lang.ClassLoader::preDefineClass (118 bytes)
Event: 0.350 Thread 0x000002caf3dd1fe0 nmethod 1290 0x000002cae494d210 code [0x000002cae494d3c0, 0x000002cae494d728]
Event: 0.350 Thread 0x000002caf3dd1fe0 1296       1       java.lang.ClassLoader::checkCerts (121 bytes)
Event: 0.350 Thread 0x000002caf3e09a50 nmethod 1293 0x000002cae494d810 code [0x000002cae494d9c0, 0x000002cae494dae8]
Event: 0.350 Thread 0x000002caf3e09a50 1297       1       jdk.internal.loader.URLClassPath$JarLoader$2::getCodeSourceURL (8 bytes)
Event: 0.350 Thread 0x000002caf3e09a50 nmethod 1297 0x000002cae494dc10 code [0x000002cae494dda0, 0x000002cae494de78]
Event: 0.350 Thread 0x000002caf3e09a50 1298       1       jdk.internal.loader.URLClassPath$JarLoader$2::getManifest (26 bytes)
Event: 0.350 Thread 0x000002caf434a180 nmethod 1294 0x000002cae494df10 code [0x000002cae494e0e0, 0x000002cae494e2f8]
Event: 0.350 Thread 0x000002caf434a180 1299       1       java.util.jar.JavaUtilJarAccessImpl::ensureInitialization (5 bytes)
Event: 0.350 Thread 0x000002caf434a180 nmethod 1299 0x000002cae494e510 code [0x000002cae494e6a0, 0x000002cae494e788]
Event: 0.350 Thread 0x000002caf434a180 1289       1       java.security.SecureClassLoader::defineClass (16 bytes)
Event: 0.350 Thread 0x000002caf434a180 nmethod 1289 0x000002cae494e890 code [0x000002cae494ea40, 0x000002cae494eb78]
Event: 0.350 Thread 0x000002caf434a180 1300       1       jdk.internal.org.objectweb.asm.MethodWriter::visitCode (1 bytes)
Event: 0.350 Thread 0x000002caf3e09a50 nmethod 1298 0x000002cae494ec10 code [0x000002cae494ee00, 0x000002cae494f0c8]
Event: 0.350 Thread 0x000002caf434a180 nmethod 1300 0x000002cae494f390 code [0x000002cae494f520, 0x000002cae494f5d8]
Event: 0.350 Thread 0x000002caf434a180 1301       1       java.lang.invoke.DirectMethodHandle::preparedLambdaForm (31 bytes)
Event: 0.350 Thread 0x000002caf4ee6030 nmethod 1295 0x000002cae494f690 code [0x000002cae494f920, 0x000002cae49501d8]
Event: 0.350 Thread 0x000002caf3dd1fe0 nmethod 1296 0x000002cae4950610 code [0x000002cae4950860, 0x000002cae4950e48]
Event: 0.350 Thread 0x000002caf434a180 nmethod 1301 0x000002cae4951210 code [0x000002cae49513c0, 0x000002cae49515f8]

GC Heap History (2 events):
Event: 0.317 GC heap before
{Heap before GC invocations=0 (full 0):
 garbage-first heap   total 260096K, used 20480K [0x0000000702400000, 0x0000000800000000)
  region size 2048K, 11 young (22528K), 0 survivors (0K)
 Metaspace       used 5805K, committed 5952K, reserved 1114112K
  class space    used 716K, committed 768K, reserved 1048576K
}
Event: 0.320 GC heap after
{Heap after GC invocations=1 (full 0):
 garbage-first heap   total 260096K, used 9324K [0x0000000702400000, 0x0000000800000000)
  region size 2048K, 2 young (4096K), 2 survivors (4096K)
 Metaspace       used 5805K, committed 5952K, reserved 1114112K
  class space    used 716K, committed 768K, reserved 1048576K
}

Dll operation events (12 events):
Event: 0.004 Loaded shared library C:\Users\\.jdks\corretto-17.0.10\bin\java.dll
Event: 0.016 Loaded shared library C:\Users\\.jdks\corretto-17.0.10\bin\jsvml.dll
Event: 0.073 Loaded shared library C:\Users\\.jdks\corretto-17.0.10\bin\zip.dll
Event: 0.075 Loaded shared library C:\Users\\.jdks\corretto-17.0.10\bin\instrument.dll
Event: 0.078 Loaded shared library C:\Users\\.jdks\corretto-17.0.10\bin\net.dll
Event: 0.078 Loaded shared library C:\Users\\.jdks\corretto-17.0.10\bin\nio.dll
Event: 0.080 Loaded shared library C:\Users\\.jdks\corretto-17.0.10\bin\zip.dll
Event: 0.130 Loaded shared library C:\Program Files\JetBrains\IntelliJ IDEA 2024.1.6\bin\breakgen64.dll
Event: 0.132 Loaded shared library C:\Users\\.jdks\corretto-17.0.10\bin\jimage.dll
Event: 0.135 Loaded shared library C:\Users\\.jdks\corretto-17.0.10\bin\extnet.dll
Event: 0.144 Loaded shared library C:\Users\\.jdks\corretto-17.0.10\bin\management.dll
Event: 0.149 Loaded shared library C:\Users\\.jdks\corretto-17.0.10\bin\management_ext.dll

Deoptimization events (0 events):
No events

Classes unloaded (0 events):
No events

Classes redefined (0 events):
No events

Internal exceptions (18 events):
Event: 0.132 Thread 0x000002caf4aa3c90 Exception <a 'java/lang/NoSuchMethodError'{0x0000000711496518}: 'java.lang.Object java.lang.invoke.DirectMethodHandle$Holder.invokeStaticInit(java.lang.Object)'> (0x0000000711496518) 
thrown [s\src\hotspot\share\interpreter\linkResolver.cpp, line 759]
Event: 0.135 Thread 0x000002cadc9a54b0 Exception <a 'java/lang/NoSuchMethodError'{0x0000000711451628}: 'java.lang.Object java.lang.invoke.Invokers$Holder.invoke_MT(java.lang.Object, java.lang.Object, java.lang.Object)'> (0x0000000711451628) 
thrown [s\src\hotspot\share\interpreter\linkResolver.cpp, line 759]
Event: 0.136 Thread 0x000002caf4aa3c90 Exception <a 'java/lang/NoSuchMethodError'{0x00000007114a4b68}: 'void java.lang.invoke.DirectMethodHandle$Holder.invokeStatic(java.lang.Object, java.lang.Object)'> (0x00000007114a4b68) 
thrown [s\src\hotspot\share\interpreter\linkResolver.cpp, line 759]
Event: 0.150 Thread 0x000002cadc9a54b0 Exception <a 'java/lang/NoSuchMethodError'{0x000000071147fcb8}: 'int java.lang.invoke.DirectMethodHandle$Holder.invokeInterface(java.lang.Object, java.lang.Object)'> (0x000000071147fcb8) 
thrown [s\src\hotspot\share\interpreter\linkResolver.cpp, line 759]
Event: 0.151 Thread 0x000002cadc9a54b0 Exception <a 'java/lang/IncompatibleClassChangeError'{0x00000007114832b8}: Found class java.lang.Object, but interface was expected> (0x00000007114832b8) 
thrown [s\src\hotspot\share\interpreter\linkResolver.cpp, line 826]
Event: 0.172 Thread 0x000002cadc9a54b0 Exception <a 'java/lang/NoSuchMethodError'{0x00000007115bf4c0}: 'int java.lang.invoke.DirectMethodHandle$Holder.invokeSpecial(java.lang.Object, java.lang.Object, java.lang.Object)'> (0x00000007115bf4c0) 
thrown [s\src\hotspot\share\interpreter\linkResolver.cpp, line 759]
Event: 0.191 Thread 0x000002cadc9a54b0 Exception <a 'java/lang/NoSuchMethodError'{0x00000007112ba300}: 'void java.lang.invoke.DirectMethodHandle$Holder.invokeStatic(java.lang.Object, java.lang.Object, java.lang.Object)'> (0x00000007112ba300) 
thrown [s\src\hotspot\share\interpreter\linkResolver.cpp, line 759]
Event: 0.195 Thread 0x000002cadc9a54b0 Exception <a 'java/lang/NoSuchMethodError'{0x00000007112f6f70}: 'int java.lang.invoke.DirectMethodHandle$Holder.invokeSpecialIFC(java.lang.Object, java.lang.Object, java.lang.Object)'> (0x00000007112f6f70) 
thrown [s\src\hotspot\share\interpreter\linkResolver.cpp, line 759]
Event: 0.207 Thread 0x000002cadc9a54b0 Exception <a 'java/lang/NoSuchMethodError'{0x000000071136e410}: 'java.lang.Object java.lang.invoke.DirectMethodHandle$Holder.invokeStaticInit(java.lang.Object, int, int, int, int)'> (0x000000071136e410) 
thrown [s\src\hotspot\share\interpreter\linkResolver.cpp, line 759]
Event: 0.242 Thread 0x000002cadc9a54b0 Exception <a 'java/lang/NoSuchMethodError'{0x0000000711044e00}: 'java.lang.Object java.lang.invoke.DirectMethodHandle$Holder.invokeStaticInit(java.lang.Object, java.lang.Object, int, int, int, int)'> (0x0000000711044e00) 
thrown [s\src\hotspot\share\interpreter\linkResolver.cpp, line 759]
Event: 0.249 Thread 0x000002cadc9a54b0 Exception <a 'java/lang/ClassNotFoundException'{0x0000000711063608}: javax/management/remote/rmi/RMIServerImpl_Skel> (0x0000000711063608) 
thrown [s\src\hotspot\share\classfile\systemDictionary.cpp, line 256]
Event: 0.275 Thread 0x000002cadc9a54b0 Exception <a 'java/lang/ClassNotFoundException'{0x0000000710e4db28}: javax/smartcardio/CardPermission> (0x0000000710e4db28) 
thrown [s\src\hotspot\share\classfile\systemDictionary.cpp, line 256]
Event: 0.276 Thread 0x000002cadc9a54b0 Exception <a 'java/io/FileNotFoundException'{0x0000000710e5c748}> (0x0000000710e5c748) 
thrown [s\src\hotspot\share\prims\jni.cpp, line 516]
Event: 0.283 Thread 0x000002cadc9a54b0 Exception <a 'java/lang/NoSuchMethodError'{0x0000000710ed3270}: 'java.lang.Object java.lang.invoke.DirectMethodHandle$Holder.invokeSpecial(java.lang.Object, java.lang.Object, java.lang.Object, long, java.lang.Object)'> (0x0000000710ed3270) 
thrown [s\src\hotspot\share\interpreter\linkResolver.cpp, line 759]
Event: 0.283 Thread 0x000002cadc9a54b0 Exception <a 'java/lang/NoSuchMethodError'{0x0000000710ed6e40}: 'java.lang.Object java.lang.invoke.Invokers$Holder.linkToTargetMethod(java.lang.Object, long, java.lang.Object, java.lang.Object)'> (0x0000000710ed6e40) 
thrown [s\src\hotspot\share\interpreter\linkResolver.cpp, line 759]
Event: 0.326 Thread 0x000002cadc9a54b0 Exception <a 'java/lang/NoSuchMethodError'{0x00000007120b9d10}: 'void java.lang.invoke.DirectMethodHandle$Holder.invokeStatic(java.lang.Object, java.lang.Object, java.lang.Object, java.lang.Object)'> (0x00000007120b9d10) 
thrown [s\src\hotspot\share\interpreter\linkResolver.cpp, line 759]
Event: 0.342 Thread 0x000002cadc9a54b0 Exception <a 'java/lang/NoSuchMethodError'{0x0000000711e748e8}: 'int java.lang.invoke.DirectMethodHandle$Holder.invokeStaticInit(java.lang.Object, java.lang.Object)'> (0x0000000711e748e8) 
thrown [s\src\hotspot\share\interpreter\linkResolver.cpp, line 759]
Event: 0.346 Thread 0x000002cadc9a54b0 Exception <a 'java/lang/NoSuchMethodError'{0x0000000711ecefa0}: 'void java.lang.invoke.DirectMethodHandle$Holder.invokeInterface(java.lang.Object, java.lang.Object, java.lang.Object, java.lang.Object)'> (0x0000000711ecefa0) 
thrown [s\src\hotspot\share\interpreter\linkResolver.cpp, line 759]

VM Operations (16 events):
Event: 0.068 Executing VM operation: HandshakeAllThreads
Event: 0.068 Executing VM operation: HandshakeAllThreads done
Event: 0.132 Executing VM operation: HandshakeAllThreads
Event: 0.132 Executing VM operation: HandshakeAllThreads done
Event: 0.153 Executing VM operation: HandshakeAllThreads
Event: 0.153 Executing VM operation: HandshakeAllThreads done
Event: 0.201 Executing VM operation: HandshakeAllThreads
Event: 0.201 Executing VM operation: HandshakeAllThreads done
Event: 0.256 Executing VM operation: HandshakeAllThreads
Event: 0.256 Executing VM operation: HandshakeAllThreads done
Event: 0.260 Executing VM operation: HandshakeAllThreads
Event: 0.260 Executing VM operation: HandshakeAllThreads done
Event: 0.262 Executing VM operation: HandshakeAllThreads
Event: 0.262 Executing VM operation: HandshakeAllThreads done
Event: 0.317 Executing VM operation: G1CollectForAllocation
Event: 0.320 Executing VM operation: G1CollectForAllocation done

Events (20 events):
Event: 0.332 loading class java/nio/file/FileSystemException
Event: 0.332 loading class java/nio/file/FileSystemException done
Event: 0.332 loading class java/nio/file/NoSuchFileException done
Event: 0.332 loading class java/io/UncheckedIOException
Event: 0.332 loading class java/io/UncheckedIOException done
Event: 0.333 loading class java/net/HttpURLConnection
Event: 0.333 loading class java/net/HttpURLConnection done
Event: 0.334 loading class java/net/URLDecoder
Event: 0.334 loading class java/net/URLDecoder done
Event: 0.334 loading class java/net/URLEncoder
Event: 0.334 loading class java/net/URLEncoder done
Event: 0.337 loading class java/util/ImmutableCollections$Access
Event: 0.337 loading class java/util/ImmutableCollections$Access done
Event: 0.337 loading class java/util/ImmutableCollections$Access$1
Event: 0.337 loading class jdk/internal/access/JavaUtilCollectionAccess
Event: 0.337 loading class jdk/internal/access/JavaUtilCollectionAccess done
Event: 0.337 loading class java/util/ImmutableCollections$Access$1 done
Event: 0.342 loading class java/lang/reflect/UndeclaredThrowableException
Event: 0.342 loading class java/lang/reflect/UndeclaredThrowableException done
Event: 0.349 Thread 0x000002caf4ee6030 Thread added: 0x000002caf4ee6030


Dynamic libraries:
0x00007ff60d160000 - 0x00007ff60d16e000 	C:\Users\\.jdks\corretto-17.0.10\bin\java.exe
0x00007ff99e170000 - 0x00007ff99e367000 	C:\Windows\SYSTEM32\ntdll.dll
0x00007ff99d1f0000 - 0x00007ff99d2ad000 	C:\Windows\System32\KERNEL32.DLL
0x00007ff99bca0000 - 0x00007ff99bf6d000 	C:\Windows\System32\KERNELBASE.dll
0x00007ff99bf70000 - 0x00007ff99c070000 	C:\Windows\System32\ucrtbase.dll
0x00007ff998010000 - 0x00007ff998027000 	C:\Users\\.jdks\corretto-17.0.10\bin\jli.dll
0x00007ff994470000 - 0x00007ff99448b000 	C:\Users\\.jdks\corretto-17.0.10\bin\VCRUNTIME140.dll
0x00007ff99d360000 - 0x00007ff99d500000 	C:\Windows\System32\USER32.dll
0x00007ff99b9e0000 - 0x00007ff99ba02000 	C:\Windows\System32\win32u.dll
0x00007ff9837b0000 - 0x00007ff983a4a000 	C:\Windows\WinSxS\amd64_microsoft.windows.common-controls_6595b64144ccf1df_6.0.19041.1110_none_60b5254171f9507e\COMCTL32.dll
0x00007ff99d140000 - 0x00007ff99d16a000 	C:\Windows\System32\GDI32.dll
0x00007ff99bb90000 - 0x00007ff99bc9b000 	C:\Windows\System32\gdi32full.dll
0x00007ff99cdb0000 - 0x00007ff99ce4e000 	C:\Windows\System32\msvcrt.dll
0x00007ff99b940000 - 0x00007ff99b9dd000 	C:\Windows\System32\msvcp_win.dll
0x00007ff99ce50000 - 0x00007ff99ce80000 	C:\Windows\System32\IMM32.DLL
0x00007ff998000000 - 0x00007ff99800c000 	C:\Users\\.jdks\corretto-17.0.10\bin\vcruntime140_1.dll
0x00007ff9943e0000 - 0x00007ff99446d000 	C:\Users\\.jdks\corretto-17.0.10\bin\msvcp140.dll
0x00007ff946800000 - 0x00007ff947462000 	C:\Users\\.jdks\corretto-17.0.10\bin\server\jvm.dll
0x00007ff99d870000 - 0x00007ff99d91e000 	C:\Windows\System32\ADVAPI32.dll
0x00007ff99c380000 - 0x00007ff99c41c000 	C:\Windows\System32\sechost.dll
0x00007ff99d5f0000 - 0x00007ff99d715000 	C:\Windows\System32\RPCRT4.dll
0x00007ff99ad70000 - 0x00007ff99adbb000 	C:\Windows\SYSTEM32\POWRPROF.dll
0x00007ff97e810000 - 0x00007ff97e819000 	C:\Windows\SYSTEM32\WSOCK32.dll
0x00007ff98cb10000 - 0x00007ff98cb37000 	C:\Windows\SYSTEM32\WINMM.dll
0x00007ff99d180000 - 0x00007ff99d1eb000 	C:\Windows\System32\WS2_32.dll
0x00007ff9931d0000 - 0x00007ff9931da000 	C:\Windows\SYSTEM32\VERSION.dll
0x00007ff99ac30000 - 0x00007ff99ac42000 	C:\Windows\SYSTEM32\UMPDC.dll
0x00007ff999270000 - 0x00007ff999282000 	C:\Windows\SYSTEM32\kernel.appcore.dll
0x00007ff995180000 - 0x00007ff99518a000 	C:\Users\\.jdks\corretto-17.0.10\bin\jimage.dll
0x00007ff98aa50000 - 0x00007ff98ac34000 	C:\Windows\SYSTEM32\DBGHELP.DLL
0x00007ff973c90000 - 0x00007ff973cbc000 	C:\Windows\SYSTEM32\dbgcore.DLL
0x00007ff99ba80000 - 0x00007ff99bb02000 	C:\Windows\System32\bcryptPrimitives.dll
0x00007ff994680000 - 0x00007ff99468e000 	C:\Users\\.jdks\corretto-17.0.10\bin\instrument.dll
0x00007ff9932b0000 - 0x00007ff9932d5000 	C:\Users\\.jdks\corretto-17.0.10\bin\java.dll
0x00007ff975f50000 - 0x00007ff976027000 	C:\Users\\.jdks\corretto-17.0.10\bin\jsvml.dll
0x00007ff99d920000 - 0x00007ff99e064000 	C:\Windows\System32\SHELL32.dll
0x00007ff999470000 - 0x00007ff999c04000 	C:\Windows\SYSTEM32\windows.storage.dll
0x00007ff99c420000 - 0x00007ff99c774000 	C:\Windows\System32\combase.dll
0x00007ff99b1e0000 - 0x00007ff99b20c000 	C:\Windows\SYSTEM32\Wldp.dll
0x00007ff99c2b0000 - 0x00007ff99c35d000 	C:\Windows\System32\SHCORE.dll
0x00007ff99d500000 - 0x00007ff99d555000 	C:\Windows\System32\shlwapi.dll
0x00007ff99b7d0000 - 0x00007ff99b7ef000 	C:\Windows\SYSTEM32\profapi.dll
0x00007ff98c790000 - 0x00007ff98c7a8000 	C:\Users\\.jdks\corretto-17.0.10\bin\zip.dll
0x00007ff98c7d0000 - 0x00007ff98c7e9000 	C:\Users\\.jdks\corretto-17.0.10\bin\net.dll
0x00007ff994490000 - 0x00007ff99459a000 	C:\Windows\SYSTEM32\WINHTTP.dll
0x00007ff99af90000 - 0x00007ff99affa000 	C:\Windows\system32\mswsock.dll
0x00007ff98c7b0000 - 0x00007ff98c7c6000 	C:\Users\\.jdks\corretto-17.0.10\bin\nio.dll
0x00007ff98c770000 - 0x00007ff98c78a000 	C:\Program Files\JetBrains\IntelliJ IDEA 2024.1.6\bin\breakgen64.dll
0x00007ff993410000 - 0x00007ff993419000 	C:\Users\\.jdks\corretto-17.0.10\bin\extnet.dll
0x00007ff99ac90000 - 0x00007ff99ad5b000 	C:\Windows\SYSTEM32\DNSAPI.dll
0x00007ff99ac50000 - 0x00007ff99ac8b000 	C:\Windows\SYSTEM32\IPHLPAPI.DLL
0x00007ff99d170000 - 0x00007ff99d178000 	C:\Windows\System32\NSI.dll
0x0000000069d20000 - 0x0000000069d46000 	C:\Program Files\Bonjour\mdnsNSP.dll
0x00007ff9933f0000 - 0x00007ff9933fa000 	C:\Windows\System32\rasadhlp.dll
0x00007ff993740000 - 0x00007ff9937c0000 	C:\Windows\System32\fwpuclnt.dll
0x00007ff99bb10000 - 0x00007ff99bb37000 	C:\Windows\System32\bcrypt.dll
0x00007ff994160000 - 0x00007ff994169000 	C:\Users\\.jdks\corretto-17.0.10\bin\management.dll
0x00007ff994020000 - 0x00007ff99402b000 	C:\Users\\.jdks\corretto-17.0.10\bin\management_ext.dll
0x00007ff99ce80000 - 0x00007ff99ce88000 	C:\Windows\System32\PSAPI.DLL
0x00007ff99b220000 - 0x00007ff99b238000 	C:\Windows\SYSTEM32\CRYPTSP.dll
0x00007ff99b130000 - 0x00007ff99b147000 	C:\Program Files\Common Files\Crypto Pro\AppCompat\cpadvai.dll
0x00007ff99a8c0000 - 0x00007ff99a8f4000 	C:\Windows\system32\rsaenh.dll
0x00007ff99b750000 - 0x00007ff99b77e000 	C:\Windows\SYSTEM32\USERENV.dll
0x00007ff99b150000 - 0x00007ff99b15c000 	C:\Windows\SYSTEM32\CRYPTBASE.dll
0x00007ff993480000 - 0x00007ff993497000 	C:\Windows\SYSTEM32\dhcpcsvc6.DLL
0x00007ff9933d0000 - 0x00007ff9933ed000 	C:\Windows\SYSTEM32\dhcpcsvc.DLL
0x00007ff97d350000 - 0x00007ff97d367000 	C:\Windows\system32\napinsp.dll
0x00007ff97ce80000 - 0x00007ff97ce9b000 	C:\Windows\system32\pnrpnsp.dll
0x00007ff996420000 - 0x00007ff996435000 	C:\Windows\system32\wshbth.dll
0x00007ff997de0000 - 0x00007ff997dfd000 	C:\Windows\system32\NLAapi.dll
0x00007ff97ce60000 - 0x00007ff97ce72000 	C:\Windows\System32\winrnr.dll

dbghelp: loaded successfully - version: 4.0.5 - missing functions: none
symbol engine: initialized successfully - sym options: 0x614 - pdb path: .;C:\Users\\.jdks\corretto-17.0.10\bin;C:\Windows\SYSTEM32;C:\Windows\WinSxS\amd64_microsoft.windows.common-controls_6595b64144ccf1df_6.0.19041.1110_none_60b5254171f9507e;C:\Users\\.jdks\corretto-17.0.10\bin\server;C:\Program Files\JetBrains\IntelliJ IDEA 2024.1.6\bin;C:\Program Files\Bonjour;C:\Program Files\Common Files\Crypto Pro\AppCompat

VM Arguments:
jvm_args: -XX:TieredStopAtLevel=1 -Dspring.output.ansi.enabled=always -Dcom.sun.management.jmxremote -Dspring.jmx.enabled=true -Dspring.liveBeansView.mbeanDomain -Dspring.application.admin.enabled=true -Dmanagement.endpoints.jmx.exposure.include=* -javaagent:C:\Program Files\JetBrains\IntelliJ IDEA 2024.1.6\lib\idea_rt.jar=64965:C:\Program Files\JetBrains\IntelliJ IDEA 2024.1.6\bin -Dfile.encoding=UTF-8 
java_command: ru.t1.java.demo.T1JavaDemoApplication
java_class_path (initial): C:\Users\\dev\test\t1_java_\target\classes;C:\Users\\.m2\repository\org\springframework\boot\spring-boot-starter-actuator\3.3.3\spring-boot-starter-actuator-3.3.3.jar;C:\Users\\.m2\repository\org\springframework\boot\spring-boot-starter\3.3.3\spring-boot-starter-3.3.3.jar;C:\Users\\.m2\repository\org\springframework\boot\spring-boot-starter-logging\3.3.3\spring-boot-starter-logging-3.3.3.jar;C:\Users\\.m2\repository\org\apache\logging\log4j\log4j-to-slf4j\2.23.1\log4j-to-slf4j-2.23.1.jar;C:\Users\\.m2\repository\org\apache\logging\log4j\log4j-api\2.23.1\log4j-api-2.23.1.jar;C:\Users\\.m2\repository\org\slf4j\jul-to-slf4j\2.0.16\jul-to-slf4j-2.0.16.jar;C:\Users\\.m2\repository\jakarta\annotation\jakarta.annotation-api\2.1.1\jakarta.annotation-api-2.1.1.jar;C:\Users\\.m2\repository\org\springframework\boot\spring-boot-actuator-autoconfigure\3.3.3\spring-boot-actuator-autoconfigure-3.3.3.jar;C:\Users\\.m2\repository\org\springframework\boot\spring-boot-actuator\3.3.3\spring-boot-actuator-3.3.3.jar;C:\Users\\.m2\repository\com\fasterxml\jackson\datatype\jackson-datatype-jsr310\2.17.2\jackson-datatype-jsr310-2.17.2.jar;C:\Users\\.m2\repository\io\micrometer\micrometer-observation\1.13.3\micrometer-observation-1.13.3.jar;C:\Users\\.m2\repository\io\micrometer\micrometer-commons\1.13.3\micrometer-commons-1.13.3.jar;C:\Users\\.m2\repository\io\micrometer\micrometer-jakarta9\1.13.3\micrometer-jakarta9-1.13.3.jar;C:\Users\\.m2\repository\io\micrometer\micrometer-core\1.13.3\micrometer-core-1.13.3.jar;C:\Users\\.m2\repository\org\hdrhistogram\HdrHistogram\2.2.2\HdrHistogram-2.2.2.jar;C:\Users\\.m2\repository\org\latencyutils\LatencyUtils\2.0.3\LatencyUtils-2.0.3.jar;C:\Users\\.m2\repository\org\springframework\boot\spring-boot-starter-batch\3.3.3\spring-boot-starter-batch
Launcher Type: SUN_STANDARD

[Global flags]
     intx CICompilerCount                          = 12                                        {product} {ergonomic}
     uint ConcGCThreads                            = 3                                         {product} {ergonomic}
     uint G1ConcRefinementThreads                  = 13                                        {product} {ergonomic}
   size_t G1HeapRegionSize                         = 2097152                                   {product} {ergonomic}
    uintx GCDrainStackTargetSize                   = 64                                        {product} {ergonomic}
   size_t InitialHeapSize                          = 266338304                                 {product} {ergonomic}
     bool ManagementServer                         = true                                      {product} {command line}
   size_t MarkStackSize                            = 4194304                                   {product} {ergonomic}
   size_t MaxHeapSize                              = 4257218560                                {product} {ergonomic}
   size_t MaxNewSize                               = 2554331136                                {product} {ergonomic}
   size_t MinHeapDeltaBytes                        = 2097152                                   {product} {ergonomic}
   size_t MinHeapSize                              = 8388608                                   {product} {ergonomic}
    uintx NonProfiledCodeHeapSize                  = 0                                      {pd product} {ergonomic}
     bool ProfileInterpreter                       = false                                  {pd product} {command line}
    uintx ProfiledCodeHeapSize                     = 0                                      {pd product} {ergonomic}
   size_t SoftMaxHeapSize                          = 4257218560                             {manageable} {ergonomic}
     intx TieredStopAtLevel                        = 1                                         {product} {command line}
     bool UseCompressedClassPointers               = true                           {product lp64_product} {ergonomic}
     bool UseCompressedOops                        = true                           {product lp64_product} {ergonomic}
     bool UseG1GC                                  = true                                      {product} {ergonomic}
     bool UseLargePagesIndividualAllocation        = false                                  {pd product} {ergonomic}

Logging:
Log output configuration:
 #0: stdout all=warning uptime,level,tags
 #1: stderr all=off uptime,level,tags

Environment Variables:
JAVA_HOME=C:\Program Files\Amazon Corretto\jdk11.0.14_9
PATH=C:\Program Files\Amazon Corretto\jdk11.0.14_9\bin;C:\Program Files\Microsoft MPI\Bin\;C:\Program Files (x86)\Common Files\Oracle\Java\javapath;C:\Windows\system32;C:\Windows;C:\Windows\System32\Wbem;C:\Windows\System32\WindowsPowerShell\v1.0\;c:\Program Files (x86)\Microsoft SQL Server\90\Tools\binn\;C:\Program Files\Microsoft SQL Server\90\DTS\Binn\;C:\Program Files (x86)\Microsoft SQL Server\90\DTS\Binn\;C:\Program Files (x86)\BMC Software\BMC AppSight\AppSight for Windows\Bin;C:\Program Files\PuTTY\;C:\Program Files\Git\cmd;C:\Program Files\apache-maven-3.8.4\bin;C:\Program Files (x86)\NVIDIA Corporation\PhysX\Common;C:\Program Files\Docker\Docker\resources\bin;C:\Program Files\Microsoft VS Code\bin;C:\Program Files\nodejs\;C:\ProgramData\chocolatey\bin;C:\kafka_2.13-3.8.0\bin\windows;C:\Users\\AppData\Local\Microsoft\WindowsApps;C:\msys64\ucrt64\bin;C:\Users\\AppData\Roaming\npm;C:\Program Files\nodejs\;C:\Program Files (x86)\GnuWin32\bin;
USERNAME=
OS=Windows_NT
PROCESSOR_IDENTIFIER=Intel64 Family 6 Model 141 Stepping 1, GenuineIntel
TMP=C:\Temp
TEMP=C:\Temp



Periodic native trim disabled


---------------  S Y S T E M  ---------------

OS:
 Windows 10 , 64 bit Build 19041 (10.0.19041.1741)
OS uptime: 0 days 8:01 hours
Hyper-V role detected

CPU: total 16 (initial active 16) (8 cores per cpu, 2 threads per core) family 6 model 141 stepping 1 microcode 0x3c, cx8, cmov, fxsr, ht, mmx, 3dnowpref, sse, sse2, sse3, ssse3, sse4.1, sse4.2, popcnt, lzcnt, tsc, tscinvbit, avx, avx2, aes, erms, clmul, bmi1, bmi2, adx, avx512f, avx512dq, avx512cd, avx512bw, avx512vl, sha, fma, vzeroupper, avx512_vpopcntdq, avx512_vpclmulqdq, avx512_vaes, avx512_vnni, clflush, clflushopt, clwb, avx512_vbmi2, avx512_vbmi, hv
Processor Information for all 16 processors :
  Max Mhz: 2304, Current Mhz: 2304, Mhz Limit: 2304

Memory: 4k page, system-wide physical 16235M (2437M free)
TotalPageFile size 16235M (AvailPageFile size 384M)
current process WorkingSet (physical memory assigned to process): 82M, peak: 82M
current process commit charge ("private bytes"): 366M, peak: 366M

vm_info: OpenJDK 64-Bit Server VM (17.0.10+7-LTS) for windows-amd64 JRE (17.0.10+7-LTS), built on Jan 10 2024 22:11:07 by "Administrator" with MS VC++ 16.10 / 16.11 (VS2019)

END.
