#
# There is insufficient memory for the Java Runtime Environment to continue.
# Native memory allocation (mmap) failed to map 25165824 bytes for G1 virtual space
# Possible reasons:
#   The system is out of physical RAM or swap space
#   The process is running with CompressedOops enabled, and the Java Heap may be blocking the growth of the native heap
# Possible solutions:
#   Reduce memory load on the system
#   Increase physical memory or swap space
#   Check if swap backing store is full
#   Decrease Java heap size (-Xmx/-Xms)
#   Decrease number of Java threads
#   Decrease Java thread stack sizes (-Xss)
#   Set larger code cache with -XX:ReservedCodeCacheSize=
#   JVM is running with Zero Based Compressed Oops mode in which the Java heap is
#     placed in the first 32GB address space. The Java Heap base address is the
#     maximum limit for the native heap growth. Please use -XX:HeapBaseMinAddress
#     to set the Java Heap base and to place the Java Heap above 32GB virtual address.
# This output file may be truncated or incomplete.
#
#  Out of Memory Error (os_windows.cpp:3613), pid=3508, tid=11600
#
# JRE version: OpenJDK Runtime Environment Corretto-17.0.10.7.1 (17.0.10+7) (build 17.0.10+7-LTS)
# Java VM: OpenJDK 64-Bit Server VM Corretto-17.0.10.7.1 (17.0.10+7-LTS, mixed mode, emulated-client, sharing, tiered, compressed oops, compressed class ptrs, g1 gc, windows-amd64)
# No core dump will be written. Minidumps are not enabled by default on client versions of Windows
#

---------------  S U M M A R Y ------------

Command Line: -XX:TieredStopAtLevel=1 -Dspring.output.ansi.enabled=always -Dcom.sun.management.jmxremote -Dspring.jmx.enabled=true -Dspring.liveBeansView.mbeanDomain -Dspring.application.admin.enabled=true -Dmanagement.endpoints.jmx.exposure.include=* -javaagent:C:\Program Files\JetBrains\IntelliJ IDEA 2024.1.6\lib\idea_rt.jar=65031:C:\Program Files\JetBrains\IntelliJ IDEA 2024.1.6\bin -Dfile.encoding=UTF-8 ru.t1.java.demo.T1JavaDemoApplication

Host: 11th Gen Intel(R) Core(TM) i7-11800H @ 2.30GHz, 16 cores, 15G,  Windows 10 , 64 bit Build 19041 (10.0.19041.1741)
Time: Thu Oct  3 16:00:55 2024 RTZ 2 (s 10 , 64 bit Build 19041 (10.0.19041.1741) elapsed time: 5.892832 seconds (0d 0h 0m 5s)

---------------  T H R E A D  ---------------

Current thread (0x0000028123f99000):  VMThread "VM Thread" [stack: 0x000000a340f00000,0x000000a341000000] [id=11600]

Stack: [0x000000a340f00000,0x000000a341000000]
Native frames: (J=compiled Java code, j=interpreted, Vv=VM code, C=native code)
V  [jvm.dll+0x67d2c9]
V  [jvm.dll+0x834b1a]
V  [jvm.dll+0x8365de]
V  [jvm.dll+0x836c43]
V  [jvm.dll+0x2477ff]
V  [jvm.dll+0x67a109]
V  [jvm.dll+0x66eb7a]
V  [jvm.dll+0x30764b]
V  [jvm.dll+0x30eaf6]
V  [jvm.dll+0x35e83e]
V  [jvm.dll+0x35ea6f]
V  [jvm.dll+0x2de248]
V  [jvm.dll+0x2dc424]
V  [jvm.dll+0x2dba2c]
V  [jvm.dll+0x31faeb]
V  [jvm.dll+0x83b13b]
V  [jvm.dll+0x83be81]
V  [jvm.dll+0x83c39d]
V  [jvm.dll+0x83c774]
V  [jvm.dll+0x83c840]
V  [jvm.dll+0x7e3fda]
V  [jvm.dll+0x67c1b5]
C  [ucrtbase.dll+0x21bb2]
C  [KERNEL32.DLL+0x17034]
C  [ntdll.dll+0x52651]

VM_Operation (0x000000a344cfc430): G1CollectForAllocation, mode: safepoint, requested by thread 0x0000028124e681a0


---------------  P R O C E S S  ---------------

Threads class SMR info:
_java_thread_list=0x000002816a5b56b0, length=52, elements={
0x0000028123f9c9c0, 0x0000028123f9db90, 0x0000028123fba450, 0x0000028123fbcd30,
0x0000028123fbd6f0, 0x0000028123fbe0b0, 0x0000028123fc0a80, 0x0000028123fc1480,
0x0000028124c60b80, 0x0000028124d0f560, 0x0000028124d0fa80, 0x0000028124d12fc0,
0x0000028124fde8a0, 0x000002816a4576a0, 0x000002816a5530f0, 0x0000028172e3a8b0,
0x00000281734f1940, 0x00000281734effa0, 0x0000028173bcf3d0, 0x0000028173bceec0,
0x0000028173bd0810, 0x0000028173bcda80, 0x0000028173bcd570, 0x0000028173bcd060,
0x0000028173bce9b0, 0x0000028173bd0300, 0x0000028173bcdf90, 0x0000028173bce4a0,
0x0000028124e6a510, 0x0000028124e6af30, 0x0000028124e686b0, 0x0000028124e67c90,
0x0000028124e67780, 0x0000028124e6aa20, 0x0000028124e690d0, 0x0000028124e68bc0,
0x0000028124e6ebf0, 0x0000028124e6c370, 0x0000028124e6be60, 0x0000028124e6f100,
0x0000028124e6a000, 0x0000028124e681a0, 0x0000028124e6c880, 0x0000028124e6d7b0,
0x0000028124e69af0, 0x0000028124e6b440, 0x0000028124e6cd90, 0x0000028124e6d2a0,
0x0000028124e6e1d0, 0x0000028124e695e0, 0x0000028124e6b950, 0x0000028124e6e6e0
}

Java Threads: ( => current thread )
  0x0000028123f9c9c0 JavaThread "Reference Handler" daemon [_thread_blocked, id=12516, stack(0x000000a341000000,0x000000a341100000)]
  0x0000028123f9db90 JavaThread "Finalizer" daemon [_thread_blocked, id=11476, stack(0x000000a341100000,0x000000a341200000)]
  0x0000028123fba450 JavaThread "Signal Dispatcher" daemon [_thread_blocked, id=16416, stack(0x000000a341200000,0x000000a341300000)]
  0x0000028123fbcd30 JavaThread "Attach Listener" daemon [_thread_blocked, id=5712, stack(0x000000a341300000,0x000000a341400000)]
  0x0000028123fbd6f0 JavaThread "Service Thread" daemon [_thread_blocked, id=14412, stack(0x000000a341400000,0x000000a341500000)]
  0x0000028123fbe0b0 JavaThread "Monitor Deflation Thread" daemon [_thread_blocked, id=5744, stack(0x000000a341500000,0x000000a341600000)]
  0x0000028123fc0a80 JavaThread "C1 CompilerThread0" daemon [_thread_blocked, id=11356, stack(0x000000a341600000,0x000000a341700000)]
  0x0000028123fc1480 JavaThread "Sweeper thread" daemon [_thread_blocked, id=7840, stack(0x000000a341700000,0x000000a341800000)]
  0x0000028124c60b80 JavaThread "Common-Cleaner" daemon [_thread_blocked, id=10516, stack(0x000000a341800000,0x000000a341900000)]
  0x0000028124d0f560 JavaThread "C1 CompilerThread1" daemon [_thread_blocked, id=4608, stack(0x000000a341900000,0x000000a341a00000)]
  0x0000028124d0fa80 JavaThread "C1 CompilerThread2" daemon [_thread_blocked, id=16852, stack(0x000000a341a00000,0x000000a341b00000)]
  0x0000028124d12fc0 JavaThread "C1 CompilerThread3" daemon [_thread_blocked, id=16768, stack(0x000000a341b00000,0x000000a341c00000)]
  0x0000028124fde8a0 JavaThread "Monitor Ctrl-Break" daemon [_thread_in_native, id=2612, stack(0x000000a341c00000,0x000000a341d00000)]
  0x000002816a4576a0 JavaThread "Notification Thread" daemon [_thread_blocked, id=16972, stack(0x000000a341d00000,0x000000a341e00000)]
  0x000002816a5530f0 JavaThread "RMI TCP Accept-0" daemon [_thread_in_native, id=15992, stack(0x000000a341e00000,0x000000a341f00000)]
  0x0000028172e3a8b0 JavaThread "C1 CompilerThread4" daemon [_thread_blocked, id=6696, stack(0x000000a342900000,0x000000a342a00000)]
  0x00000281734f1940 JavaThread "RMI TCP Connection(1)-172.26.64.1" daemon [_thread_in_native, id=12284, stack(0x000000a342800000,0x000000a342900000)]
  0x00000281734effa0 JavaThread "RMI Scheduler(0)" daemon [_thread_blocked, id=16840, stack(0x000000a343000000,0x000000a343100000)]
  0x0000028173bcf3d0 JavaThread "PostgreSQL-JDBC-Cleaner" daemon [_thread_blocked, id=3428, stack(0x000000a343400000,0x000000a343500000)]
  0x0000028173bceec0 JavaThread "HikariPool-1 housekeeper" daemon [_thread_blocked, id=9056, stack(0x000000a343500000,0x000000a343600000)]
  0x0000028173bd0810 JavaThread "HikariPool-1 connection adder" daemon [_thread_blocked, id=9036, stack(0x000000a343600000,0x000000a343700000)]
  0x0000028173bcda80 JavaThread "Catalina-utility-1" [_thread_blocked, id=2408, stack(0x000000a343700000,0x000000a343800000)]
  0x0000028173bcd570 JavaThread "Catalina-utility-2" [_thread_blocked, id=8044, stack(0x000000a343800000,0x000000a343900000)]
  0x0000028173bcd060 JavaThread "container-0" [_thread_blocked, id=2480, stack(0x000000a343900000,0x000000a343a00000)]
  0x0000028173bce9b0 JavaThread "File Watcher" daemon [_thread_blocked, id=11888, stack(0x000000a343b00000,0x000000a343c00000)]
  0x0000028173bd0300 JavaThread "Live Reload Server" daemon [_thread_in_native, id=2708, stack(0x000000a343d00000,0x000000a343e00000)]
  0x0000028173bcdf90 JavaThread "http-nio-8080-exec-1" daemon [_thread_blocked, id=17048, stack(0x000000a343c00000,0x000000a343d00000)]
  0x0000028173bce4a0 JavaThread "http-nio-8080-exec-2" daemon [_thread_blocked, id=8408, stack(0x000000a343e00000,0x000000a343f00000)]
  0x0000028124e6a510 JavaThread "http-nio-8080-exec-3" daemon [_thread_blocked, id=7036, stack(0x000000a343f00000,0x000000a344000000)]
  0x0000028124e6af30 JavaThread "http-nio-8080-exec-4" daemon [_thread_blocked, id=13280, stack(0x000000a344000000,0x000000a344100000)]
  0x0000028124e686b0 JavaThread "http-nio-8080-exec-5" daemon [_thread_blocked, id=16512, stack(0x000000a344100000,0x000000a344200000)]
  0x0000028124e67c90 JavaThread "http-nio-8080-exec-6" daemon [_thread_blocked, id=6472, stack(0x000000a344200000,0x000000a344300000)]
  0x0000028124e67780 JavaThread "http-nio-8080-exec-7" daemon [_thread_blocked, id=11372, stack(0x000000a344300000,0x000000a344400000)]
  0x0000028124e6aa20 JavaThread "http-nio-8080-exec-8" daemon [_thread_blocked, id=15612, stack(0x000000a344400000,0x000000a344500000)]
  0x0000028124e690d0 JavaThread "http-nio-8080-exec-9" daemon [_thread_blocked, id=12084, stack(0x000000a344500000,0x000000a344600000)]
  0x0000028124e68bc0 JavaThread "http-nio-8080-exec-10" daemon [_thread_blocked, id=6844, stack(0x000000a344600000,0x000000a344700000)]
  0x0000028124e6ebf0 JavaThread "http-nio-8080-Poller" daemon [_thread_in_native, id=11536, stack(0x000000a344700000,0x000000a344800000)]
  0x0000028124e6c370 JavaThread "http-nio-8080-Acceptor" daemon [_thread_in_native, id=9168, stack(0x000000a344800000,0x000000a344900000)]
  0x0000028124e6be60 JavaThread "ThreadPoolTaskScheduler-1" [_thread_blocked, id=17228, stack(0x000000a344900000,0x000000a344a00000)]
  0x0000028124e6f100 JavaThread "t1-demo-account-0-C-1" [_thread_blocked, id=9148, stack(0x000000a344a00000,0x000000a344b00000)]
  0x0000028124e6a000 JavaThread "ThreadPoolTaskScheduler-1" [_thread_blocked, id=13528, stack(0x000000a344b00000,0x000000a344c00000)]
  0x0000028124e681a0 JavaThread "t1-demo-transaction-0-C-1" [_thread_blocked, id=1648, stack(0x000000a344c00000,0x000000a344d00000)]
  0x0000028124e6c880 JavaThread "ThreadPoolTaskScheduler-1" [_thread_blocked, id=2364, stack(0x000000a344d00000,0x000000a344e00000)]
  0x0000028124e6d7b0 JavaThread "t1-demo-0-C-1" [_thread_blocked, id=11680, stack(0x000000a344e00000,0x000000a344f00000)]
  0x0000028124e69af0 JavaThread "DestroyJavaVM" [_thread_blocked, id=17316, stack(0x000000a340900000,0x000000a340a00000)]
  0x0000028124e6b440 JavaThread "RMI TCP Connection(2)-172.26.64.1" daemon [_thread_blocked, id=8588, stack(0x000000a342500000,0x000000a342600000)]
  0x0000028124e6cd90 JavaThread "RMI TCP Connection(3)-172.26.64.1" daemon [_thread_blocked, id=8612, stack(0x000000a342600000,0x000000a342700000)]
  0x0000028124e6d2a0 JavaThread "kafka-coordinator-heartbeat-thread | t1-demo-transaction" daemon [_thread_blocked, id=2916, stack(0x000000a345000000,0x000000a345100000)]
  0x0000028124e6e1d0 JavaThread "kafka-coordinator-heartbeat-thread | t1-demo-account" daemon [_thread_blocked, id=16372, stack(0x000000a345100000,0x000000a345200000)]
  0x0000028124e695e0 JavaThread "kafka-coordinator-heartbeat-thread | t1-demo" daemon [_thread_blocked, id=2012, stack(0x000000a345200000,0x000000a345300000)]
  0x0000028124e6b950 JavaThread "JMX server connection timeout 83" daemon [_thread_blocked, id=14040, stack(0x000000a344f00000,0x000000a345000000)]
  0x0000028124e6e6e0 JavaThread "JMX server connection timeout 84" daemon [_thread_blocked, id=17160, stack(0x000000a345300000,0x000000a345400000)]

Other Threads:
=>0x0000028123f99000 VMThread "VM Thread" [stack: 0x000000a340f00000,0x000000a341000000] [id=11600]
  0x000002810d2effc0 WatcherThread [stack: 0x000000a341f00000,0x000000a342000000] [id=12100]
  0x000002810d35c970 GCTaskThread "GC Thread#0" [stack: 0x000000a340a00000,0x000000a340b00000] [id=7376]
  0x000002816a7ccb10 GCTaskThread "GC Thread#1" [stack: 0x000000a342000000,0x000000a342100000] [id=10044]
  0x000002816a7ccdd0 GCTaskThread "GC Thread#2" [stack: 0x000000a342100000,0x000000a342200000] [id=9384]
  0x000002816a8066f0 GCTaskThread "GC Thread#3" [stack: 0x000000a342200000,0x000000a342300000] [id=16324]
  0x000002816a8069b0 GCTaskThread "GC Thread#4" [stack: 0x000000a342300000,0x000000a342400000] [id=17184]
  0x000002816a806c70 GCTaskThread "GC Thread#5" [stack: 0x000000a342400000,0x000000a342500000] [id=11412]
  0x0000028172a9e850 GCTaskThread "GC Thread#6" [stack: 0x000000a342700000,0x000000a342800000] [id=16540]
  0x0000028172dd8d90 GCTaskThread "GC Thread#7" [stack: 0x000000a342a00000,0x000000a342b00000] [id=15020]
  0x0000028172f44740 GCTaskThread "GC Thread#8" [stack: 0x000000a342b00000,0x000000a342c00000] [id=12424]
  0x0000028172f44a00 GCTaskThread "GC Thread#9" [stack: 0x000000a342c00000,0x000000a342d00000] [id=5848]
  0x0000028172f450d0 GCTaskThread "GC Thread#10" [stack: 0x000000a342d00000,0x000000a342e00000] [id=6164]
  0x0000028172f45ba0 GCTaskThread "GC Thread#11" [stack: 0x000000a342e00000,0x000000a342f00000] [id=1164]
  0x0000028172f45e60 GCTaskThread "GC Thread#12" [stack: 0x000000a342f00000,0x000000a343000000] [id=9640]
  0x000002810d36d680 ConcurrentGCThread "G1 Main Marker" [stack: 0x000000a340b00000,0x000000a340c00000] [id=1888]
  0x000002810d36e0a0 ConcurrentGCThread "G1 Conc#0" [stack: 0x000000a340c00000,0x000000a340d00000] [id=4640]
  0x00000281730a9100 ConcurrentGCThread "G1 Conc#1" [stack: 0x000000a343100000,0x000000a343200000] [id=17092]
  0x000002817303f2d0 ConcurrentGCThread "G1 Conc#2" [stack: 0x000000a343200000,0x000000a343300000] [id=11252]
  0x000002810d39e5a0 ConcurrentGCThread "G1 Refine#0" [stack: 0x000000a340d00000,0x000000a340e00000] [id=16568]
  0x0000028174dd8280 ConcurrentGCThread "G1 Refine#1" [stack: 0x000000a343a00000,0x000000a343b00000] [id=10976]
  0x0000028123ed3090 ConcurrentGCThread "G1 Service" [stack: 0x000000a340e00000,0x000000a340f00000] [id=10472]

Threads with active compile tasks:
C1 CompilerThread0     5901 8314   !   1       org.apache.kafka.common.metrics.JmxReporter::reregister (56 bytes)
C1 CompilerThread1     5901 8315   !   1       org.apache.kafka.common.metrics.JmxReporter::unregister (44 bytes)
C1 CompilerThread2     5901 8324       1       org.apache.kafka.common.telemetry.internals.TelemetryMetricNamingConvention::cleanTags (33 bytes)
C1 CompilerThread3     5901 8317       1       org.apache.kafka.common.telemetry.internals.TelemetryMetricNamingConvention$1::metricKey (9 bytes)
C1 CompilerThread4     5901 8316       1       org.apache.kafka.common.telemetry.internals.KafkaMetricsCollector$StateLedger::metricChange (97 bytes)

VM state: at safepoint (normal execution)

VM Mutex/Monitor currently owned by a thread:  ([mutex/lock_event])
[0x000002810d2eb6b0] Threads_lock - owner thread: 0x0000028123f99000
[0x000002810d2e9d60] Heap_lock - owner thread: 0x0000028124e681a0

Heap address: 0x0000000702400000, size: 4060 MB, Compressed Oops mode: Zero based, Oop shift amount: 3

CDS archive(s) mapped at: [0x0000028125000000-0x0000028125bb0000-0x0000028125bb0000), size 12255232, SharedBaseAddress: 0x0000028125000000, ArchiveRelocationMode: 1.
Compressed class space mapped at: 0x0000028126000000-0x0000028166000000, reserved size: 1073741824
Narrow klass base: 0x0000028125000000, Narrow klass shift: 0, Narrow klass range: 0x100000000

GC Precious Log:
 CPUs: 16 total, 16 available
 Memory: 16235M
 Large Page Support: Disabled
 NUMA Support: Disabled
 Compressed Oops: Enabled (Zero based)
 Heap Region Size: 2M
 Heap Min Capacity: 8M
 Heap Initial Capacity: 254M
 Heap Max Capacity: 4060M
 Pre-touch: Disabled
 Parallel Workers: 13
 Concurrent Workers: 3
 Concurrent Refinement Workers: 13
 Periodic GC: Disabled

Heap:
 garbage-first heap   total 122880K, used 57541K [0x0000000702400000, 0x0000000800000000)
  region size 2048K, 3 young (6144K), 3 survivors (6144K)
 Metaspace       used 90888K, committed 91584K, reserved 1179648K
  class space    used 12814K, committed 13184K, reserved 1048576K

Heap Regions: E=young(eden), S=young(survivor), O=old, HS=humongous(starts), HC=humongous(continues), CS=collection set, F=free, OA=open archive, CA=closed archive, TAMS=top-at-mark-start (previous, next)
|   0|0x0000000702400000, 0x0000000702600000, 0x0000000702600000|100%| O|  |TAMS 0x0000000702600000, 0x0000000702400000| Untracked 
|   1|0x0000000702600000, 0x0000000702800000, 0x0000000702800000|100%| O|  |TAMS 0x0000000702800000, 0x0000000702600000| Untracked 
|   2|0x0000000702800000, 0x0000000702a00000, 0x0000000702a00000|100%| O|  |TAMS 0x0000000702a00000, 0x0000000702800000| Untracked 
|   3|0x0000000702a00000, 0x0000000702c00000, 0x0000000702c00000|100%| O|  |TAMS 0x0000000702c00000, 0x0000000702a00000| Untracked 
|   4|0x0000000702c00000, 0x0000000702d65e00, 0x0000000702e00000| 69%| O|  |TAMS 0x0000000702d65e00, 0x0000000702c00000| Untracked 
|   5|0x0000000702e00000, 0x0000000703000000, 0x0000000703000000|100%| O|  |TAMS 0x0000000703000000, 0x0000000702e00000| Untracked 
|   6|0x0000000703000000, 0x0000000703200000, 0x0000000703200000|100%| O|  |TAMS 0x0000000703200000, 0x0000000703000000| Untracked 
|   7|0x0000000703200000, 0x0000000703400000, 0x0000000703400000|100%| O|  |TAMS 0x0000000703400000, 0x0000000703200000| Untracked 
|   8|0x0000000703400000, 0x0000000703600000, 0x0000000703600000|100%| O|  |TAMS 0x0000000703600000, 0x0000000703400000| Untracked 
|   9|0x0000000703600000, 0x0000000703800000, 0x0000000703800000|100%| O|  |TAMS 0x0000000703800000, 0x0000000703600000| Untracked 
|  10|0x0000000703800000, 0x0000000703a00000, 0x0000000703a00000|100%| O|  |TAMS 0x0000000703a00000, 0x0000000703800000| Untracked 
|  11|0x0000000703a00000, 0x0000000703c00000, 0x0000000703c00000|100%| O|  |TAMS 0x0000000703c00000, 0x0000000703a00000| Untracked 
|  12|0x0000000703c00000, 0x0000000703e00000, 0x0000000703e00000|100%| O|  |TAMS 0x0000000703e00000, 0x0000000703c00000| Untracked 
|  13|0x0000000703e00000, 0x0000000704000000, 0x0000000704000000|100%| O|  |TAMS 0x0000000704000000, 0x0000000703e00000| Untracked 
|  14|0x0000000704000000, 0x0000000704200000, 0x0000000704200000|100%| O|  |TAMS 0x0000000704200000, 0x0000000704000000| Untracked 
|  15|0x0000000704200000, 0x0000000704400000, 0x0000000704400000|100%| O|  |TAMS 0x0000000704293e00, 0x0000000704200000| Untracked 
|  16|0x0000000704400000, 0x0000000704600000, 0x0000000704600000|100%| O|  |TAMS 0x0000000704400000, 0x0000000704400000| Untracked 
|  17|0x0000000704600000, 0x0000000704800000, 0x0000000704800000|100%| O|  |TAMS 0x0000000704600000, 0x0000000704600000| Untracked 
|  18|0x0000000704800000, 0x0000000704a00000, 0x0000000704a00000|100%| O|  |TAMS 0x0000000704800000, 0x0000000704800000| Untracked 
|  19|0x0000000704a00000, 0x0000000704c00000, 0x0000000704c00000|100%| O|  |TAMS 0x0000000704a00000, 0x0000000704a00000| Untracked 
|  20|0x0000000704c00000, 0x0000000704e00000, 0x0000000704e00000|100%| O|  |TAMS 0x0000000704c00000, 0x0000000704c00000| Untracked 
|  21|0x0000000704e00000, 0x0000000705000000, 0x0000000705000000|100%| O|  |TAMS 0x0000000704e00000, 0x0000000704e00000| Untracked 
|  22|0x0000000705000000, 0x0000000705200000, 0x0000000705200000|100%| O|  |TAMS 0x0000000705000000, 0x0000000705000000| Untracked 
|  23|0x0000000705200000, 0x0000000705400000, 0x0000000705400000|100%| O|  |TAMS 0x0000000705200000, 0x0000000705200000| Untracked 
|  24|0x0000000705400000, 0x0000000705600000, 0x0000000705600000|100%| O|  |TAMS 0x0000000705400000, 0x0000000705400000| Untracked 
|  25|0x0000000705600000, 0x0000000705768000, 0x0000000705800000| 70%| O|  |TAMS 0x0000000705600000, 0x0000000705600000| Untracked 
|  26|0x0000000705800000, 0x0000000705800000, 0x0000000705a00000|  0%| F|  |TAMS 0x0000000705800000, 0x0000000705800000| Untracked 
|  27|0x0000000705a00000, 0x0000000705a00000, 0x0000000705c00000|  0%| F|  |TAMS 0x0000000705a00000, 0x0000000705a00000| Untracked 
|  28|0x0000000705c00000, 0x0000000705c00000, 0x0000000705e00000|  0%| F|  |TAMS 0x0000000705c00000, 0x0000000705c00000| Untracked 
|  29|0x0000000705e00000, 0x0000000705e00000, 0x0000000706000000|  0%| F|  |TAMS 0x0000000705e00000, 0x0000000705e00000| Untracked 
|  30|0x0000000706000000, 0x0000000706000000, 0x0000000706200000|  0%| F|  |TAMS 0x0000000706000000, 0x0000000706000000| Untracked 
|  31|0x0000000706200000, 0x0000000706200000, 0x0000000706400000|  0%| F|  |TAMS 0x0000000706200000, 0x0000000706200000| Untracked 
|  32|0x0000000706400000, 0x0000000706563788, 0x0000000706600000| 69%| S|CS|TAMS 0x0000000706400000, 0x0000000706400000| Complete 
|  33|0x0000000706600000, 0x0000000706600000, 0x0000000706800000|  0%| F|  |TAMS 0x0000000706600000, 0x0000000706600000| Untracked 
|  34|0x0000000706800000, 0x0000000706800000, 0x0000000706a00000|  0%| F|  |TAMS 0x0000000706800000, 0x0000000706800000| Untracked 
|  35|0x0000000706a00000, 0x0000000706c00000, 0x0000000706c00000|100%| S|CS|TAMS 0x0000000706a00000, 0x0000000706a00000| Complete 
|  36|0x0000000706c00000, 0x0000000706c00000, 0x0000000706e00000|  0%| F|  |TAMS 0x0000000706c00000, 0x0000000706c00000| Untracked 
|  37|0x0000000706e00000, 0x0000000707000000, 0x0000000707000000|100%| S|CS|TAMS 0x0000000706e00000, 0x0000000706e00000| Complete 
|  38|0x0000000707000000, 0x0000000707000000, 0x0000000707200000|  0%| F|  |TAMS 0x0000000707000000, 0x0000000707000000| Untracked 
|  39|0x0000000707200000, 0x0000000707200000, 0x0000000707400000|  0%| F|  |TAMS 0x0000000707200000, 0x0000000707200000| Untracked 
|  40|0x0000000707400000, 0x0000000707400000, 0x0000000707600000|  0%| F|  |TAMS 0x0000000707400000, 0x0000000707400000| Untracked 
|  41|0x0000000707600000, 0x0000000707600000, 0x0000000707800000|  0%| F|  |TAMS 0x0000000707600000, 0x0000000707600000| Untracked 
|  42|0x0000000707800000, 0x0000000707800000, 0x0000000707a00000|  0%| F|  |TAMS 0x0000000707800000, 0x0000000707800000| Untracked 
|  43|0x0000000707a00000, 0x0000000707a00000, 0x0000000707c00000|  0%| F|  |TAMS 0x0000000707a00000, 0x0000000707a00000| Untracked 
|  44|0x0000000707c00000, 0x0000000707c00000, 0x0000000707e00000|  0%| F|  |TAMS 0x0000000707c00000, 0x0000000707c00000| Untracked 
|  45|0x0000000707e00000, 0x0000000707e00000, 0x0000000708000000|  0%| F|  |TAMS 0x0000000707e00000, 0x0000000707e00000| Untracked 
|  46|0x0000000708000000, 0x0000000708000000, 0x0000000708200000|  0%| F|  |TAMS 0x0000000708000000, 0x0000000708000000| Untracked 
|  47|0x0000000708200000, 0x0000000708200000, 0x0000000708400000|  0%| F|  |TAMS 0x0000000708200000, 0x0000000708200000| Untracked 
|  48|0x0000000708400000, 0x0000000708400000, 0x0000000708600000|  0%| F|  |TAMS 0x0000000708400000, 0x0000000708400000| Untracked 
|  49|0x0000000708600000, 0x0000000708600000, 0x0000000708800000|  0%| F|  |TAMS 0x0000000708600000, 0x0000000708600000| Untracked 
|  50|0x0000000708800000, 0x0000000708800000, 0x0000000708a00000|  0%| F|  |TAMS 0x0000000708800000, 0x0000000708800000| Untracked 
|  51|0x0000000708a00000, 0x0000000708a00000, 0x0000000708c00000|  0%| F|  |TAMS 0x0000000708a00000, 0x0000000708a00000| Untracked 
|  52|0x0000000708c00000, 0x0000000708c00000, 0x0000000708e00000|  0%| F|  |TAMS 0x0000000708c00000, 0x0000000708c00000| Untracked 
|  53|0x0000000708e00000, 0x0000000708e00000, 0x0000000709000000|  0%| F|  |TAMS 0x0000000708e00000, 0x0000000708e00000| Untracked 
|  54|0x0000000709000000, 0x0000000709000000, 0x0000000709200000|  0%| F|  |TAMS 0x0000000709000000, 0x0000000709000000| Untracked 
| 114|0x0000000710800000, 0x0000000710800000, 0x0000000710a00000|  0%| F|  |TAMS 0x0000000710800000, 0x0000000710800000| Untracked 
| 115|0x0000000710a00000, 0x0000000710a00000, 0x0000000710c00000|  0%| F|  |TAMS 0x0000000710a00000, 0x0000000710a00000| Untracked 
| 116|0x0000000710c00000, 0x0000000710c00000, 0x0000000710e00000|  0%| F|  |TAMS 0x0000000710c00000, 0x0000000710c00000| Untracked 
| 125|0x0000000711e00000, 0x0000000711e00000, 0x0000000712000000|  0%| F|  |TAMS 0x0000000711e00000, 0x0000000711e00000| Untracked 
| 126|0x0000000712000000, 0x0000000712000000, 0x0000000712200000|  0%| F|  |TAMS 0x0000000712000000, 0x0000000712000000| Untracked 

Card table byte_map: [0x0000028118c50000,0x0000028119440000] _byte_map_base: 0x000002811543e000

Marking Bits (Prev, Next): (CMBitMap*) 0x000002810d35cf90, (CMBitMap*) 0x000002810d35cfd0
 Prev Bits: [0x0000028119c30000, 0x000002811dba0000)
 Next Bits: [0x000002811dba0000, 0x0000028121b10000)

Polling page: 0x000002810b260000

Metaspace:

Usage:
  Non-class:     76.24 MB used.
      Class:     12.51 MB used.
       Both:     88.76 MB used.

Virtual space:
  Non-class space:      128.00 MB reserved,      76.56 MB ( 60%) committed,  2 nodes.
      Class space:        1.00 GB reserved,      12.88 MB (  1%) committed,  1 nodes.
             Both:        1.12 GB reserved,      89.44 MB (  8%) committed. 

Chunk freelists:
   Non-Class:  3.38 MB
       Class:  3.10 MB
        Both:  6.48 MB

MaxMetaspaceSize: unlimited
CompressedClassSpaceSize: 1.00 GB
Initial GC threshold: 21.00 MB
Current GC threshold: 116.69 MB
CDS: on
MetaspaceReclaimPolicy: balanced
 - commit_granule_bytes: 65536.
 - commit_granule_words: 8192.
 - virtual_space_node_default_size: 8388608.
 - enlarge_chunks_in_place: 1.
 - new_chunks_are_fully_committed: 0.
 - uncommit_free_chunks: 1.
 - use_allocation_guard: 0.
 - handle_deallocations: 1.


Internal statistics:

num_allocs_failed_limit: 12.
num_arena_births: 1074.
num_arena_deaths: 0.
num_vsnodes_births: 3.
num_vsnodes_deaths: 0.
num_space_committed: 1431.
num_space_uncommitted: 0.
num_chunks_returned_to_freelist: 12.
num_chunks_taken_from_freelist: 4454.
num_chunk_merges: 6.
num_chunk_splits: 3218.
num_chunks_enlarged: 2490.
num_inconsistent_stats: 0.

CodeCache: size=49152Kb used=16813Kb max_used=16813Kb free=32338Kb
 bounds [0x0000028114e00000, 0x0000028115e70000, 0x0000028117e00000]
 total_blobs=8896 nmethods=8144 adapters=674
 compilation: enabled
              stopped_count=0, restarted_count=0
 full_count=0

Compilation events (20 events):
Event: 5.875 Thread 0x0000028124d12fc0 8311       1       org.apache.kafka.common.metrics.JmxReporter$KafkaMbean::setAttribute (13 bytes)
Event: 5.875 Thread 0x0000028124d0fa80 8312       1       org.apache.kafka.common.metrics.JmxReporter$$Lambda$2087/0x0000028126bbc940::test (16 bytes)
Event: 5.876 Thread 0x0000028124d12fc0 nmethod 8311 0x0000028115e67490 code [0x0000028115e67620, 0x0000028115e67708]
Event: 5.876 Thread 0x0000028123fc0a80 8313       1       org.apache.kafka.common.metrics.JmxReporter::lambda$compilePredicate$3 (28 bytes)
Event: 5.879 Thread 0x0000028124d12fc0 8328       1       org.apache.kafka.common.metrics.Sensor$$Lambda$2104/0x0000028126bf13e8::get (8 bytes)
Event: 5.880 Thread 0x0000028124d0fa80 nmethod 8312 0x0000028115e67790 code [0x0000028115e67960, 0x0000028115e67b58]
Event: 5.880 Thread 0x0000028124d0fa80 8324       1       org.apache.kafka.common.telemetry.internals.TelemetryMetricNamingConvention::cleanTags (33 bytes)
Event: 5.880 Thread 0x0000028124d12fc0 nmethod 8328 0x0000028115e67d10 code [0x0000028115e67ea0, 0x0000028115e67f78]
Event: 5.881 Thread 0x0000028123fc0a80 nmethod 8313 0x0000028115e68010 code [0x0000028115e681e0, 0x0000028115e68378]
Event: 5.881 Thread 0x0000028124d12fc0 8325       1       org.apache.kafka.common.telemetry.internals.MetricKey::<init> (34 bytes)
Event: 5.881 Thread 0x0000028123fc0a80 8326       1       org.apache.kafka.common.telemetry.internals.LastValueTracker::contains (11 bytes)
Event: 5.882 Thread 0x0000028124d0f560 nmethod 8310 0x0000028115e68510 code [0x0000028115e687e0, 0x0000028115e68fa8]
Event: 5.882 Thread 0x0000028172e3a8b0 nmethod 8309 0x0000028115e69490 code [0x0000028115e69700, 0x0000028115e69f28]
Event: 5.882 Thread 0x0000028123fc0a80 nmethod 8326 0x0000028115e6a490 code [0x0000028115e6a620, 0x0000028115e6a708]
Event: 5.882 Thread 0x0000028123fc0a80 8314   !   1       org.apache.kafka.common.metrics.JmxReporter::reregister (56 bytes)
Event: 5.882 Thread 0x0000028124d0f560 8315   !   1       org.apache.kafka.common.metrics.JmxReporter::unregister (44 bytes)
Event: 5.883 Thread 0x0000028172e3a8b0 8316       1       org.apache.kafka.common.telemetry.internals.KafkaMetricsCollector$StateLedger::metricChange (97 bytes)
Event: 5.883 Thread 0x0000028124d12fc0 nmethod 8325 0x0000028115e6a790 code [0x0000028115e6a960, 0x0000028115e6ad58]
Event: 5.884 Thread 0x0000028124d12fc0 8317       1       org.apache.kafka.common.telemetry.internals.TelemetryMetricNamingConvention$1::metricKey (9 bytes)
Event: 5.884 Thread 0x0000028124d0fa80 nmethod 8324 0x0000028115e6af10 code [0x0000028115e6b100, 0x0000028115e6b4a8]

GC Heap History (20 events):
Event: 3.614 GC heap after
{Heap after GC invocations=17 (full 0):
 garbage-first heap   total 102400K, used 34757K [0x0000000702400000, 0x0000000800000000)
  region size 2048K, 3 young (6144K), 3 survivors (6144K)
 Metaspace       used 67285K, committed 67840K, reserved 1114112K
  class space    used 9714K, committed 9984K, reserved 1048576K
}
Event: 3.873 GC heap before
{Heap before GC invocations=17 (full 0):
 garbage-first heap   total 102400K, used 81861K [0x0000000702400000, 0x0000000800000000)
  region size 2048K, 26 young (53248K), 3 survivors (6144K)
 Metaspace       used 69908K, committed 70528K, reserved 1114112K
  class space    used 10073K, committed 10368K, reserved 1048576K
}
Event: 3.877 GC heap after
{Heap after GC invocations=18 (full 0):
 garbage-first heap   total 102400K, used 37310K [0x0000000702400000, 0x0000000800000000)
  region size 2048K, 4 young (8192K), 4 survivors (8192K)
 Metaspace       used 69908K, committed 70528K, reserved 1114112K
  class space    used 10073K, committed 10368K, reserved 1048576K
}
Event: 4.017 GC heap before
{Heap before GC invocations=18 (full 0):
 garbage-first heap   total 102400K, used 61886K [0x0000000702400000, 0x0000000800000000)
  region size 2048K, 17 young (34816K), 4 survivors (8192K)
 Metaspace       used 70995K, committed 71616K, reserved 1114112K
  class space    used 10254K, committed 10560K, reserved 1048576K
}
Event: 4.022 GC heap after
{Heap after GC invocations=19 (full 0):
 garbage-first heap   total 102400K, used 38783K [0x0000000702400000, 0x0000000800000000)
  region size 2048K, 3 young (6144K), 3 survivors (6144K)
 Metaspace       used 70995K, committed 71616K, reserved 1114112K
  class space    used 10254K, committed 10560K, reserved 1048576K
}
Event: 4.232 GC heap before
{Heap before GC invocations=20 (full 0):
 garbage-first heap   total 102400K, used 79743K [0x0000000702400000, 0x0000000800000000)
  region size 2048K, 23 young (47104K), 3 survivors (6144K)
 Metaspace       used 73150K, committed 73728K, reserved 1114112K
  class space    used 10574K, committed 10880K, reserved 1048576K
}
Event: 4.235 GC heap after
{Heap after GC invocations=21 (full 0):
 garbage-first heap   total 102400K, used 41021K [0x0000000702400000, 0x0000000800000000)
  region size 2048K, 2 young (4096K), 2 survivors (4096K)
 Metaspace       used 73150K, committed 73728K, reserved 1114112K
  class space    used 10574K, committed 10880K, reserved 1048576K
}
Event: 4.415 GC heap before
{Heap before GC invocations=21 (full 0):
 garbage-first heap   total 102400K, used 81981K [0x0000000702400000, 0x0000000800000000)
  region size 2048K, 22 young (45056K), 2 survivors (4096K)
 Metaspace       used 74364K, committed 74944K, reserved 1114112K
  class space    used 10718K, committed 11008K, reserved 1048576K
}
Event: 4.418 GC heap after
{Heap after GC invocations=22 (full 0):
 garbage-first heap   total 102400K, used 43026K [0x0000000702400000, 0x0000000800000000)
  region size 2048K, 3 young (6144K), 3 survivors (6144K)
 Metaspace       used 74364K, committed 74944K, reserved 1114112K
  class space    used 10718K, committed 11008K, reserved 1048576K
}
Event: 4.554 GC heap before
{Heap before GC invocations=22 (full 0):
 garbage-first heap   total 102400K, used 81938K [0x0000000702400000, 0x0000000800000000)
  region size 2048K, 22 young (45056K), 3 survivors (6144K)
 Metaspace       used 74730K, committed 75328K, reserved 1114112K
  class space    used 10783K, committed 11072K, reserved 1048576K
}
Event: 4.558 GC heap after
{Heap after GC invocations=23 (full 0):
 garbage-first heap   total 102400K, used 45360K [0x0000000702400000, 0x0000000800000000)
  region size 2048K, 3 young (6144K), 3 survivors (6144K)
 Metaspace       used 74730K, committed 75328K, reserved 1114112K
  class space    used 10783K, committed 11072K, reserved 1048576K
}
Event: 4.742 GC heap before
{Heap before GC invocations=23 (full 0):
 garbage-first heap   total 102400K, used 82224K [0x0000000702400000, 0x0000000800000000)
  region size 2048K, 21 young (43008K), 3 survivors (6144K)
 Metaspace       used 76042K, committed 76672K, reserved 1179648K
  class space    used 10960K, committed 11264K, reserved 1048576K
}
Event: 4.745 GC heap after
{Heap after GC invocations=24 (full 0):
 garbage-first heap   total 122880K, used 47372K [0x0000000702400000, 0x0000000800000000)
  region size 2048K, 3 young (6144K), 3 survivors (6144K)
 Metaspace       used 76042K, committed 76672K, reserved 1179648K
  class space    used 10960K, committed 11264K, reserved 1048576K
}
Event: 4.973 GC heap before
{Heap before GC invocations=24 (full 0):
 garbage-first heap   total 122880K, used 98572K [0x0000000702400000, 0x0000000800000000)
  region size 2048K, 28 young (57344K), 3 survivors (6144K)
 Metaspace       used 76986K, committed 77632K, reserved 1179648K
  class space    used 11129K, committed 11456K, reserved 1048576K
}
Event: 4.977 GC heap after
{Heap after GC invocations=25 (full 0):
 garbage-first heap   total 122880K, used 49786K [0x0000000702400000, 0x0000000800000000)
  region size 2048K, 3 young (6144K), 3 survivors (6144K)
 Metaspace       used 76986K, committed 77632K, reserved 1179648K
  class space    used 11129K, committed 11456K, reserved 1048576K
}
Event: 5.160 GC heap before
{Heap before GC invocations=25 (full 0):
 garbage-first heap   total 122880K, used 98938K [0x0000000702400000, 0x0000000800000000)
  region size 2048K, 27 young (55296K), 3 survivors (6144K)
 Metaspace       used 77900K, committed 78464K, reserved 1179648K
  class space    used 11265K, committed 11520K, reserved 1048576K
}
Event: 5.163 GC heap after
{Heap after GC invocations=26 (full 0):
 garbage-first heap   total 122880K, used 52546K [0x0000000702400000, 0x0000000800000000)
  region size 2048K, 3 young (6144K), 3 survivors (6144K)
 Metaspace       used 77900K, committed 78464K, reserved 1179648K
  class space    used 11265K, committed 11520K, reserved 1048576K
}
Event: 5.442 GC heap before
{Heap before GC invocations=26 (full 0):
 garbage-first heap   total 122880K, used 99650K [0x0000000702400000, 0x0000000800000000)
  region size 2048K, 26 young (53248K), 3 survivors (6144K)
 Metaspace       used 82543K, committed 83200K, reserved 1179648K
  class space    used 11913K, committed 12224K, reserved 1048576K
}
Event: 5.448 GC heap after
{Heap after GC invocations=27 (full 0):
 garbage-first heap   total 122880K, used 54715K [0x0000000702400000, 0x0000000800000000)
  region size 2048K, 3 young (6144K), 3 survivors (6144K)
 Metaspace       used 82543K, committed 83200K, reserved 1179648K
  class space    used 11913K, committed 12224K, reserved 1048576K
}
Event: 5.884 GC heap before
{Heap before GC invocations=27 (full 0):
 garbage-first heap   total 122880K, used 97723K [0x0000000702400000, 0x0000000800000000)
  region size 2048K, 25 young (51200K), 3 survivors (6144K)
 Metaspace       used 90888K, committed 91584K, reserved 1179648K
  class space    used 12814K, committed 13184K, reserved 1048576K
}

Dll operation events (14 events):
Event: 0.004 Loaded shared library C:\Users\Константин\.jdks\corretto-17.0.10\bin\java.dll
Event: 0.016 Loaded shared library C:\Users\Константин\.jdks\corretto-17.0.10\bin\jsvml.dll
Event: 0.067 Loaded shared library C:\Users\Константин\.jdks\corretto-17.0.10\bin\zip.dll
Event: 0.068 Loaded shared library C:\Users\Константин\.jdks\corretto-17.0.10\bin\instrument.dll
Event: 0.071 Loaded shared library C:\Users\Константин\.jdks\corretto-17.0.10\bin\net.dll
Event: 0.072 Loaded shared library C:\Users\Константин\.jdks\corretto-17.0.10\bin\nio.dll
Event: 0.074 Loaded shared library C:\Users\Константин\.jdks\corretto-17.0.10\bin\zip.dll
Event: 0.121 Loaded shared library C:\Program Files\JetBrains\IntelliJ IDEA 2024.1.6\bin\breakgen64.dll
Event: 0.123 Loaded shared library C:\Users\Константин\.jdks\corretto-17.0.10\bin\jimage.dll
Event: 0.126 Loaded shared library C:\Users\Константин\.jdks\corretto-17.0.10\bin\extnet.dll
Event: 0.135 Loaded shared library C:\Users\Константин\.jdks\corretto-17.0.10\bin\management.dll
Event: 0.139 Loaded shared library C:\Users\Константин\.jdks\corretto-17.0.10\bin\management_ext.dll
Event: 0.888 Loaded shared library C:\Users\Константин\.jdks\corretto-17.0.10\bin\sunmscapi.dll
Event: 2.764 Loaded shared library C:\Users\Константин\.jdks\corretto-17.0.10\bin\verify.dll

Deoptimization events (20 events):
Event: 1.800 Thread 0x000002816a9035d0 DEOPT PACKING pc=0x00000281157f14b9 sp=0x000000a3426fd490
Event: 1.800 Thread 0x000002816a9035d0 DEOPT UNPACKING pc=0x0000028114e5ace3 sp=0x000000a3426fca38 mode 0
Event: 1.994 Thread 0x000002816a9035d0 DEOPT PACKING pc=0x0000028115221a2c sp=0x000000a3426f9ee0
Event: 1.994 Thread 0x000002816a9035d0 DEOPT UNPACKING pc=0x0000028114e5ace3 sp=0x000000a3426f93a8 mode 0
Event: 2.046 Thread 0x000002816a9035d0 DEOPT PACKING pc=0x0000028115406909 sp=0x000000a3426fb660
Event: 2.046 Thread 0x000002816a9035d0 DEOPT UNPACKING pc=0x0000028114e5ace3 sp=0x000000a3426faaf0 mode 3
Event: 2.046 Thread 0x0000028173bceec0 DEOPT PACKING pc=0x000002811539551f sp=0x000000a3435fec50
Event: 2.046 Thread 0x0000028173bceec0 DEOPT UNPACKING pc=0x0000028114e5ace3 sp=0x000000a3435fe0a8 mode 3
Event: 2.181 Thread 0x00000281734f1940 DEOPT PACKING pc=0x000002811523d2c4 sp=0x000000a3428ff080
Event: 2.181 Thread 0x00000281734f1940 DEOPT UNPACKING pc=0x0000028114e5ace3 sp=0x000000a3428fe568 mode 0
Event: 4.190 Thread 0x000002816a9035d0 DEOPT PACKING pc=0x0000028115423fd4 sp=0x000000a3426fbbd0
Event: 4.190 Thread 0x000002816a9035d0 DEOPT UNPACKING pc=0x0000028114e5ace3 sp=0x000000a3426fb128 mode 0
Event: 4.420 Thread 0x000002816a9035d0 DEOPT PACKING pc=0x0000028115458752 sp=0x000000a3426fd690
Event: 4.420 Thread 0x000002816a9035d0 DEOPT UNPACKING pc=0x0000028114e5ace3 sp=0x000000a3426fcb98 mode 3
Event: 4.421 Thread 0x000002816a9035d0 DEOPT PACKING pc=0x000002811542c855 sp=0x000000a3426fd650
Event: 4.421 Thread 0x000002816a9035d0 DEOPT UNPACKING pc=0x0000028114e5ace3 sp=0x000000a3426fcb98 mode 3
Event: 5.665 Thread 0x0000028124e6f100 DEOPT PACKING pc=0x0000028115b2fc1c sp=0x000000a344afdf00
Event: 5.665 Thread 0x0000028124e6f100 DEOPT UNPACKING pc=0x0000028114e5ace3 sp=0x000000a344afd3c0 mode 0
Event: 5.838 Thread 0x0000028124e6cd90 DEOPT PACKING pc=0x0000028115e2539c sp=0x000000a3426fc770
Event: 5.838 Thread 0x0000028124e6cd90 DEOPT UNPACKING pc=0x0000028114e5ace3 sp=0x000000a3426fbc20 mode 0

Classes unloaded (0 events):
No events

Classes redefined (0 events):
No events

Internal exceptions (20 events):
Event: 4.381 Thread 0x000002816a9035d0 Exception <a 'sun/nio/fs/WindowsException'{0x0000000706677ce0}> (0x0000000706677ce0) 
thrown [s\src\hotspot\share\prims\jni.cpp, line 516]
Event: 4.459 Thread 0x000002816a9035d0 Exception <a 'java/lang/NoSuchMethodError'{0x00000007078304d0}: 'java.lang.Object java.lang.invoke.DirectMethodHandle$Holder.invokeInterface(java.lang.Object, java.lang.Object, java.lang.Object, java.lang.Object)'> (0x00000007078304d0) 
thrown [s\src\hotspot\share\interpreter\linkResolver.cpp, line 759]
Event: 4.655 Thread 0x000002816a9035d0 Exception <a 'java/lang/IncompatibleClassChangeError'{0x0000000707587138}: Found class java.lang.Object, but interface was expected> (0x0000000707587138) 
thrown [s\src\hotspot\share\interpreter\linkResolver.cpp, line 826]
Event: 4.688 Thread 0x000002816a9035d0 Exception <a 'java/lang/NoSuchMethodError'{0x0000000706fcaec8}: 'void java.lang.invoke.DirectMethodHandle$Holder.invokeVirtual(java.lang.Object, java.lang.Object, long)'> (0x0000000706fcaec8) 
thrown [s\src\hotspot\share\interpreter\linkResolver.cpp, line 759]
Event: 4.703 Thread 0x00000281734f1940 Exception <a 'java/lang/reflect/InvocationTargetException'{0x0000000706ba38b8}> (0x0000000706ba38b8) 
thrown [s\src\hotspot\share\runtime\reflection.cpp, line 1121]
Event: 4.792 Thread 0x000002816a9035d0 Exception <a 'java/lang/NoSuchMethodError'{0x00000007109ec240}: 'java.lang.Object java.lang.invoke.DirectMethodHandle$Holder.newInvokeSpecial(java.lang.Object, java.lang.Object, java.lang.Object, java.lang.Object, java.lang.Object, java.lang.Object, java.lang.Object, java.lang.Object, java.lang.Object)'> (0x00000007109ec240) 
thrown [s\src\hotspot\share\interpreter\linkResolver.cpp, line 759]
Event: 4.792 Thread 0x000002816a9035d0 Exception <a 'java/lang/NoSuchMethodError'{0x00000007109f0f38}: 'java.lang.Object java.lang.invoke.Invokers$Holder.linkToTargetMethod(java.lang.Object, java.lang.Object, java.lang.Object, java.lang.Object, java.lang.Object, java.lang.Object, java.lang.Object, java.lang.Object, java.lang.Object)'> (0x00000007109f0f38) 
thrown [s\src\hotspot\share\interpreter\linkResolver.cpp, line 759]
Event: 4.957 Thread 0x000002816a9035d0 Exception <a 'java/lang/NoSuchMethodError'{0x0000000706cb96c8}: 'int java.lang.invoke.DirectMethodHandle$Holder.invokeStatic(java.lang.Object, java.lang.Object, java.lang.Object, java.lang.Object, java.lang.Object)'> (0x0000000706cb96c8) 
thrown [s\src\hotspot\share\interpreter\linkResolver.cpp, line 759]
Event: 5.026 Thread 0x000002816a9035d0 Exception <a 'java/lang/NoSuchMethodError'{0x0000000708e22008}: 'double java.lang.invoke.DirectMethodHandle$Holder.invokeStatic(java.lang.Object, java.lang.Object)'> (0x0000000708e22008) 
thrown [s\src\hotspot\share\interpreter\linkResolver.cpp, line 759]
Event: 5.050 Thread 0x000002816a9035d0 Exception <a 'java/lang/IncompatibleClassChangeError'{0x0000000708b8d198}: Found class java.lang.Object, but interface was expected> (0x0000000708b8d198) 
thrown [s\src\hotspot\share\interpreter\linkResolver.cpp, line 826]
Event: 5.167 Thread 0x000002816a4576a0 Exception <a 'java/lang/NoSuchMethodError'{0x0000000712015a08}: 'long java.lang.invoke.DirectMethodHandle$Holder.invokeStatic(java.lang.Object, java.lang.Object, java.lang.Object)'> (0x0000000712015a08) 
thrown [s\src\hotspot\share\interpreter\linkResolver.cpp, line 759]
Event: 5.190 Thread 0x000002816a9035d0 Exception <a 'java/lang/NoSuchMethodError'{0x0000000710b88df8}: 'void java.lang.invoke.DirectMethodHandle$Holder.invokeVirtual(java.lang.Object, java.lang.Object, float)'> (0x0000000710b88df8) 
thrown [s\src\hotspot\share\interpreter\linkResolver.cpp, line 759]
Event: 5.285 Thread 0x000002816a9035d0 Exception <a 'java/lang/NoSuchMethodError'{0x00000007081c3328}: 'void java.lang.invoke.DirectMethodHandle$Holder.invokeStatic(java.lang.Object, java.lang.Object, double)'> (0x00000007081c3328) 
thrown [s\src\hotspot\share\interpreter\linkResolver.cpp, line 759]
Event: 5.288 Thread 0x000002816a9035d0 Exception <a 'java/lang/NoSuchMethodError'{0x0000000707e031a0}: 'double java.lang.invoke.DirectMethodHandle$Holder.invokeStatic(java.lang.Object, java.lang.Object, java.lang.Object)'> (0x0000000707e031a0) 
thrown [s\src\hotspot\share\interpreter\linkResolver.cpp, line 759]
Event: 5.295 Thread 0x000002816a9035d0 Exception <a 'java/lang/IncompatibleClassChangeError'{0x0000000707e9feb8}: Found class java.lang.Object, but interface was expected> (0x0000000707e9feb8) 
thrown [s\src\hotspot\share\interpreter\linkResolver.cpp, line 826]
Event: 5.506 Thread 0x000002816a9035d0 Exception <a 'java/lang/NoSuchMethodError'{0x0000000710d89a98}: 'double java.lang.invoke.DirectMethodHandle$Holder.invokeStatic(java.lang.Object, java.lang.Object, java.lang.Object, long)'> (0x0000000710d89a98) 
thrown [s\src\hotspot\share\interpreter\linkResolver.cpp, line 759]
Event: 5.521 Thread 0x000002816a9035d0 Exception <a 'java/lang/NoSuchMethodError'{0x0000000710ae78d8}: 'void java.lang.invoke.DirectMethodHandle$Holder.invokeStaticInit(java.lang.Object)'> (0x0000000710ae78d8) 
thrown [s\src\hotspot\share\interpreter\linkResolver.cpp, line 759]
Event: 5.693 Thread 0x0000028124e6d7b0 Exception <a 'java/lang/NoSuchMethodError'{0x0000000707c7a568}: 'java.lang.Object java.lang.invoke.DirectMethodHandle$Holder.newInvokeSpecial(java.lang.Object, long)'> (0x0000000707c7a568) 
thrown [s\src\hotspot\share\interpreter\linkResolver.cpp, line 759]
Event: 5.693 Thread 0x0000028124e681a0 Exception <a 'java/lang/NoSuchMethodError'{0x0000000707c684c8}: 'java.lang.Object java.lang.invoke.DirectMethodHandle$Holder.newInvokeSpecial(java.lang.Object, long)'> (0x0000000707c684c8) 
thrown [s\src\hotspot\share\interpreter\linkResolver.cpp, line 759]
Event: 5.693 Thread 0x0000028124e6f100 Exception <a 'java/lang/NoSuchMethodError'{0x0000000707c9aab0}: 'java.lang.Object java.lang.invoke.DirectMethodHandle$Holder.newInvokeSpecial(java.lang.Object, long)'> (0x0000000707c9aab0) 
thrown [s\src\hotspot\share\interpreter\linkResolver.cpp, line 759]

VM Operations (20 events):
Event: 5.391 Executing VM operation: HandshakeAllThreads done
Event: 5.430 Executing VM operation: HandshakeAllThreads
Event: 5.430 Executing VM operation: HandshakeAllThreads done
Event: 5.430 Executing VM operation: HandshakeAllThreads
Event: 5.430 Executing VM operation: HandshakeAllThreads done
Event: 5.442 Executing VM operation: G1CollectForAllocation
Event: 5.448 Executing VM operation: G1CollectForAllocation done
Event: 5.488 Executing VM operation: HandshakeAllThreads
Event: 5.488 Executing VM operation: HandshakeAllThreads done
Event: 5.488 Executing VM operation: HandshakeAllThreads
Event: 5.488 Executing VM operation: HandshakeAllThreads done
Event: 5.665 Executing VM operation: HandshakeAllThreads
Event: 5.665 Executing VM operation: HandshakeAllThreads done
Event: 5.669 Executing VM operation: HandshakeAllThreads
Event: 5.669 Executing VM operation: HandshakeAllThreads done
Event: 5.758 Executing VM operation: HandshakeAllThreads
Event: 5.759 Executing VM operation: HandshakeAllThreads done
Event: 5.837 Executing VM operation: HandshakeAllThreads
Event: 5.837 Executing VM operation: HandshakeAllThreads done
Event: 5.884 Executing VM operation: G1CollectForAllocation

Events (20 events):
Event: 5.768 Thread 0x0000028124e695e0 Thread exited: 0x0000028124e695e0
Event: 5.769 Thread 0x0000028124e6dcc0 Thread added: 0x0000028124e6dcc0
Event: 5.773 loading class javax/management/remote/rmi/RMIConnector$Util
Event: 5.773 loading class javax/management/remote/rmi/RMIConnector$Util done
Event: 5.774 Thread 0x0000028124e6d2a0 Thread added: 0x0000028124e6d2a0
Event: 5.775 Thread 0x0000028124e6e1d0 Thread added: 0x0000028124e6e1d0
Event: 5.775 Thread 0x0000028124e695e0 Thread added: 0x0000028124e695e0
Event: 5.793 loading class java/util/concurrent/ConcurrentLinkedQueue$CLQSpliterator
Event: 5.793 loading class java/util/concurrent/ConcurrentLinkedQueue$CLQSpliterator done
Event: 5.834 loading class jdk/internal/vm/annotation/ForceInline
Event: 5.835 loading class jdk/internal/vm/annotation/ForceInline done
Event: 5.861 Thread 0x0000028124e6dcc0 Thread exited: 0x0000028124e6dcc0
Event: 5.863 Thread 0x0000028124e6b950 Thread added: 0x0000028124e6b950
Event: 5.863 Thread 0x0000028124e6dcc0 Thread added: 0x0000028124e6dcc0
Event: 5.867 loading class java/util/concurrent/locks/ReentrantReadWriteLock$Sync$HoldCounter
Event: 5.867 loading class java/util/concurrent/locks/ReentrantReadWriteLock$Sync$HoldCounter done
Event: 5.868 Thread 0x0000028124e6dcc0 Thread exited: 0x0000028124e6dcc0
Event: 5.868 Thread 0x0000028124e6b950 Thread exited: 0x0000028124e6b950
Event: 5.869 Thread 0x0000028124e6b950 Thread added: 0x0000028124e6b950
Event: 5.869 Thread 0x0000028124e6e6e0 Thread added: 0x0000028124e6e6e0


Dynamic libraries:
0x00007ff60d160000 - 0x00007ff60d16e000 	C:\Users\Константин\.jdks\corretto-17.0.10\bin\java.exe
0x00007ff99e170000 - 0x00007ff99e367000 	C:\Windows\SYSTEM32\ntdll.dll
0x00007ff99d1f0000 - 0x00007ff99d2ad000 	C:\Windows\System32\KERNEL32.DLL
0x00007ff99bca0000 - 0x00007ff99bf6d000 	C:\Windows\System32\KERNELBASE.dll
0x00007ff99bf70000 - 0x00007ff99c070000 	C:\Windows\System32\ucrtbase.dll
0x00007ff994470000 - 0x00007ff994487000 	C:\Users\Константин\.jdks\corretto-17.0.10\bin\jli.dll
0x00007ff998010000 - 0x00007ff99802b000 	C:\Users\Константин\.jdks\corretto-17.0.10\bin\VCRUNTIME140.dll
0x00007ff99d360000 - 0x00007ff99d500000 	C:\Windows\System32\USER32.dll
0x00007ff9837b0000 - 0x00007ff983a4a000 	C:\Windows\WinSxS\amd64_microsoft.windows.common-controls_6595b64144ccf1df_6.0.19041.1110_none_60b5254171f9507e\COMCTL32.dll
0x00007ff99b9e0000 - 0x00007ff99ba02000 	C:\Windows\System32\win32u.dll
0x00007ff99cdb0000 - 0x00007ff99ce4e000 	C:\Windows\System32\msvcrt.dll
0x00007ff99d140000 - 0x00007ff99d16a000 	C:\Windows\System32\GDI32.dll
0x00007ff99bb90000 - 0x00007ff99bc9b000 	C:\Windows\System32\gdi32full.dll
0x00007ff99b940000 - 0x00007ff99b9dd000 	C:\Windows\System32\msvcp_win.dll
0x00007ff99ce50000 - 0x00007ff99ce80000 	C:\Windows\System32\IMM32.DLL
0x00007ff998000000 - 0x00007ff99800c000 	C:\Users\Константин\.jdks\corretto-17.0.10\bin\vcruntime140_1.dll
0x00007ff9943e0000 - 0x00007ff99446d000 	C:\Users\Константин\.jdks\corretto-17.0.10\bin\msvcp140.dll
0x00007ff946800000 - 0x00007ff947462000 	C:\Users\Константин\.jdks\corretto-17.0.10\bin\server\jvm.dll
0x00007ff99d870000 - 0x00007ff99d91e000 	C:\Windows\System32\ADVAPI32.dll
0x00007ff99c380000 - 0x00007ff99c41c000 	C:\Windows\System32\sechost.dll
0x00007ff99d5f0000 - 0x00007ff99d715000 	C:\Windows\System32\RPCRT4.dll
0x00007ff99ad70000 - 0x00007ff99adbb000 	C:\Windows\SYSTEM32\POWRPROF.dll
0x00007ff98cb10000 - 0x00007ff98cb37000 	C:\Windows\SYSTEM32\WINMM.dll
0x00007ff97e810000 - 0x00007ff97e819000 	C:\Windows\SYSTEM32\WSOCK32.dll
0x00007ff9931d0000 - 0x00007ff9931da000 	C:\Windows\SYSTEM32\VERSION.dll
0x00007ff99d180000 - 0x00007ff99d1eb000 	C:\Windows\System32\WS2_32.dll
0x00007ff99ac30000 - 0x00007ff99ac42000 	C:\Windows\SYSTEM32\UMPDC.dll
0x00007ff999270000 - 0x00007ff999282000 	C:\Windows\SYSTEM32\kernel.appcore.dll
0x00007ff995180000 - 0x00007ff99518a000 	C:\Users\Константин\.jdks\corretto-17.0.10\bin\jimage.dll
0x00007ff98aa50000 - 0x00007ff98ac34000 	C:\Windows\SYSTEM32\DBGHELP.DLL
0x00007ff973c90000 - 0x00007ff973cbc000 	C:\Windows\SYSTEM32\dbgcore.DLL
0x00007ff99ba80000 - 0x00007ff99bb02000 	C:\Windows\System32\bcryptPrimitives.dll
0x00007ff994680000 - 0x00007ff99468e000 	C:\Users\Константин\.jdks\corretto-17.0.10\bin\instrument.dll
0x00007ff9932b0000 - 0x00007ff9932d5000 	C:\Users\Константин\.jdks\corretto-17.0.10\bin\java.dll
0x00007ff975f50000 - 0x00007ff976027000 	C:\Users\Константин\.jdks\corretto-17.0.10\bin\jsvml.dll
0x00007ff99d920000 - 0x00007ff99e064000 	C:\Windows\System32\SHELL32.dll
0x00007ff999470000 - 0x00007ff999c04000 	C:\Windows\SYSTEM32\windows.storage.dll
0x00007ff99c420000 - 0x00007ff99c774000 	C:\Windows\System32\combase.dll
0x00007ff99b1e0000 - 0x00007ff99b20c000 	C:\Windows\SYSTEM32\Wldp.dll
0x00007ff99c2b0000 - 0x00007ff99c35d000 	C:\Windows\System32\SHCORE.dll
0x00007ff99d500000 - 0x00007ff99d555000 	C:\Windows\System32\shlwapi.dll
0x00007ff99b7d0000 - 0x00007ff99b7ef000 	C:\Windows\SYSTEM32\profapi.dll
0x00007ff98c790000 - 0x00007ff98c7a8000 	C:\Users\Константин\.jdks\corretto-17.0.10\bin\zip.dll
0x00007ff98c7d0000 - 0x00007ff98c7e9000 	C:\Users\Константин\.jdks\corretto-17.0.10\bin\net.dll
0x00007ff994490000 - 0x00007ff99459a000 	C:\Windows\SYSTEM32\WINHTTP.dll
0x00007ff99af90000 - 0x00007ff99affa000 	C:\Windows\system32\mswsock.dll
0x00007ff98c7b0000 - 0x00007ff98c7c6000 	C:\Users\Константин\.jdks\corretto-17.0.10\bin\nio.dll
0x00007ff98c770000 - 0x00007ff98c78a000 	C:\Program Files\JetBrains\IntelliJ IDEA 2024.1.6\bin\breakgen64.dll
0x00007ff993410000 - 0x00007ff993419000 	C:\Users\Константин\.jdks\corretto-17.0.10\bin\extnet.dll
0x00007ff99ac90000 - 0x00007ff99ad5b000 	C:\Windows\SYSTEM32\DNSAPI.dll
0x00007ff99ac50000 - 0x00007ff99ac8b000 	C:\Windows\SYSTEM32\IPHLPAPI.DLL
0x00007ff99d170000 - 0x00007ff99d178000 	C:\Windows\System32\NSI.dll
0x0000000069d20000 - 0x0000000069d46000 	C:\Program Files\Bonjour\mdnsNSP.dll
0x00007ff9933f0000 - 0x00007ff9933fa000 	C:\Windows\System32\rasadhlp.dll
0x00007ff993740000 - 0x00007ff9937c0000 	C:\Windows\System32\fwpuclnt.dll
0x00007ff99bb10000 - 0x00007ff99bb37000 	C:\Windows\System32\bcrypt.dll
0x00007ff994160000 - 0x00007ff994169000 	C:\Users\Константин\.jdks\corretto-17.0.10\bin\management.dll
0x00007ff994020000 - 0x00007ff99402b000 	C:\Users\Константин\.jdks\corretto-17.0.10\bin\management_ext.dll
0x00007ff99ce80000 - 0x00007ff99ce88000 	C:\Windows\System32\PSAPI.DLL
0x00007ff99b220000 - 0x00007ff99b238000 	C:\Windows\SYSTEM32\CRYPTSP.dll
0x00007ff99b130000 - 0x00007ff99b147000 	C:\Program Files\Common Files\Crypto Pro\AppCompat\cpadvai.dll
0x00007ff99a8c0000 - 0x00007ff99a8f4000 	C:\Windows\system32\rsaenh.dll
0x00007ff99b750000 - 0x00007ff99b77e000 	C:\Windows\SYSTEM32\USERENV.dll
0x00007ff99b150000 - 0x00007ff99b15c000 	C:\Windows\SYSTEM32\CRYPTBASE.dll
0x00007ff993480000 - 0x00007ff993497000 	C:\Windows\SYSTEM32\dhcpcsvc6.DLL
0x00007ff9933d0000 - 0x00007ff9933ed000 	C:\Windows\SYSTEM32\dhcpcsvc.DLL
0x00007ff97d350000 - 0x00007ff97d367000 	C:\Windows\system32\napinsp.dll
0x00007ff97ce80000 - 0x00007ff97ce9b000 	C:\Windows\system32\pnrpnsp.dll
0x00007ff996420000 - 0x00007ff996435000 	C:\Windows\system32\wshbth.dll
0x00007ff997de0000 - 0x00007ff997dfd000 	C:\Windows\system32\NLAapi.dll
0x00007ff97ce60000 - 0x00007ff97ce72000 	C:\Windows\System32\winrnr.dll
0x00007ff9932a0000 - 0x00007ff9932ae000 	C:\Users\Константин\.jdks\corretto-17.0.10\bin\sunmscapi.dll
0x00007ff99c070000 - 0x00007ff99c1c6000 	C:\Windows\System32\CRYPT32.dll
0x00007ff99b330000 - 0x00007ff99b357000 	C:\Windows\SYSTEM32\ncrypt.dll
0x00007ff99b360000 - 0x00007ff99b381000 	C:\Program Files\Common Files\Crypto Pro\AppCompat\cpcrypt.dll
0x00007ff99b2f0000 - 0x00007ff99b32b000 	C:\Windows\SYSTEM32\NTASN1.dll
0x00007ff98f100000 - 0x00007ff98f110000 	C:\Users\Константин\.jdks\corretto-17.0.10\bin\verify.dll
0x00007ff9947d0000 - 0x00007ff9947d7000 	C:\Windows\system32\wshunix.dll

dbghelp: loaded successfully - version: 4.0.5 - missing functions: none
symbol engine: initialized successfully - sym options: 0x614 - pdb path: .;C:\Users\Константин\.jdks\corretto-17.0.10\bin;C:\Windows\SYSTEM32;C:\Windows\WinSxS\amd64_microsoft.windows.common-controls_6595b64144ccf1df_6.0.19041.1110_none_60b5254171f9507e;C:\Users\Константин\.jdks\corretto-17.0.10\bin\server;C:\Program Files\JetBrains\IntelliJ IDEA 2024.1.6\bin;C:\Program Files\Bonjour;C:\Program Files\Common Files\Crypto Pro\AppCompat

VM Arguments:
jvm_args: -XX:TieredStopAtLevel=1 -Dspring.output.ansi.enabled=always -Dcom.sun.management.jmxremote -Dspring.jmx.enabled=true -Dspring.liveBeansView.mbeanDomain -Dspring.application.admin.enabled=true -Dmanagement.endpoints.jmx.exposure.include=* -javaagent:C:\Program Files\JetBrains\IntelliJ IDEA 2024.1.6\lib\idea_rt.jar=65031:C:\Program Files\JetBrains\IntelliJ IDEA 2024.1.6\bin -Dfile.encoding=UTF-8 
java_command: ru.t1.java.demo.T1JavaDemoApplication
java_class_path (initial): C:\Users\Константин\dev\test\t1_java_\target\classes;C:\Users\Константин\.m2\repository\org\springframework\boot\spring-boot-starter-actuator\3.3.3\spring-boot-starter-actuator-3.3.3.jar;C:\Users\Константин\.m2\repository\org\springframework\boot\spring-boot-starter\3.3.3\spring-boot-starter-3.3.3.jar;C:\Users\Константин\.m2\repository\org\springframework\boot\spring-boot-starter-logging\3.3.3\spring-boot-starter-logging-3.3.3.jar;C:\Users\Константин\.m2\repository\org\apache\logging\log4j\log4j-to-slf4j\2.23.1\log4j-to-slf4j-2.23.1.jar;C:\Users\Константин\.m2\repository\org\apache\logging\log4j\log4j-api\2.23.1\log4j-api-2.23.1.jar;C:\Users\Константин\.m2\repository\org\slf4j\jul-to-slf4j\2.0.16\jul-to-slf4j-2.0.16.jar;C:\Users\Константин\.m2\repository\jakarta\annotation\jakarta.annotation-api\2.1.1\jakarta.annotation-api-2.1.1.jar;C:\Users\Константин\.m2\repository\org\springframework\boot\spring-boot-actuator-autoconfigure\3.3.3\spring-boot-actuator-autoconfigure-3.3.3.jar;C:\Users\Константин\.m2\repository\org\springframework\boot\spring-boot-actuator\3.3.3\spring-boot-actuator-3.3.3.jar;C:\Users\Константин\.m2\repository\com\fasterxml\jackson\datatype\jackson-datatype-jsr310\2.17.2\jackson-datatype-jsr310-2.17.2.jar;C:\Users\Константин\.m2\repository\io\micrometer\micrometer-observation\1.13.3\micrometer-observation-1.13.3.jar;C:\Users\Константин\.m2\repository\io\micrometer\micrometer-commons\1.13.3\micrometer-commons-1.13.3.jar;C:\Users\Константин\.m2\repository\io\micrometer\micrometer-jakarta9\1.13.3\micrometer-jakarta9-1.13.3.jar;C:\Users\Константин\.m2\repository\io\micrometer\micrometer-core\1.13.3\micrometer-core-1.13.3.jar;C:\Users\Константин\.m2\repository\org\hdrhistogram\HdrHistogram\2.2.2\HdrHistogram-2.2.2.jar;C:\Users\Константин\.m2\repository\org\latencyutils\LatencyUtils\2.0.3\LatencyUtils-2.0.3.jar;C:\Users\Константин\.m2\repository\org\springframework\boot\spring-boot-starter-batch\3.3.3\spring-boot-starter-batch
Launcher Type: SUN_STANDARD

[Global flags]
     intx CICompilerCount                          = 12                                        {product} {ergonomic}
     uint ConcGCThreads                            = 3                                         {product} {ergonomic}
     uint G1ConcRefinementThreads                  = 13                                        {product} {ergonomic}
   size_t G1HeapRegionSize                         = 2097152                                   {product} {ergonomic}
    uintx GCDrainStackTargetSize                   = 64                                        {product} {ergonomic}
   size_t InitialHeapSize                          = 266338304                                 {product} {ergonomic}
     bool ManagementServer                         = true                                      {product} {command line}
   size_t MarkStackSize                            = 4194304                                   {product} {ergonomic}
   size_t MaxHeapSize                              = 4257218560                                {product} {ergonomic}
   size_t MaxNewSize                               = 2554331136                                {product} {ergonomic}
   size_t MinHeapDeltaBytes                        = 2097152                                   {product} {ergonomic}
   size_t MinHeapSize                              = 8388608                                   {product} {ergonomic}
    uintx NonProfiledCodeHeapSize                  = 0                                      {pd product} {ergonomic}
     bool ProfileInterpreter                       = false                                  {pd product} {command line}
    uintx ProfiledCodeHeapSize                     = 0                                      {pd product} {ergonomic}
   size_t SoftMaxHeapSize                          = 4257218560                             {manageable} {ergonomic}
     intx TieredStopAtLevel                        = 1                                         {product} {command line}
     bool UseCompressedClassPointers               = true                           {product lp64_product} {ergonomic}
     bool UseCompressedOops                        = true                           {product lp64_product} {ergonomic}
     bool UseG1GC                                  = true                                      {product} {ergonomic}
     bool UseLargePagesIndividualAllocation        = false                                  {pd product} {ergonomic}

Logging:
Log output configuration:
 #0: stdout all=warning uptime,level,tags
 #1: stderr all=off uptime,level,tags

Environment Variables:
JAVA_HOME=C:\Program Files\Amazon Corretto\jdk11.0.14_9
PATH=C:\Program Files\Amazon Corretto\jdk11.0.14_9\bin;C:\Program Files\Microsoft MPI\Bin\;C:\Program Files (x86)\Common Files\Oracle\Java\javapath;C:\Windows\system32;C:\Windows;C:\Windows\System32\Wbem;C:\Windows\System32\WindowsPowerShell\v1.0\;c:\Program Files (x86)\Microsoft SQL Server\90\Tools\binn\;C:\Program Files\Microsoft SQL Server\90\DTS\Binn\;C:\Program Files (x86)\Microsoft SQL Server\90\DTS\Binn\;C:\Program Files (x86)\BMC Software\BMC AppSight\AppSight for Windows\Bin;C:\Program Files\PuTTY\;C:\Program Files\Git\cmd;C:\Program Files\apache-maven-3.8.4\bin;C:\Program Files (x86)\NVIDIA Corporation\PhysX\Common;C:\Program Files\Docker\Docker\resources\bin;C:\Program Files\Microsoft VS Code\bin;C:\Program Files\nodejs\;C:\ProgramData\chocolatey\bin;C:\kafka_2.13-3.8.0\bin\windows;C:\Users\Константин\AppData\Local\Microsoft\WindowsApps;C:\msys64\ucrt64\bin;C:\Users\Константин\AppData\Roaming\npm;C:\Program Files\nodejs\;C:\Program Files (x86)\GnuWin32\bin;
USERNAME=Константин
OS=Windows_NT
PROCESSOR_IDENTIFIER=Intel64 Family 6 Model 141 Stepping 1, GenuineIntel
TMP=C:\Temp
TEMP=C:\Temp



Periodic native trim disabled


---------------  S Y S T E M  ---------------

OS:
 Windows 10 , 64 bit Build 19041 (10.0.19041.1741)
OS uptime: 0 days 8:03 hours
Hyper-V role detected

CPU: total 16 (initial active 16) (8 cores per cpu, 2 threads per core) family 6 model 141 stepping 1 microcode 0x3c, cx8, cmov, fxsr, ht, mmx, 3dnowpref, sse, sse2, sse3, ssse3, sse4.1, sse4.2, popcnt, lzcnt, tsc, tscinvbit, avx, avx2, aes, erms, clmul, bmi1, bmi2, adx, avx512f, avx512dq, avx512cd, avx512bw, avx512vl, sha, fma, vzeroupper, avx512_vpopcntdq, avx512_vpclmulqdq, avx512_vaes, avx512_vnni, clflush, clflushopt, clwb, avx512_vbmi2, avx512_vbmi, hv
Processor Information for all 16 processors :
  Max Mhz: 2304, Current Mhz: 2304, Mhz Limit: 2304

Memory: 4k page, system-wide physical 16235M (2107M free)
TotalPageFile size 16235M (AvailPageFile size 5M)
current process WorkingSet (physical memory assigned to process): 310M, peak: 310M
current process commit charge ("private bytes"): 365M, peak: 392M

vm_info: OpenJDK 64-Bit Server VM (17.0.10+7-LTS) for windows-amd64 JRE (17.0.10+7-LTS), built on Jan 10 2024 22:11:07 by "Administrator" with MS VC++ 16.10 / 16.11 (VS2019)

END.
